sql [2021-11-05 08:47:58] [DEBUG]: Executing (default): CREATE TABLE IF NOT EXISTS `Admins` (`id` INTEGER NOT NULL auto_increment , `name` VARCHAR(255) NOT NULL, `account` VARCHAR(255) NOT NULL, `password` VARCHAR(255) NOT NULL, `income` DECIMAL(10,2), `corpus` DECIMAL(10,2), `createdAt` DATETIME NOT NULL, `updatedAt` DATETIME NOT NULL, `deletedAt` DATETIME, PRIMARY KEY (`id`)) ENGINE=InnoDB;

sql [2021-11-05 08:47:58] [DEBUG]: Executing (default): SHOW INDEX FROM `Admins`

sql [2021-11-05 08:47:58] [DEBUG]: Executing (default): CREATE TABLE IF NOT EXISTS `User_Is` (`id` INTEGER NOT NULL auto_increment , `name` TEXT NOT NULL, `account` VARCHAR(255) NOT NULL, `password` VARCHAR(255) NOT NULL, `job` TEXT, `limit` TINYINT(1) NOT NULL, `isFreezed` TINYINT(1) NOT NULL, `cage` VARCHAR(255) NOT NULL, `ident` INTEGER NOT NULL, `loan` DECIMAL(10,2), `interest` DECIMAL(10,2), `company` TEXT, `cause` TEXT, `createdAt` DATETIME NOT NULL, `updatedAt` DATETIME NOT NULL, `AdminId` INTEGER, PRIMARY KEY (`id`), FOREIGN KEY (`AdminId`) REFERENCES `Admins` (`id`) ON DELETE SET NULL ON UPDATE CASCADE) ENGINE=InnoDB;

sql [2021-11-05 08:47:58] [DEBUG]: Executing (default): SHOW INDEX FROM `User_Is`

sql [2021-11-05 08:47:58] [DEBUG]: Executing (default): CREATE TABLE IF NOT EXISTS `User_IIs` (`id` INTEGER NOT NULL auto_increment , `name` TEXT NOT NULL, `account` VARCHAR(255) NOT NULL, `password` VARCHAR(255) NOT NULL, `job` TEXT, `isFreezed` TINYINT(1) NOT NULL, `cage` VARCHAR(255) NOT NULL, `deposit` DECIMAL(10,2), `createdAt` DATETIME NOT NULL, `updatedAt` DATETIME NOT NULL, `AdminId` INTEGER, PRIMARY KEY (`id`), FOREIGN KEY (`AdminId`) REFERENCES `Admins` (`id`) ON DELETE SET NULL ON UPDATE CASCADE) ENGINE=InnoDB;

sql [2021-11-05 08:47:58] [DEBUG]: Executing (default): SHOW INDEX FROM `User_IIs`

sql [2021-11-05 08:47:58] [DEBUG]: Executing (default): CREATE TABLE IF NOT EXISTS `Vates` (`id` INTEGER NOT NULL auto_increment , `A` DECIMAL(10,2) NOT NULL, `B` DECIMAL(10,2) NOT NULL, `C` DECIMAL(10,2) NOT NULL, `A_1` DECIMAL(10,2) NOT NULL, `A_3` DECIMAL(10,2) NOT NULL, `B_1` DECIMAL(10,2) NOT NULL, `B_3` DECIMAL(10,2) NOT NULL, `L_s` DECIMAL(10,2) NOT NULL, `L_m` DECIMAL(10,2) NOT NULL, `L_l` DECIMAL(10,2) NOT NULL, `createdAt` DATETIME NOT NULL, `updatedAt` DATETIME NOT NULL, PRIMARY KEY (`id`)) ENGINE=InnoDB;

sql [2021-11-05 08:47:58] [DEBUG]: Executing (default): SHOW INDEX FROM `Vates`

sql [2021-11-05 08:49:47] [DEBUG]: Executing (default): CREATE TABLE IF NOT EXISTS `Admins` (`id` INTEGER NOT NULL auto_increment , `name` VARCHAR(255) NOT NULL, `loginId` VARCHAR(255) NOT NULL, `loginPwd` VARCHAR(255) NOT NULL, `income` DECIMAL(10,2), `corpus` DECIMAL(10,2), `createdAt` DATETIME NOT NULL, `updatedAt` DATETIME NOT NULL, `deletedAt` DATETIME, PRIMARY KEY (`id`)) ENGINE=InnoDB;

sql [2021-11-05 08:49:47] [DEBUG]: Executing (default): SHOW INDEX FROM `Admins`

sql [2021-11-05 08:49:47] [DEBUG]: Executing (default): CREATE TABLE IF NOT EXISTS `User_Is` (`id` INTEGER NOT NULL auto_increment , `name` TEXT NOT NULL, `account` VARCHAR(255) NOT NULL, `password` VARCHAR(255) NOT NULL, `job` TEXT, `limit` TINYINT(1) NOT NULL, `isFreezed` TINYINT(1) NOT NULL, `cage` VARCHAR(255) NOT NULL, `ident` INTEGER NOT NULL, `loan` DECIMAL(10,2), `interest` DECIMAL(10,2), `company` TEXT, `cause` TEXT, `createdAt` DATETIME NOT NULL, `updatedAt` DATETIME NOT NULL, `AdminId` INTEGER, PRIMARY KEY (`id`), FOREIGN KEY (`AdminId`) REFERENCES `Admins` (`id`) ON DELETE SET NULL ON UPDATE CASCADE) ENGINE=InnoDB;

sql [2021-11-05 08:49:47] [DEBUG]: Executing (default): SHOW INDEX FROM `User_Is`

sql [2021-11-05 08:49:47] [DEBUG]: Executing (default): CREATE TABLE IF NOT EXISTS `User_IIs` (`id` INTEGER NOT NULL auto_increment , `name` TEXT NOT NULL, `account` VARCHAR(255) NOT NULL, `password` VARCHAR(255) NOT NULL, `job` TEXT, `isFreezed` TINYINT(1) NOT NULL, `cage` VARCHAR(255) NOT NULL, `deposit` DECIMAL(10,2), `createdAt` DATETIME NOT NULL, `updatedAt` DATETIME NOT NULL, `AdminId` INTEGER, PRIMARY KEY (`id`), FOREIGN KEY (`AdminId`) REFERENCES `Admins` (`id`) ON DELETE SET NULL ON UPDATE CASCADE) ENGINE=InnoDB;

sql [2021-11-05 08:49:47] [DEBUG]: Executing (default): SHOW INDEX FROM `User_IIs`

sql [2021-11-05 08:49:47] [DEBUG]: Executing (default): CREATE TABLE IF NOT EXISTS `Vates` (`id` INTEGER NOT NULL auto_increment , `A` DECIMAL(10,2) NOT NULL, `B` DECIMAL(10,2) NOT NULL, `C` DECIMAL(10,2) NOT NULL, `A_1` DECIMAL(10,2) NOT NULL, `A_3` DECIMAL(10,2) NOT NULL, `B_1` DECIMAL(10,2) NOT NULL, `B_3` DECIMAL(10,2) NOT NULL, `L_s` DECIMAL(10,2) NOT NULL, `L_m` DECIMAL(10,2) NOT NULL, `L_l` DECIMAL(10,2) NOT NULL, `createdAt` DATETIME NOT NULL, `updatedAt` DATETIME NOT NULL, PRIMARY KEY (`id`)) ENGINE=InnoDB;

sql [2021-11-05 08:49:47] [DEBUG]: Executing (default): SHOW INDEX FROM `Vates`

sql [2021-11-05 08:52:19] [DEBUG]: Executing (default): CREATE TABLE IF NOT EXISTS `Admins` (`id` INTEGER NOT NULL auto_increment , `name` VARCHAR(255) NOT NULL, `loginId` VARCHAR(255) NOT NULL, `loginPwd` VARCHAR(255) NOT NULL, `income` DECIMAL(10,2), `corpus` DECIMAL(10,2), `createdAt` DATETIME NOT NULL, `updatedAt` DATETIME NOT NULL, `deletedAt` DATETIME, PRIMARY KEY (`id`)) ENGINE=InnoDB;

sql [2021-11-05 08:52:19] [DEBUG]: Executing (default): SHOW INDEX FROM `Admins`

sql [2021-11-05 08:52:19] [DEBUG]: Executing (default): CREATE TABLE IF NOT EXISTS `User_Is` (`id` INTEGER NOT NULL auto_increment , `name` TEXT NOT NULL, `account` VARCHAR(255) NOT NULL, `password` VARCHAR(255) NOT NULL, `job` TEXT, `limit` TINYINT(1) NOT NULL, `isFreezed` TINYINT(1) NOT NULL, `cage` VARCHAR(255) NOT NULL, `ident` INTEGER NOT NULL, `loan` DECIMAL(10,2), `interest` DECIMAL(10,2), `company` TEXT, `cause` TEXT, `createdAt` DATETIME NOT NULL, `updatedAt` DATETIME NOT NULL, `AdminId` INTEGER, PRIMARY KEY (`id`), FOREIGN KEY (`AdminId`) REFERENCES `Admins` (`id`) ON DELETE SET NULL ON UPDATE CASCADE) ENGINE=InnoDB;

sql [2021-11-05 08:52:19] [DEBUG]: Executing (default): SHOW INDEX FROM `User_Is`

sql [2021-11-05 08:52:19] [DEBUG]: Executing (default): CREATE TABLE IF NOT EXISTS `User_IIs` (`id` INTEGER NOT NULL auto_increment , `name` TEXT NOT NULL, `account` VARCHAR(255) NOT NULL, `password` VARCHAR(255) NOT NULL, `job` TEXT, `isFreezed` TINYINT(1) NOT NULL, `cage` VARCHAR(255) NOT NULL, `deposit` DECIMAL(10,2), `createdAt` DATETIME NOT NULL, `updatedAt` DATETIME NOT NULL, `AdminId` INTEGER, PRIMARY KEY (`id`), FOREIGN KEY (`AdminId`) REFERENCES `Admins` (`id`) ON DELETE SET NULL ON UPDATE CASCADE) ENGINE=InnoDB;

sql [2021-11-05 08:52:19] [DEBUG]: Executing (default): SHOW INDEX FROM `User_IIs`

sql [2021-11-05 08:52:19] [DEBUG]: Executing (default): CREATE TABLE IF NOT EXISTS `Vates` (`id` INTEGER NOT NULL auto_increment , `A` DECIMAL(10,2) NOT NULL, `B` DECIMAL(10,2) NOT NULL, `C` DECIMAL(10,2) NOT NULL, `A_1` DECIMAL(10,2) NOT NULL, `A_3` DECIMAL(10,2) NOT NULL, `B_1` DECIMAL(10,2) NOT NULL, `B_3` DECIMAL(10,2) NOT NULL, `L_s` DECIMAL(10,2) NOT NULL, `L_m` DECIMAL(10,2) NOT NULL, `L_l` DECIMAL(10,2) NOT NULL, `createdAt` DATETIME NOT NULL, `updatedAt` DATETIME NOT NULL, PRIMARY KEY (`id`)) ENGINE=InnoDB;

sql [2021-11-05 08:52:19] [DEBUG]: Executing (default): SHOW INDEX FROM `Vates`

sql [2021-11-05 08:58:05] [DEBUG]: Executing (default): CREATE TABLE IF NOT EXISTS `Admins` (`id` INTEGER NOT NULL auto_increment , `name` VARCHAR(255) NOT NULL, `account` VARCHAR(255) NOT NULL, `password` VARCHAR(255) NOT NULL, `income` DECIMAL(10,2), `corpus` DECIMAL(10,2), `createdAt` DATETIME NOT NULL, `updatedAt` DATETIME NOT NULL, `deletedAt` DATETIME, PRIMARY KEY (`id`)) ENGINE=InnoDB;

sql [2021-11-05 08:58:05] [DEBUG]: Executing (default): SHOW INDEX FROM `Admins`

sql [2021-11-05 08:58:05] [DEBUG]: Executing (default): CREATE TABLE IF NOT EXISTS `User_Is` (`id` INTEGER NOT NULL auto_increment , `name` TEXT NOT NULL, `account` VARCHAR(255) NOT NULL, `password` VARCHAR(255) NOT NULL, `job` TEXT, `limit` TINYINT(1) NOT NULL, `isFreezed` TINYINT(1) NOT NULL, `cage` VARCHAR(255) NOT NULL, `ident` INTEGER NOT NULL, `loan` DECIMAL(10,2), `interest` DECIMAL(10,2), `company` TEXT, `cause` TEXT, `createdAt` DATETIME NOT NULL, `updatedAt` DATETIME NOT NULL, `AdminId` INTEGER, PRIMARY KEY (`id`), FOREIGN KEY (`AdminId`) REFERENCES `Admins` (`id`) ON DELETE SET NULL ON UPDATE CASCADE) ENGINE=InnoDB;

sql [2021-11-05 08:58:05] [DEBUG]: Executing (default): SHOW INDEX FROM `User_Is`

sql [2021-11-05 08:58:05] [DEBUG]: Executing (default): CREATE TABLE IF NOT EXISTS `User_IIs` (`id` INTEGER NOT NULL auto_increment , `name` TEXT NOT NULL, `account` VARCHAR(255) NOT NULL, `password` VARCHAR(255) NOT NULL, `job` TEXT, `isFreezed` TINYINT(1) NOT NULL, `cage` VARCHAR(255) NOT NULL, `deposit` DECIMAL(10,2), `createdAt` DATETIME NOT NULL, `updatedAt` DATETIME NOT NULL, `AdminId` INTEGER, PRIMARY KEY (`id`), FOREIGN KEY (`AdminId`) REFERENCES `Admins` (`id`) ON DELETE SET NULL ON UPDATE CASCADE) ENGINE=InnoDB;

sql [2021-11-05 08:58:05] [DEBUG]: Executing (default): SHOW INDEX FROM `User_IIs`

sql [2021-11-05 08:58:05] [DEBUG]: Executing (default): CREATE TABLE IF NOT EXISTS `Vates` (`id` INTEGER NOT NULL auto_increment , `A` DECIMAL(10,2) NOT NULL, `B` DECIMAL(10,2) NOT NULL, `C` DECIMAL(10,2) NOT NULL, `A_1` DECIMAL(10,2) NOT NULL, `A_3` DECIMAL(10,2) NOT NULL, `B_1` DECIMAL(10,2) NOT NULL, `B_3` DECIMAL(10,2) NOT NULL, `L_s` DECIMAL(10,2) NOT NULL, `L_m` DECIMAL(10,2) NOT NULL, `L_l` DECIMAL(10,2) NOT NULL, `createdAt` DATETIME NOT NULL, `updatedAt` DATETIME NOT NULL, PRIMARY KEY (`id`)) ENGINE=InnoDB;

sql [2021-11-05 08:58:05] [DEBUG]: Executing (default): SHOW INDEX FROM `Vates`

sql [2021-11-05 08:58:30] [DEBUG]: Executing (default): CREATE TABLE IF NOT EXISTS `Admins` (`id` INTEGER NOT NULL auto_increment , `name` VARCHAR(255) NOT NULL, `account` VARCHAR(255) NOT NULL, `password` VARCHAR(255) NOT NULL, `income` DECIMAL(10,2), `corpus` DECIMAL(10,2), `createdAt` DATETIME NOT NULL, `updatedAt` DATETIME NOT NULL, `deletedAt` DATETIME, PRIMARY KEY (`id`)) ENGINE=InnoDB;

sql [2021-11-05 08:58:30] [DEBUG]: Executing (default): SHOW INDEX FROM `Admins`

sql [2021-11-05 08:58:30] [DEBUG]: Executing (default): CREATE TABLE IF NOT EXISTS `User_Is` (`id` INTEGER NOT NULL auto_increment , `name` TEXT NOT NULL, `account` VARCHAR(255) NOT NULL, `password` VARCHAR(255) NOT NULL, `job` TEXT, `limit` TINYINT(1) NOT NULL, `isFreezed` TINYINT(1) NOT NULL, `cage` VARCHAR(255) NOT NULL, `ident` INTEGER NOT NULL, `loan` DECIMAL(10,2), `interest` DECIMAL(10,2), `company` TEXT, `cause` TEXT, `createdAt` DATETIME NOT NULL, `updatedAt` DATETIME NOT NULL, `AdminId` INTEGER, PRIMARY KEY (`id`), FOREIGN KEY (`AdminId`) REFERENCES `Admins` (`id`) ON DELETE SET NULL ON UPDATE CASCADE) ENGINE=InnoDB;

sql [2021-11-05 08:58:30] [DEBUG]: Executing (default): SHOW INDEX FROM `User_Is`

sql [2021-11-05 08:58:30] [DEBUG]: Executing (default): CREATE TABLE IF NOT EXISTS `User_IIs` (`id` INTEGER NOT NULL auto_increment , `name` TEXT NOT NULL, `account` VARCHAR(255) NOT NULL, `password` VARCHAR(255) NOT NULL, `job` TEXT, `isFreezed` TINYINT(1) NOT NULL, `cage` VARCHAR(255) NOT NULL, `deposit` DECIMAL(10,2), `createdAt` DATETIME NOT NULL, `updatedAt` DATETIME NOT NULL, `AdminId` INTEGER, PRIMARY KEY (`id`), FOREIGN KEY (`AdminId`) REFERENCES `Admins` (`id`) ON DELETE SET NULL ON UPDATE CASCADE) ENGINE=InnoDB;

sql [2021-11-05 08:58:30] [DEBUG]: Executing (default): SHOW INDEX FROM `User_IIs`

sql [2021-11-05 08:58:30] [DEBUG]: Executing (default): CREATE TABLE IF NOT EXISTS `Vates` (`id` INTEGER NOT NULL auto_increment , `A` DECIMAL(10,2) NOT NULL, `B` DECIMAL(10,2) NOT NULL, `C` DECIMAL(10,2) NOT NULL, `A_1` DECIMAL(10,2) NOT NULL, `A_3` DECIMAL(10,2) NOT NULL, `B_1` DECIMAL(10,2) NOT NULL, `B_3` DECIMAL(10,2) NOT NULL, `L_s` DECIMAL(10,2) NOT NULL, `L_m` DECIMAL(10,2) NOT NULL, `L_l` DECIMAL(10,2) NOT NULL, `createdAt` DATETIME NOT NULL, `updatedAt` DATETIME NOT NULL, PRIMARY KEY (`id`)) ENGINE=InnoDB;

sql [2021-11-05 08:58:30] [DEBUG]: Executing (default): SHOW INDEX FROM `Vates`

sql [2021-11-05 09:37:51] [DEBUG]: Executing (default): SELECT `id`, `name`, `account`, `password`, `income`, `corpus`, `createdAt`, `updatedAt`, `deletedAt` FROM `Admins` AS `Admin` WHERE (`Admin`.`deletedAt` IS NULL AND `Admin`.`account` = 'admin') LIMIT 1;

sql [2021-11-05 09:38:48] [DEBUG]: Executing (default): SELECT `id`, `name`, `account`, `password`, `income`, `corpus`, `createdAt`, `updatedAt`, `deletedAt` FROM `Admins` AS `Admin` WHERE (`Admin`.`deletedAt` IS NULL AND `Admin`.`account` = 'admin') LIMIT 1;

sql [2021-11-05 09:39:23] [DEBUG]: Executing (default): SELECT `id`, `name`, `account`, `password`, `income`, `corpus`, `createdAt`, `updatedAt`, `deletedAt` FROM `Admins` AS `Admin` WHERE (`Admin`.`deletedAt` IS NULL AND `Admin`.`account` = 'admin') LIMIT 1;

sql [2021-11-05 09:39:52] [DEBUG]: Executing (default): SELECT `id`, `name`, `account`, `password`, `income`, `corpus`, `createdAt`, `updatedAt`, `deletedAt` FROM `Admins` AS `Admin` WHERE (`Admin`.`deletedAt` IS NULL AND `Admin`.`account` = 'admin') LIMIT 1;

sql [2021-11-05 09:39:52] [DEBUG]: Executing (default): INSERT INTO `Admins` (`id`,`name`,`account`,`password`,`createdAt`,`updatedAt`) VALUES (DEFAULT,?,?,?,?,?);

sql [2021-11-05 09:50:20] [DEBUG]: Executing (default): SELECT `id`, `name`, `account`, `password`, `income`, `corpus`, `createdAt`, `updatedAt`, `deletedAt` FROM `Admins` AS `Admin` WHERE (`Admin`.`deletedAt` IS NULL AND `Admin`.`account` = 'admin') LIMIT 1;

sql [2021-11-05 09:50:20] [DEBUG]: Executing (default): INSERT INTO `Admins` (`id`,`name`,`account`,`password`,`createdAt`,`updatedAt`) VALUES (DEFAULT,?,?,?,?,?);

sql [2021-11-05 09:51:16] [DEBUG]: Executing (default): SELECT `id`, `name`, `account`, `password`, `income`, `corpus`, `createdAt`, `updatedAt`, `deletedAt` FROM `Admins` AS `Admin` WHERE (`Admin`.`deletedAt` IS NULL AND `Admin`.`account` = 'admin') LIMIT 1;

sql [2021-11-05 09:51:54] [DEBUG]: Executing (default): SELECT `id`, `name`, `account`, `password`, `income`, `corpus`, `createdAt`, `updatedAt`, `deletedAt` FROM `Admins` AS `Admin` WHERE (`Admin`.`deletedAt` IS NULL AND `Admin`.`account` = 'admin') LIMIT 1;

sql [2021-11-05 09:56:28] [DEBUG]: Executing (default): SELECT `id`, `name`, `account`, `password`, `income`, `corpus`, `createdAt`, `updatedAt`, `deletedAt` FROM `Admins` AS `Admin` WHERE (`Admin`.`deletedAt` IS NULL AND (`Admin`.`account` = 'admin' AND `Admin`.`password` = 123123)) LIMIT 1;

sql [2021-11-05 09:56:48] [DEBUG]: Executing (default): SELECT `id`, `name`, `account`, `password`, `income`, `corpus`, `createdAt`, `updatedAt`, `deletedAt` FROM `Admins` AS `Admin` WHERE (`Admin`.`deletedAt` IS NULL AND (`Admin`.`account` = 'admin' AND `Admin`.`password` = 123123)) LIMIT 1;

sql [2021-11-05 09:57:05] [DEBUG]: Executing (default): SELECT `id`, `name`, `account`, `password`, `income`, `corpus`, `createdAt`, `updatedAt`, `deletedAt` FROM `Admins` AS `Admin` WHERE (`Admin`.`deletedAt` IS NULL AND (`Admin`.`account` = 'admin' AND `Admin`.`password` = 123123)) LIMIT 1;

sql [2021-11-05 09:59:23] [DEBUG]: Executing (default): SELECT `id`, `name`, `account`, `password`, `income`, `corpus`, `createdAt`, `updatedAt`, `deletedAt` FROM `Admins` AS `Admin` WHERE (`Admin`.`deletedAt` IS NULL AND (`Admin`.`account` = 'admin' AND `Admin`.`password` = 123123)) LIMIT 1;

sql [2021-11-05 10:00:21] [DEBUG]: Executing (default): SELECT `id`, `name`, `account`, `password`, `income`, `corpus`, `createdAt`, `updatedAt`, `deletedAt` FROM `Admins` AS `Admin` WHERE (`Admin`.`deletedAt` IS NULL AND (`Admin`.`account` = 'admin' AND `Admin`.`password` = 123123)) LIMIT 1;

sql [2021-11-05 10:01:09] [DEBUG]: Executing (default): SELECT `id`, `name`, `account`, `password`, `income`, `corpus`, `createdAt`, `updatedAt`, `deletedAt` FROM `Admins` AS `Admin` WHERE (`Admin`.`deletedAt` IS NULL AND (`Admin`.`account` = 'admin' AND `Admin`.`password` = 123123)) LIMIT 1;

sql [2021-11-05 10:01:51] [DEBUG]: Executing (default): SELECT `id`, `name`, `account`, `password`, `income`, `corpus`, `createdAt`, `updatedAt`, `deletedAt` FROM `Admins` AS `Admin` WHERE (`Admin`.`deletedAt` IS NULL AND (`Admin`.`account` = 'admin' AND `Admin`.`password` = 123123)) LIMIT 1;

sql [2021-11-05 10:02:00] [DEBUG]: Executing (default): SELECT `id`, `name`, `account`, `password`, `income`, `corpus`, `createdAt`, `updatedAt`, `deletedAt` FROM `Admins` AS `Admin` WHERE (`Admin`.`deletedAt` IS NULL AND (`Admin`.`account` = 'admin' AND `Admin`.`password` = 123123)) LIMIT 1;

sql [2021-11-05 10:03:04] [DEBUG]: Executing (default): SELECT `id`, `name`, `account`, `password`, `income`, `corpus`, `createdAt`, `updatedAt`, `deletedAt` FROM `Admins` AS `Admin` WHERE (`Admin`.`deletedAt` IS NULL AND (`Admin`.`account` = 'admin' AND `Admin`.`password` = 123123)) LIMIT 1;

sql [2021-11-05 10:03:18] [DEBUG]: Executing (default): SELECT `id`, `name`, `account`, `password`, `income`, `corpus`, `createdAt`, `updatedAt`, `deletedAt` FROM `Admins` AS `Admin` WHERE (`Admin`.`deletedAt` IS NULL AND (`Admin`.`account` = 'admin' AND `Admin`.`password` = 123123)) LIMIT 1;

sql [2021-11-05 10:03:52] [DEBUG]: Executing (default): SELECT `id`, `name`, `account`, `password`, `income`, `corpus`, `createdAt`, `updatedAt`, `deletedAt` FROM `Admins` AS `Admin` WHERE (`Admin`.`deletedAt` IS NULL AND (`Admin`.`account` = 'admin' AND `Admin`.`password` = 123123)) LIMIT 1;

sql [2021-11-05 10:04:27] [DEBUG]: Executing (default): SELECT `id`, `name`, `account`, `password`, `income`, `corpus`, `createdAt`, `updatedAt`, `deletedAt` FROM `Admins` AS `Admin` WHERE (`Admin`.`deletedAt` IS NULL AND (`Admin`.`account` = 'admin' AND `Admin`.`password` = 123123)) LIMIT 1;

sql [2021-11-05 10:07:07] [DEBUG]: Executing (default): SELECT `id`, `name`, `account`, `password`, `income`, `corpus`, `createdAt`, `updatedAt`, `deletedAt` FROM `Admins` AS `Admin` WHERE (`Admin`.`deletedAt` IS NULL AND `Admin`.`account` = 'admin') LIMIT 1;

sql [2021-11-05 10:07:07] [DEBUG]: Executing (default): SELECT `id`, `name`, `account`, `password`, `income`, `corpus`, `createdAt`, `updatedAt`, `deletedAt` FROM `Admins` AS `Admin` WHERE (`Admin`.`deletedAt` IS NULL AND (`Admin`.`account` = 'admin' AND `Admin`.`password` = 123123)) LIMIT 1;

sql [2021-11-05 10:07:17] [DEBUG]: Executing (default): SELECT `id`, `name`, `account`, `password`, `income`, `corpus`, `createdAt`, `updatedAt`, `deletedAt` FROM `Admins` AS `Admin` WHERE (`Admin`.`deletedAt` IS NULL AND `Admin`.`account` = 'admin') LIMIT 1;

sql [2021-11-05 10:07:57] [DEBUG]: Executing (default): SELECT `id`, `name`, `account`, `password`, `income`, `corpus`, `createdAt`, `updatedAt`, `deletedAt` FROM `Admins` AS `Admin` WHERE (`Admin`.`deletedAt` IS NULL AND `Admin`.`account` = 'admin') LIMIT 1;

sql [2021-11-05 10:09:10] [DEBUG]: Executing (default): SELECT `id`, `name`, `account`, `password`, `income`, `corpus`, `createdAt`, `updatedAt`, `deletedAt` FROM `Admins` AS `Admin` WHERE (`Admin`.`deletedAt` IS NULL AND `Admin`.`account` = 'admin') LIMIT 1;

sql [2021-11-05 10:09:10] [DEBUG]: Executing (default): INSERT INTO `Admins` (`id`,`name`,`account`,`password`,`createdAt`,`updatedAt`) VALUES (DEFAULT,?,?,?,?,?);

sql [2021-11-05 10:09:36] [DEBUG]: Executing (default): SELECT `id`, `name`, `account`, `password`, `income`, `corpus`, `createdAt`, `updatedAt`, `deletedAt` FROM `Admins` AS `Admin` WHERE (`Admin`.`deletedAt` IS NULL AND `Admin`.`account` = 'admin') LIMIT 1;

sql [2021-11-05 10:09:36] [DEBUG]: Executing (default): INSERT INTO `Admins` (`id`,`name`,`account`,`password`,`createdAt`,`updatedAt`) VALUES (DEFAULT,?,?,?,?,?);

sql [2021-11-05 10:10:04] [DEBUG]: Executing (default): SELECT `id`, `name`, `account`, `password`, `income`, `corpus`, `createdAt`, `updatedAt`, `deletedAt` FROM `Admins` AS `Admin` WHERE (`Admin`.`deletedAt` IS NULL AND `Admin`.`account` = 'admin') LIMIT 1;

sql [2021-11-05 10:10:04] [DEBUG]: Executing (default): INSERT INTO `Admins` (`id`,`name`,`account`,`password`,`createdAt`,`updatedAt`) VALUES (DEFAULT,?,?,?,?,?);

sql [2021-11-05 10:10:32] [DEBUG]: Executing (default): SELECT `id`, `name`, `account`, `password`, `income`, `corpus`, `createdAt`, `updatedAt`, `deletedAt` FROM `Admins` AS `Admin` WHERE (`Admin`.`deletedAt` IS NULL AND `Admin`.`account` = 'admin') LIMIT 1;

sql [2021-11-05 10:11:21] [DEBUG]: Executing (default): SELECT `id`, `name`, `account`, `password`, `income`, `corpus`, `createdAt`, `updatedAt`, `deletedAt` FROM `Admins` AS `Admin` WHERE (`Admin`.`deletedAt` IS NULL AND `Admin`.`account` = 'admin') LIMIT 1;

sql [2021-11-05 10:12:12] [DEBUG]: Executing (default): SELECT `id`, `name`, `account`, `password`, `income`, `corpus`, `createdAt`, `updatedAt`, `deletedAt` FROM `Admins` AS `Admin` WHERE (`Admin`.`deletedAt` IS NULL AND `Admin`.`account` = 'admin') LIMIT 1;

sql [2021-11-05 10:12:21] [DEBUG]: Executing (default): SELECT `id`, `name`, `account`, `password`, `income`, `corpus`, `createdAt`, `updatedAt`, `deletedAt` FROM `Admins` AS `Admin` WHERE (`Admin`.`deletedAt` IS NULL AND `Admin`.`account` = 'admin') LIMIT 1;

sql [2021-11-05 10:12:21] [DEBUG]: Executing (default): INSERT INTO `Admins` (`id`,`name`,`account`,`password`,`createdAt`,`updatedAt`) VALUES (DEFAULT,?,?,?,?,?);

sql [2021-11-05 10:12:54] [DEBUG]: Executing (default): SELECT `id`, `name`, `account`, `password`, `income`, `corpus`, `createdAt`, `updatedAt`, `deletedAt` FROM `Admins` AS `Admin` WHERE (`Admin`.`deletedAt` IS NULL AND (`Admin`.`account` = 'admin' AND `Admin`.`password` = 123123)) LIMIT 1;

sql [2021-11-05 10:13:26] [DEBUG]: Executing (default): SELECT `id`, `name`, `account`, `password`, `income`, `corpus`, `createdAt`, `updatedAt`, `deletedAt` FROM `Admins` AS `Admin` WHERE (`Admin`.`deletedAt` IS NULL AND (`Admin`.`account` = 'admin' AND `Admin`.`password` = 123123)) LIMIT 1;

sql [2021-11-05 10:14:02] [DEBUG]: Executing (default): SELECT `id`, `name`, `account`, `password`, `income`, `corpus`, `createdAt`, `updatedAt`, `deletedAt` FROM `Admins` AS `Admin` WHERE (`Admin`.`deletedAt` IS NULL AND (`Admin`.`account` = 'admin' AND `Admin`.`password` = '123123')) LIMIT 1;

sql [2021-11-05 10:14:51] [DEBUG]: Executing (default): SELECT `id`, `name`, `account`, `password`, `income`, `corpus`, `createdAt`, `updatedAt`, `deletedAt` FROM `Admins` AS `Admin` WHERE (`Admin`.`deletedAt` IS NULL AND (`Admin`.`account` = 'admin' AND `Admin`.`password` = '123123')) LIMIT 1;

sql [2021-11-05 10:29:29] [DEBUG]: Executing (default): CREATE TABLE IF NOT EXISTS `Admins` (`id` INTEGER NOT NULL auto_increment , `name` VARCHAR(255) NOT NULL, `account` VARCHAR(255) NOT NULL, `loginId` VARCHAR(255) NOT NULL, `loginPwd` VARCHAR(255) NOT NULL, `income` DECIMAL(10,2), `corpus` DECIMAL(10,2), `createdAt` DATETIME NOT NULL, `updatedAt` DATETIME NOT NULL, `deletedAt` DATETIME, PRIMARY KEY (`id`)) ENGINE=InnoDB;

sql [2021-11-05 10:29:29] [DEBUG]: Executing (default): SHOW INDEX FROM `Admins`

sql [2021-11-05 10:29:29] [DEBUG]: Executing (default): CREATE TABLE IF NOT EXISTS `User_Is` (`id` INTEGER NOT NULL auto_increment , `name` TEXT NOT NULL, `account` VARCHAR(255) NOT NULL, `loginId` VARCHAR(255) NOT NULL, `loginPwd` VARCHAR(255) NOT NULL, `job` TEXT, `limit` TINYINT(1) NOT NULL, `isFreezed` TINYINT(1) NOT NULL, `cage` VARCHAR(255) NOT NULL, `ident` INTEGER NOT NULL, `loan` DECIMAL(10,2), `interest` DECIMAL(10,2), `company` TEXT, `cause` TEXT, `createdAt` DATETIME NOT NULL, `updatedAt` DATETIME NOT NULL, `AdminId` INTEGER, PRIMARY KEY (`id`), FOREIGN KEY (`AdminId`) REFERENCES `Admins` (`id`) ON DELETE SET NULL ON UPDATE CASCADE) ENGINE=InnoDB;

sql [2021-11-05 10:29:29] [DEBUG]: Executing (default): SHOW INDEX FROM `User_Is`

sql [2021-11-05 10:29:29] [DEBUG]: Executing (default): CREATE TABLE IF NOT EXISTS `User_IIs` (`id` INTEGER NOT NULL auto_increment , `name` TEXT NOT NULL, `account` VARCHAR(255) NOT NULL, `loginId` VARCHAR(255) NOT NULL, `loginPwd` VARCHAR(255) NOT NULL, `job` TEXT, `isFreezed` TINYINT(1) NOT NULL, `cage` VARCHAR(255) NOT NULL, `deposit` DECIMAL(10,2), `createdAt` DATETIME NOT NULL, `updatedAt` DATETIME NOT NULL, `AdminId` INTEGER, PRIMARY KEY (`id`), FOREIGN KEY (`AdminId`) REFERENCES `Admins` (`id`) ON DELETE SET NULL ON UPDATE CASCADE) ENGINE=InnoDB;

sql [2021-11-05 10:29:29] [DEBUG]: Executing (default): SHOW INDEX FROM `User_IIs`

sql [2021-11-05 10:29:29] [DEBUG]: Executing (default): CREATE TABLE IF NOT EXISTS `Vates` (`id` INTEGER NOT NULL auto_increment , `A` DECIMAL(10,2) NOT NULL, `B` DECIMAL(10,2) NOT NULL, `C` DECIMAL(10,2) NOT NULL, `A_1` DECIMAL(10,2) NOT NULL, `A_3` DECIMAL(10,2) NOT NULL, `B_1` DECIMAL(10,2) NOT NULL, `B_3` DECIMAL(10,2) NOT NULL, `L_s` DECIMAL(10,2) NOT NULL, `L_m` DECIMAL(10,2) NOT NULL, `L_l` DECIMAL(10,2) NOT NULL, `createdAt` DATETIME NOT NULL, `updatedAt` DATETIME NOT NULL, PRIMARY KEY (`id`)) ENGINE=InnoDB;

sql [2021-11-05 10:29:29] [DEBUG]: Executing (default): SHOW INDEX FROM `Vates`

sql [2021-11-05 10:29:52] [DEBUG]: Executing (default): SELECT `id`, `name`, `account`, `loginId`, `loginPwd`, `income`, `corpus`, `createdAt`, `updatedAt`, `deletedAt` FROM `Admins` AS `Admin` WHERE (`Admin`.`deletedAt` IS NULL AND `Admin`.`account` = 'admin') LIMIT 1;

sql [2021-11-05 10:29:52] [DEBUG]: Executing (default): CREATE TABLE IF NOT EXISTS `Admins` (`id` INTEGER NOT NULL auto_increment , `name` VARCHAR(255) NOT NULL, `account` VARCHAR(255) NOT NULL, `loginId` VARCHAR(255) NOT NULL, `loginPwd` VARCHAR(255) NOT NULL, `income` DECIMAL(10,2), `corpus` DECIMAL(10,2), `createdAt` DATETIME NOT NULL, `updatedAt` DATETIME NOT NULL, `deletedAt` DATETIME, PRIMARY KEY (`id`)) ENGINE=InnoDB;

sql [2021-11-05 10:29:52] [DEBUG]: Executing (default): SHOW INDEX FROM `Admins`

sql [2021-11-05 10:29:52] [DEBUG]: Executing (default): CREATE TABLE IF NOT EXISTS `User_Is` (`id` INTEGER NOT NULL auto_increment , `name` TEXT NOT NULL, `account` VARCHAR(255) NOT NULL, `loginId` VARCHAR(255) NOT NULL, `loginPwd` VARCHAR(255) NOT NULL, `job` TEXT, `limit` TINYINT(1) NOT NULL, `isFreezed` TINYINT(1) NOT NULL, `cage` VARCHAR(255) NOT NULL, `ident` INTEGER NOT NULL, `loan` DECIMAL(10,2), `interest` DECIMAL(10,2), `company` TEXT, `cause` TEXT, `createdAt` DATETIME NOT NULL, `updatedAt` DATETIME NOT NULL, `AdminId` INTEGER, PRIMARY KEY (`id`), FOREIGN KEY (`AdminId`) REFERENCES `Admins` (`id`) ON DELETE SET NULL ON UPDATE CASCADE) ENGINE=InnoDB;

sql [2021-11-05 10:29:52] [DEBUG]: Executing (default): SHOW INDEX FROM `User_Is`

sql [2021-11-05 10:29:52] [DEBUG]: Executing (default): CREATE TABLE IF NOT EXISTS `User_IIs` (`id` INTEGER NOT NULL auto_increment , `name` TEXT NOT NULL, `account` VARCHAR(255) NOT NULL, `loginId` VARCHAR(255) NOT NULL, `loginPwd` VARCHAR(255) NOT NULL, `job` TEXT, `isFreezed` TINYINT(1) NOT NULL, `cage` VARCHAR(255) NOT NULL, `deposit` DECIMAL(10,2), `createdAt` DATETIME NOT NULL, `updatedAt` DATETIME NOT NULL, `AdminId` INTEGER, PRIMARY KEY (`id`), FOREIGN KEY (`AdminId`) REFERENCES `Admins` (`id`) ON DELETE SET NULL ON UPDATE CASCADE) ENGINE=InnoDB;

sql [2021-11-05 10:29:52] [DEBUG]: Executing (default): SHOW INDEX FROM `User_IIs`

sql [2021-11-05 10:29:52] [DEBUG]: Executing (default): CREATE TABLE IF NOT EXISTS `Vates` (`id` INTEGER NOT NULL auto_increment , `A` DECIMAL(10,2) NOT NULL, `B` DECIMAL(10,2) NOT NULL, `C` DECIMAL(10,2) NOT NULL, `A_1` DECIMAL(10,2) NOT NULL, `A_3` DECIMAL(10,2) NOT NULL, `B_1` DECIMAL(10,2) NOT NULL, `B_3` DECIMAL(10,2) NOT NULL, `L_s` DECIMAL(10,2) NOT NULL, `L_m` DECIMAL(10,2) NOT NULL, `L_l` DECIMAL(10,2) NOT NULL, `createdAt` DATETIME NOT NULL, `updatedAt` DATETIME NOT NULL, PRIMARY KEY (`id`)) ENGINE=InnoDB;

sql [2021-11-05 10:29:52] [DEBUG]: Executing (default): SHOW INDEX FROM `Vates`

sql [2021-11-05 10:30:03] [DEBUG]: Executing (default): SELECT `id`, `name`, `account`, `loginId`, `loginPwd`, `income`, `corpus`, `createdAt`, `updatedAt`, `deletedAt` FROM `Admins` AS `Admin` WHERE (`Admin`.`deletedAt` IS NULL AND `Admin`.`account` = 'admin') LIMIT 1;

sql [2021-11-05 10:38:47] [DEBUG]: Executing (default): SELECT `id`, `name`, `account`, `loginId`, `loginPwd`, `income`, `corpus`, `createdAt`, `updatedAt`, `deletedAt` FROM `Admins` AS `Admin` WHERE (`Admin`.`deletedAt` IS NULL AND `Admin`.`loginId` = 'admin') LIMIT 1;

sql [2021-11-05 10:38:47] [DEBUG]: Executing (default): INSERT INTO `Admins` (`id`,`name`,`account`,`loginId`,`loginPwd`,`createdAt`,`updatedAt`) VALUES (DEFAULT,?,?,?,?,?,?);

sql [2021-11-05 10:46:00] [DEBUG]: Executing (default): SELECT `id`, `loginId`, `loginPwd`, `deletedAt` FROM `Admins` AS `Admin` WHERE (`Admin`.`deletedAt` IS NULL AND (`Admin`.`loginId` = 'admin' AND `Admin`.`loginPwd` = '123123')) LIMIT 1;

sql [2021-11-05 10:47:45] [DEBUG]: Executing (default): CREATE TABLE IF NOT EXISTS `Admins` (`id` INTEGER NOT NULL auto_increment , `name` VARCHAR(255) NOT NULL, `account` VARCHAR(255) NOT NULL, `loginId` VARCHAR(255) NOT NULL, `loginPwd` VARCHAR(255) NOT NULL, `income` DECIMAL(10,2), `corpus` DECIMAL(10,2), `createdAt` DATETIME NOT NULL, `updatedAt` DATETIME NOT NULL, `deletedAt` DATETIME, PRIMARY KEY (`id`)) ENGINE=InnoDB;

sql [2021-11-05 10:47:45] [DEBUG]: Executing (default): SHOW INDEX FROM `Admins`

sql [2021-11-05 10:47:45] [DEBUG]: Executing (default): CREATE TABLE IF NOT EXISTS `User_Is` (`id` INTEGER NOT NULL auto_increment , `name` TEXT NOT NULL, `account` VARCHAR(255) NOT NULL, `loginId` VARCHAR(255) NOT NULL, `loginPwd` VARCHAR(255) NOT NULL, `job` TEXT, `limit` TINYINT(1) NOT NULL, `isFreezed` TINYINT(1) NOT NULL, `cage` VARCHAR(255) NOT NULL, `ident` INTEGER NOT NULL, `loan` DECIMAL(10,2), `interest` DECIMAL(10,2), `company` TEXT, `cause` TEXT, `createdAt` DATETIME NOT NULL, `updatedAt` DATETIME NOT NULL, `AdminId` INTEGER, PRIMARY KEY (`id`), FOREIGN KEY (`AdminId`) REFERENCES `Admins` (`id`) ON DELETE SET NULL ON UPDATE CASCADE) ENGINE=InnoDB;

sql [2021-11-05 10:47:45] [DEBUG]: Executing (default): SHOW INDEX FROM `User_Is`

sql [2021-11-05 10:47:45] [DEBUG]: Executing (default): CREATE TABLE IF NOT EXISTS `User_IIs` (`id` INTEGER NOT NULL auto_increment , `name` TEXT NOT NULL, `account` VARCHAR(255) NOT NULL, `loginId` VARCHAR(255) NOT NULL, `loginPwd` VARCHAR(255) NOT NULL, `job` TEXT, `isFreezed` TINYINT(1) NOT NULL, `cage` VARCHAR(255) NOT NULL, `deposit` DECIMAL(10,2), `createdAt` DATETIME NOT NULL, `updatedAt` DATETIME NOT NULL, `AdminId` INTEGER, PRIMARY KEY (`id`), FOREIGN KEY (`AdminId`) REFERENCES `Admins` (`id`) ON DELETE SET NULL ON UPDATE CASCADE) ENGINE=InnoDB;

sql [2021-11-05 10:47:45] [DEBUG]: Executing (default): SHOW INDEX FROM `User_IIs`

sql [2021-11-05 10:47:45] [DEBUG]: Executing (default): CREATE TABLE IF NOT EXISTS `Vates` (`id` INTEGER NOT NULL auto_increment , `A` DECIMAL(10,2) NOT NULL, `B` DECIMAL(10,2) NOT NULL, `C` DECIMAL(10,2) NOT NULL, `A_1` DECIMAL(10,2) NOT NULL, `A_3` DECIMAL(10,2) NOT NULL, `B_1` DECIMAL(10,2) NOT NULL, `B_3` DECIMAL(10,2) NOT NULL, `L_s` DECIMAL(10,2) NOT NULL, `L_m` DECIMAL(10,2) NOT NULL, `L_l` DECIMAL(10,2) NOT NULL, `createdAt` DATETIME NOT NULL, `updatedAt` DATETIME NOT NULL, PRIMARY KEY (`id`)) ENGINE=InnoDB;

sql [2021-11-05 10:47:45] [DEBUG]: Executing (default): SHOW INDEX FROM `Vates`

sql [2021-11-05 10:47:51] [DEBUG]: Executing (default): CREATE TABLE IF NOT EXISTS `Admins` (`id` INTEGER NOT NULL auto_increment , `name` VARCHAR(255) NOT NULL, `account` VARCHAR(255) NOT NULL, `loginId` VARCHAR(255) NOT NULL, `loginPwd` VARCHAR(255) NOT NULL, `income` DECIMAL(10,2), `corpus` DECIMAL(10,2), `createdAt` DATETIME NOT NULL, `updatedAt` DATETIME NOT NULL, `deletedAt` DATETIME, PRIMARY KEY (`id`)) ENGINE=InnoDB;

sql [2021-11-05 10:47:51] [DEBUG]: Executing (default): SHOW INDEX FROM `Admins`

sql [2021-11-05 10:47:51] [DEBUG]: Executing (default): CREATE TABLE IF NOT EXISTS `User_Is` (`id` INTEGER NOT NULL auto_increment , `name` TEXT NOT NULL, `account` VARCHAR(255) NOT NULL, `loginId` VARCHAR(255) NOT NULL, `loginPwd` VARCHAR(255) NOT NULL, `job` TEXT, `limit` TINYINT(1) NOT NULL, `isFreezed` TINYINT(1) NOT NULL, `cage` VARCHAR(255) NOT NULL, `ident` INTEGER NOT NULL, `loan` DECIMAL(10,2), `interest` DECIMAL(10,2), `company` TEXT, `cause` TEXT, `createdAt` DATETIME NOT NULL, `updatedAt` DATETIME NOT NULL, `AdminId` INTEGER, PRIMARY KEY (`id`), FOREIGN KEY (`AdminId`) REFERENCES `Admins` (`id`) ON DELETE SET NULL ON UPDATE CASCADE) ENGINE=InnoDB;

sql [2021-11-05 10:47:51] [DEBUG]: Executing (default): SHOW INDEX FROM `User_Is`

sql [2021-11-05 10:47:51] [DEBUG]: Executing (default): CREATE TABLE IF NOT EXISTS `User_IIs` (`id` INTEGER NOT NULL auto_increment , `name` TEXT NOT NULL, `account` VARCHAR(255) NOT NULL, `loginId` VARCHAR(255) NOT NULL, `loginPwd` VARCHAR(255) NOT NULL, `job` TEXT, `isFreezed` TINYINT(1) NOT NULL, `cage` VARCHAR(255) NOT NULL, `deposit` DECIMAL(10,2), `createdAt` DATETIME NOT NULL, `updatedAt` DATETIME NOT NULL, `AdminId` INTEGER, PRIMARY KEY (`id`), FOREIGN KEY (`AdminId`) REFERENCES `Admins` (`id`) ON DELETE SET NULL ON UPDATE CASCADE) ENGINE=InnoDB;

sql [2021-11-05 10:47:51] [DEBUG]: Executing (default): SHOW INDEX FROM `User_IIs`

sql [2021-11-05 10:47:51] [DEBUG]: Executing (default): CREATE TABLE IF NOT EXISTS `Vates` (`id` INTEGER NOT NULL auto_increment , `A` DECIMAL(10,2) NOT NULL, `B` DECIMAL(10,2) NOT NULL, `C` DECIMAL(10,2) NOT NULL, `A_1` DECIMAL(10,2) NOT NULL, `A_3` DECIMAL(10,2) NOT NULL, `B_1` DECIMAL(10,2) NOT NULL, `B_3` DECIMAL(10,2) NOT NULL, `L_s` DECIMAL(10,2) NOT NULL, `L_m` DECIMAL(10,2) NOT NULL, `L_l` DECIMAL(10,2) NOT NULL, `createdAt` DATETIME NOT NULL, `updatedAt` DATETIME NOT NULL, PRIMARY KEY (`id`)) ENGINE=InnoDB;

sql [2021-11-05 10:47:51] [DEBUG]: Executing (default): SHOW INDEX FROM `Vates`

sql [2021-11-05 10:48:27] [DEBUG]: Executing (default): SELECT `id`, `name`, `account`, `loginId`, `loginPwd`, `income`, `corpus`, `createdAt`, `updatedAt`, `deletedAt` FROM `Admins` AS `Admin` WHERE (`Admin`.`deletedAt` IS NULL AND (`Admin`.`loginId` = 'admin' AND `Admin`.`loginPwd` = '123123')) LIMIT 1;

sql [2021-11-05 10:49:06] [DEBUG]: Executing (default): SELECT `id`, `name`, `account`, `loginId`, `loginPwd`, `income`, `corpus`, `createdAt`, `updatedAt`, `deletedAt` FROM `Admins` AS `Admin` WHERE (`Admin`.`deletedAt` IS NULL AND (`Admin`.`loginId` = 'admin' AND `Admin`.`loginPwd` = '1231234')) LIMIT 1;

sql [2021-11-05 10:49:15] [DEBUG]: Executing (default): SELECT `id`, `name`, `account`, `loginId`, `loginPwd`, `income`, `corpus`, `createdAt`, `updatedAt`, `deletedAt` FROM `Admins` AS `Admin` WHERE (`Admin`.`deletedAt` IS NULL AND (`Admin`.`loginId` = 'admin' AND `Admin`.`loginPwd` = '123123')) LIMIT 1;

sql [2021-11-05 10:49:49] [DEBUG]: Executing (default): SELECT `id`, `name`, `account`, `loginId`, `loginPwd`, `income`, `corpus`, `createdAt`, `updatedAt`, `deletedAt` FROM `Admins` AS `Admin` WHERE (`Admin`.`deletedAt` IS NULL AND (`Admin`.`loginId` = 'admin' AND `Admin`.`loginPwd` = '123123')) LIMIT 1;

sql [2021-11-05 10:50:16] [DEBUG]: Executing (default): SELECT `id`, `name`, `account`, `loginId`, `loginPwd`, `income`, `corpus`, `createdAt`, `updatedAt`, `deletedAt` FROM `Admins` AS `Admin` WHERE (`Admin`.`deletedAt` IS NULL AND (`Admin`.`loginId` = 'admin' AND `Admin`.`loginPwd` = '123123')) LIMIT 1;

sql [2021-11-05 10:50:23] [DEBUG]: Executing (default): SELECT `id`, `name`, `account`, `loginId`, `loginPwd`, `income`, `corpus`, `createdAt`, `updatedAt`, `deletedAt` FROM `Admins` AS `Admin` WHERE (`Admin`.`deletedAt` IS NULL AND (`Admin`.`loginId` = 'admin' AND `Admin`.`loginPwd` = '1231234')) LIMIT 1;

sql [2021-11-05 10:51:33] [DEBUG]: Executing (default): SELECT `id`, `name`, `account`, `loginId`, `loginPwd`, `income`, `corpus`, `createdAt`, `updatedAt`, `deletedAt` FROM `Admins` AS `Admin` WHERE (`Admin`.`deletedAt` IS NULL AND (`Admin`.`loginId` = 'admin' AND `Admin`.`loginPwd` = '1231234')) LIMIT 1;

sql [2021-11-05 10:59:38] [DEBUG]: Executing (default): SELECT `id`, `name`, `account`, `loginId`, `loginPwd`, `income`, `corpus`, `createdAt`, `updatedAt`, `deletedAt` FROM `Admins` AS `Admin` WHERE (`Admin`.`deletedAt` IS NULL AND (`Admin`.`loginId` = 'admin' AND `Admin`.`loginPwd` = '1234')) LIMIT 1;

sql [2021-11-05 11:01:10] [DEBUG]: Executing (default): SELECT `id`, `name`, `account`, `loginId`, `loginPwd`, `income`, `corpus`, `createdAt`, `updatedAt`, `deletedAt` FROM `Admins` AS `Admin` WHERE (`Admin`.`deletedAt` IS NULL AND (`Admin`.`loginId` = 'admin' AND `Admin`.`loginPwd` = '1234')) LIMIT 1;

sql [2021-11-05 11:03:06] [DEBUG]: Executing (default): SELECT `id`, `name`, `account`, `loginId`, `loginPwd`, `income`, `corpus`, `createdAt`, `updatedAt`, `deletedAt` FROM `Admins` AS `Admin` WHERE (`Admin`.`deletedAt` IS NULL AND (`Admin`.`loginId` = 'admin' AND `Admin`.`loginPwd` = '1234')) LIMIT 1;

sql [2021-11-05 11:05:50] [DEBUG]: Executing (default): SELECT `id`, `name`, `account`, `loginId`, `loginPwd`, `income`, `corpus`, `createdAt`, `updatedAt`, `deletedAt` FROM `Admins` AS `Admin` WHERE (`Admin`.`deletedAt` IS NULL AND (`Admin`.`loginId` = 'admin' AND `Admin`.`loginPwd` = '1234')) LIMIT 1;

sql [2021-11-05 11:06:58] [DEBUG]: Executing (default): SELECT `id`, `name`, `account`, `loginId`, `loginPwd`, `income`, `corpus`, `createdAt`, `updatedAt`, `deletedAt` FROM `Admins` AS `Admin` WHERE (`Admin`.`deletedAt` IS NULL AND (`Admin`.`loginId` = 'admin' AND `Admin`.`loginPwd` = '1234')) LIMIT 1;

sql [2021-11-05 12:00:02] [DEBUG]: Executing (default): SELECT `id`, `name`, `account`, `loginId`, `loginPwd`, `income`, `corpus`, `createdAt`, `updatedAt`, `deletedAt` FROM `Admins` AS `Admin` WHERE (`Admin`.`deletedAt` IS NULL AND (`Admin`.`loginId` = 'admin' AND `Admin`.`loginPwd` = '1234')) LIMIT 1;

sql [2021-11-05 12:03:36] [DEBUG]: Executing (default): SELECT `id`, `name`, `account`, `loginId`, `loginPwd`, `income`, `corpus`, `createdAt`, `updatedAt`, `deletedAt` FROM `Admins` AS `Admin` WHERE (`Admin`.`deletedAt` IS NULL AND (`Admin`.`loginId` = 'admin' AND `Admin`.`loginPwd` = '1234')) LIMIT 1;

sql [2021-11-05 12:05:31] [DEBUG]: Executing (default): SELECT `id`, `name`, `account`, `loginId`, `loginPwd`, `income`, `corpus`, `createdAt`, `updatedAt`, `deletedAt` FROM `Admins` AS `Admin` WHERE (`Admin`.`deletedAt` IS NULL AND (`Admin`.`loginId` = 'admin' AND `Admin`.`loginPwd` = '1234')) LIMIT 1;

sql [2021-11-05 12:10:24] [DEBUG]: Executing (default): SELECT `id`, `name`, `account`, `loginId`, `loginPwd`, `income`, `corpus`, `createdAt`, `updatedAt`, `deletedAt` FROM `Admins` AS `Admin` WHERE (`Admin`.`deletedAt` IS NULL AND (`Admin`.`loginId` = 'admin' AND `Admin`.`loginPwd` = '1234')) LIMIT 1;

sql [2021-11-05 12:11:03] [DEBUG]: Executing (default): SELECT `id`, `name`, `account`, `loginId`, `loginPwd`, `income`, `corpus`, `createdAt`, `updatedAt`, `deletedAt` FROM `Admins` AS `Admin` WHERE (`Admin`.`deletedAt` IS NULL AND (`Admin`.`loginId` = 'admin' AND `Admin`.`loginPwd` = '1234')) LIMIT 1;

sql [2021-11-05 12:26:13] [DEBUG]: Executing (default): SELECT `id`, `name`, `account`, `loginId`, `loginPwd`, `income`, `corpus`, `createdAt`, `updatedAt`, `deletedAt` FROM `Admins` AS `Admin` WHERE (`Admin`.`deletedAt` IS NULL AND (`Admin`.`loginId` = 'admin' AND `Admin`.`loginPwd` = '1234')) LIMIT 1;

sql [2021-11-05 12:27:27] [DEBUG]: Executing (default): SELECT `id`, `name`, `account`, `loginId`, `loginPwd`, `income`, `corpus`, `createdAt`, `updatedAt`, `deletedAt` FROM `Admins` AS `Admin` WHERE (`Admin`.`deletedAt` IS NULL AND (`Admin`.`loginId` = 'admin' AND `Admin`.`loginPwd` = '1234')) LIMIT 1;

sql [2021-11-05 12:31:27] [DEBUG]: Executing (default): SELECT `id`, `name`, `account`, `loginId`, `loginPwd`, `income`, `corpus`, `createdAt`, `updatedAt`, `deletedAt` FROM `Admins` AS `Admin` WHERE (`Admin`.`deletedAt` IS NULL AND (`Admin`.`loginId` = 'admin' AND `Admin`.`loginPwd` = '1234')) LIMIT 1;

sql [2021-11-05 22:31:46] [DEBUG]: Executing (default): CREATE TABLE IF NOT EXISTS `Admins` (`id` INTEGER NOT NULL auto_increment , `name` VARCHAR(255) NOT NULL, `account` VARCHAR(255) NOT NULL, `loginId` VARCHAR(255) NOT NULL, `loginPwd` VARCHAR(255) NOT NULL, `income` DECIMAL(10,2), `corpus` DECIMAL(10,2), `createdAt` DATETIME NOT NULL, `updatedAt` DATETIME NOT NULL, `deletedAt` DATETIME, PRIMARY KEY (`id`)) ENGINE=InnoDB;

sql [2021-11-05 22:31:46] [DEBUG]: Executing (default): SHOW INDEX FROM `Admins`

sql [2021-11-05 22:31:46] [DEBUG]: Executing (default): CREATE TABLE IF NOT EXISTS `User_Is` (`id` INTEGER NOT NULL auto_increment , `name` TEXT NOT NULL, `account` VARCHAR(255) NOT NULL, `loginId` VARCHAR(255) NOT NULL, `loginPwd` VARCHAR(255) NOT NULL, `job` TEXT, `limit` TINYINT(1) NOT NULL, `isFreezed` TINYINT(1) NOT NULL, `cage` VARCHAR(255) NOT NULL, `ident` INTEGER NOT NULL, `loan` DECIMAL(10,2), `interest` DECIMAL(10,2), `company` TEXT, `cause` TEXT, `createdAt` DATETIME NOT NULL, `updatedAt` DATETIME NOT NULL, `AdminId` INTEGER, PRIMARY KEY (`id`), FOREIGN KEY (`AdminId`) REFERENCES `Admins` (`id`) ON DELETE SET NULL ON UPDATE CASCADE) ENGINE=InnoDB;

sql [2021-11-05 22:31:46] [DEBUG]: Executing (default): SHOW INDEX FROM `User_Is`

sql [2021-11-05 22:31:46] [DEBUG]: Executing (default): CREATE TABLE IF NOT EXISTS `User_IIs` (`id` INTEGER NOT NULL auto_increment , `name` TEXT NOT NULL, `account` VARCHAR(255) NOT NULL, `loginId` VARCHAR(255) NOT NULL, `loginPwd` VARCHAR(255) NOT NULL, `job` TEXT, `isFreezed` TINYINT(1) NOT NULL, `cage` VARCHAR(255) NOT NULL, `deposit` DECIMAL(10,2), `interest` DECIMAL(10,2), `createdAt` DATETIME NOT NULL, `updatedAt` DATETIME NOT NULL, `AdminId` INTEGER, PRIMARY KEY (`id`), FOREIGN KEY (`AdminId`) REFERENCES `Admins` (`id`) ON DELETE SET NULL ON UPDATE CASCADE) ENGINE=InnoDB;

sql [2021-11-05 22:31:46] [DEBUG]: Executing (default): SHOW INDEX FROM `User_IIs`

sql [2021-11-05 22:31:46] [DEBUG]: Executing (default): CREATE TABLE IF NOT EXISTS `Rates` (`id` INTEGER NOT NULL auto_increment , `A` DECIMAL(10,2) NOT NULL, `B` DECIMAL(10,2) NOT NULL, `C` DECIMAL(10,2) NOT NULL, `A_1` DECIMAL(10,2) NOT NULL, `A_3` DECIMAL(10,2) NOT NULL, `B_1` DECIMAL(10,2) NOT NULL, `B_3` DECIMAL(10,2) NOT NULL, `L_s` DECIMAL(10,2) NOT NULL, `L_m` DECIMAL(10,2) NOT NULL, `L_l` DECIMAL(10,2) NOT NULL, `createdAt` DATETIME NOT NULL, `updatedAt` DATETIME NOT NULL, PRIMARY KEY (`id`)) ENGINE=InnoDB;

sql [2021-11-05 22:31:46] [DEBUG]: Executing (default): SHOW INDEX FROM `Rates`

sql [2021-11-05 22:35:15] [DEBUG]: Executing (default): SELECT `id`, `name`, `account`, `loginId`, `loginPwd`, `job`, `limit`, `isFreezed`, `cage`, `ident`, `loan`, `interest`, `company`, `cause`, `createdAt`, `updatedAt`, `AdminId` FROM `User_Is` AS `User_I` WHERE `User_I`.`account` = 'chengshennan01' LIMIT 1;

sql [2021-11-05 22:35:15] [DEBUG]: Executing (default): CREATE TABLE IF NOT EXISTS `Admins` (`id` INTEGER NOT NULL auto_increment , `name` VARCHAR(255) NOT NULL, `account` VARCHAR(255) NOT NULL, `loginId` VARCHAR(255) NOT NULL, `loginPwd` VARCHAR(255) NOT NULL, `income` DECIMAL(10,2), `corpus` DECIMAL(10,2), `createdAt` DATETIME NOT NULL, `updatedAt` DATETIME NOT NULL, `deletedAt` DATETIME, PRIMARY KEY (`id`)) ENGINE=InnoDB;

sql [2021-11-05 22:35:15] [DEBUG]: Executing (default): SHOW INDEX FROM `Admins`

sql [2021-11-05 22:35:15] [DEBUG]: Executing (default): CREATE TABLE IF NOT EXISTS `User_Is` (`id` INTEGER NOT NULL auto_increment , `name` TEXT NOT NULL, `account` VARCHAR(255) NOT NULL, `loginId` VARCHAR(255) NOT NULL, `loginPwd` VARCHAR(255) NOT NULL, `job` TEXT, `limit` TINYINT(1) NOT NULL, `isFreezed` TINYINT(1) NOT NULL, `cage` VARCHAR(255) NOT NULL, `ident` INTEGER NOT NULL, `loan` DECIMAL(10,2), `interest` DECIMAL(10,2), `company` TEXT, `cause` TEXT, `createdAt` DATETIME NOT NULL, `updatedAt` DATETIME NOT NULL, `AdminId` INTEGER, PRIMARY KEY (`id`), FOREIGN KEY (`AdminId`) REFERENCES `Admins` (`id`) ON DELETE SET NULL ON UPDATE CASCADE) ENGINE=InnoDB;

sql [2021-11-05 22:35:15] [DEBUG]: Executing (default): SHOW INDEX FROM `User_Is`

sql [2021-11-05 22:35:15] [DEBUG]: Executing (default): CREATE TABLE IF NOT EXISTS `User_IIs` (`id` INTEGER NOT NULL auto_increment , `name` TEXT NOT NULL, `account` VARCHAR(255) NOT NULL, `loginId` VARCHAR(255) NOT NULL, `loginPwd` VARCHAR(255) NOT NULL, `job` TEXT, `isFreezed` TINYINT(1) NOT NULL, `cage` VARCHAR(255) NOT NULL, `deposit` DECIMAL(10,2), `interest` DECIMAL(10,2), `createdAt` DATETIME NOT NULL, `updatedAt` DATETIME NOT NULL, `AdminId` INTEGER, PRIMARY KEY (`id`), FOREIGN KEY (`AdminId`) REFERENCES `Admins` (`id`) ON DELETE SET NULL ON UPDATE CASCADE) ENGINE=InnoDB;

sql [2021-11-05 22:35:15] [DEBUG]: Executing (default): SHOW INDEX FROM `User_IIs`

sql [2021-11-05 22:35:15] [DEBUG]: Executing (default): CREATE TABLE IF NOT EXISTS `Rates` (`id` INTEGER NOT NULL auto_increment , `A` DECIMAL(10,2) NOT NULL, `B` DECIMAL(10,2) NOT NULL, `C` DECIMAL(10,2) NOT NULL, `A_1` DECIMAL(10,2) NOT NULL, `A_3` DECIMAL(10,2) NOT NULL, `B_1` DECIMAL(10,2) NOT NULL, `B_3` DECIMAL(10,2) NOT NULL, `L_s` DECIMAL(10,2) NOT NULL, `L_m` DECIMAL(10,2) NOT NULL, `L_l` DECIMAL(10,2) NOT NULL, `createdAt` DATETIME NOT NULL, `updatedAt` DATETIME NOT NULL, PRIMARY KEY (`id`)) ENGINE=InnoDB;

sql [2021-11-05 22:35:15] [DEBUG]: Executing (default): SHOW INDEX FROM `Rates`

sql [2021-11-05 22:37:07] [DEBUG]: Executing (default): SELECT `id`, `name`, `account`, `loginId`, `loginPwd`, `job`, `limit`, `isFreezed`, `cage`, `ident`, `loan`, `interest`, `company`, `cause`, `createdAt`, `updatedAt`, `AdminId` FROM `User_Is` AS `User_I` WHERE `User_I`.`account` = 'chengshennan01' LIMIT 1;

sql [2021-11-05 22:37:07] [DEBUG]: Executing (default): CREATE TABLE IF NOT EXISTS `Admins` (`id` INTEGER NOT NULL auto_increment , `name` VARCHAR(255) NOT NULL, `account` VARCHAR(255) NOT NULL, `loginId` VARCHAR(255) NOT NULL, `loginPwd` VARCHAR(255) NOT NULL, `income` DECIMAL(10,2), `corpus` DECIMAL(10,2), `createdAt` DATETIME NOT NULL, `updatedAt` DATETIME NOT NULL, `deletedAt` DATETIME, PRIMARY KEY (`id`)) ENGINE=InnoDB;

sql [2021-11-05 22:37:07] [DEBUG]: Executing (default): SHOW INDEX FROM `Admins`

sql [2021-11-05 22:37:07] [DEBUG]: Executing (default): CREATE TABLE IF NOT EXISTS `User_Is` (`id` INTEGER NOT NULL auto_increment , `name` TEXT NOT NULL, `account` VARCHAR(255) NOT NULL, `loginId` VARCHAR(255) NOT NULL, `loginPwd` VARCHAR(255) NOT NULL, `job` TEXT, `limit` TINYINT(1) NOT NULL, `isFreezed` TINYINT(1) NOT NULL, `cage` VARCHAR(255) NOT NULL, `ident` INTEGER NOT NULL, `loan` DECIMAL(10,2), `interest` DECIMAL(10,2), `company` TEXT, `cause` TEXT, `createdAt` DATETIME NOT NULL, `updatedAt` DATETIME NOT NULL, `AdminId` INTEGER, PRIMARY KEY (`id`), FOREIGN KEY (`AdminId`) REFERENCES `Admins` (`id`) ON DELETE SET NULL ON UPDATE CASCADE) ENGINE=InnoDB;

sql [2021-11-05 22:37:07] [DEBUG]: Executing (default): SHOW INDEX FROM `User_Is`

sql [2021-11-05 22:37:07] [DEBUG]: Executing (default): CREATE TABLE IF NOT EXISTS `User_IIs` (`id` INTEGER NOT NULL auto_increment , `name` TEXT NOT NULL, `account` VARCHAR(255) NOT NULL, `loginId` VARCHAR(255) NOT NULL, `loginPwd` VARCHAR(255) NOT NULL, `job` TEXT, `isFreezed` TINYINT(1) NOT NULL, `cage` VARCHAR(255) NOT NULL, `deposit` DECIMAL(10,2), `interest` DECIMAL(10,2), `createdAt` DATETIME NOT NULL, `updatedAt` DATETIME NOT NULL, `AdminId` INTEGER, PRIMARY KEY (`id`), FOREIGN KEY (`AdminId`) REFERENCES `Admins` (`id`) ON DELETE SET NULL ON UPDATE CASCADE) ENGINE=InnoDB;

sql [2021-11-05 22:37:07] [DEBUG]: Executing (default): SHOW INDEX FROM `User_IIs`

sql [2021-11-05 22:37:07] [DEBUG]: Executing (default): CREATE TABLE IF NOT EXISTS `Rates` (`id` INTEGER NOT NULL auto_increment , `A` DECIMAL(10,2) NOT NULL, `B` DECIMAL(10,2) NOT NULL, `C` DECIMAL(10,2) NOT NULL, `A_1` DECIMAL(10,2) NOT NULL, `A_3` DECIMAL(10,2) NOT NULL, `B_1` DECIMAL(10,2) NOT NULL, `B_3` DECIMAL(10,2) NOT NULL, `L_s` DECIMAL(10,2) NOT NULL, `L_m` DECIMAL(10,2) NOT NULL, `L_l` DECIMAL(10,2) NOT NULL, `createdAt` DATETIME NOT NULL, `updatedAt` DATETIME NOT NULL, PRIMARY KEY (`id`)) ENGINE=InnoDB;

sql [2021-11-05 22:37:07] [DEBUG]: Executing (default): SHOW INDEX FROM `Rates`

sql [2021-11-05 22:37:30] [DEBUG]: Executing (default): SELECT `id`, `name`, `account`, `loginId`, `loginPwd`, `job`, `limit`, `isFreezed`, `cage`, `ident`, `loan`, `interest`, `company`, `cause`, `createdAt`, `updatedAt`, `AdminId` FROM `User_Is` AS `User_I` WHERE `User_I`.`account` = 'chengshennan01' LIMIT 1;

sql [2021-11-05 22:37:30] [DEBUG]: Executing (default): CREATE TABLE IF NOT EXISTS `Admins` (`id` INTEGER NOT NULL auto_increment , `name` VARCHAR(255) NOT NULL, `account` VARCHAR(255) NOT NULL, `loginId` VARCHAR(255) NOT NULL, `loginPwd` VARCHAR(255) NOT NULL, `income` DECIMAL(10,2), `corpus` DECIMAL(10,2), `createdAt` DATETIME NOT NULL, `updatedAt` DATETIME NOT NULL, `deletedAt` DATETIME, PRIMARY KEY (`id`)) ENGINE=InnoDB;

sql [2021-11-05 22:37:30] [DEBUG]: Executing (default): SHOW INDEX FROM `Admins`

sql [2021-11-05 22:37:30] [DEBUG]: Executing (default): CREATE TABLE IF NOT EXISTS `User_Is` (`id` INTEGER NOT NULL auto_increment , `name` TEXT NOT NULL, `account` VARCHAR(255) NOT NULL, `loginId` VARCHAR(255) NOT NULL, `loginPwd` VARCHAR(255) NOT NULL, `job` TEXT, `limit` TINYINT(1) NOT NULL, `isFreezed` TINYINT(1) NOT NULL, `cage` VARCHAR(255) NOT NULL, `ident` INTEGER NOT NULL, `loan` DECIMAL(10,2), `interest` DECIMAL(10,2), `company` TEXT, `cause` TEXT, `createdAt` DATETIME NOT NULL, `updatedAt` DATETIME NOT NULL, `AdminId` INTEGER, PRIMARY KEY (`id`), FOREIGN KEY (`AdminId`) REFERENCES `Admins` (`id`) ON DELETE SET NULL ON UPDATE CASCADE) ENGINE=InnoDB;

sql [2021-11-05 22:37:30] [DEBUG]: Executing (default): SHOW INDEX FROM `User_Is`

sql [2021-11-05 22:37:30] [DEBUG]: Executing (default): CREATE TABLE IF NOT EXISTS `User_IIs` (`id` INTEGER NOT NULL auto_increment , `name` TEXT NOT NULL, `account` VARCHAR(255) NOT NULL, `loginId` VARCHAR(255) NOT NULL, `loginPwd` VARCHAR(255) NOT NULL, `job` TEXT, `isFreezed` TINYINT(1) NOT NULL, `cage` VARCHAR(255) NOT NULL, `deposit` DECIMAL(10,2), `interest` DECIMAL(10,2), `createdAt` DATETIME NOT NULL, `updatedAt` DATETIME NOT NULL, `AdminId` INTEGER, PRIMARY KEY (`id`), FOREIGN KEY (`AdminId`) REFERENCES `Admins` (`id`) ON DELETE SET NULL ON UPDATE CASCADE) ENGINE=InnoDB;

sql [2021-11-05 22:37:30] [DEBUG]: Executing (default): SHOW INDEX FROM `User_IIs`

sql [2021-11-05 22:37:30] [DEBUG]: Executing (default): CREATE TABLE IF NOT EXISTS `Rates` (`id` INTEGER NOT NULL auto_increment , `A` DECIMAL(10,2) NOT NULL, `B` DECIMAL(10,2) NOT NULL, `C` DECIMAL(10,2) NOT NULL, `A_1` DECIMAL(10,2) NOT NULL, `A_3` DECIMAL(10,2) NOT NULL, `B_1` DECIMAL(10,2) NOT NULL, `B_3` DECIMAL(10,2) NOT NULL, `L_s` DECIMAL(10,2) NOT NULL, `L_m` DECIMAL(10,2) NOT NULL, `L_l` DECIMAL(10,2) NOT NULL, `createdAt` DATETIME NOT NULL, `updatedAt` DATETIME NOT NULL, PRIMARY KEY (`id`)) ENGINE=InnoDB;

sql [2021-11-05 22:37:30] [DEBUG]: Executing (default): SHOW INDEX FROM `Rates`

sql [2021-11-05 22:39:42] [DEBUG]: Executing (default): SELECT `id`, `name`, `account`, `loginId`, `loginPwd`, `job`, `limit`, `isFreezed`, `cage`, `ident`, `loan`, `interest`, `company`, `cause`, `createdAt`, `updatedAt`, `AdminId` FROM `User_Is` AS `User_I` WHERE `User_I`.`account` = 'chengshennan01' LIMIT 1;

sql [2021-11-05 22:39:42] [DEBUG]: Executing (default): CREATE TABLE IF NOT EXISTS `Admins` (`id` INTEGER NOT NULL auto_increment , `name` VARCHAR(255) NOT NULL, `account` VARCHAR(255) NOT NULL, `loginId` VARCHAR(255) NOT NULL, `loginPwd` VARCHAR(255) NOT NULL, `income` DECIMAL(10,2), `corpus` DECIMAL(10,2), `createdAt` DATETIME NOT NULL, `updatedAt` DATETIME NOT NULL, `deletedAt` DATETIME, PRIMARY KEY (`id`)) ENGINE=InnoDB;

sql [2021-11-05 22:39:42] [DEBUG]: Executing (default): SHOW INDEX FROM `Admins`

sql [2021-11-05 22:39:42] [DEBUG]: Executing (default): CREATE TABLE IF NOT EXISTS `User_Is` (`id` INTEGER NOT NULL auto_increment , `name` TEXT NOT NULL, `account` VARCHAR(255) NOT NULL, `loginId` VARCHAR(255) NOT NULL, `loginPwd` VARCHAR(255) NOT NULL, `job` TEXT, `limit` TINYINT(1) NOT NULL, `isFreezed` TINYINT(1) NOT NULL, `cage` VARCHAR(255) NOT NULL, `ident` INTEGER NOT NULL, `loan` DECIMAL(10,2), `interest` DECIMAL(10,2), `company` TEXT, `cause` TEXT, `createdAt` DATETIME NOT NULL, `updatedAt` DATETIME NOT NULL, `AdminId` INTEGER, PRIMARY KEY (`id`), FOREIGN KEY (`AdminId`) REFERENCES `Admins` (`id`) ON DELETE SET NULL ON UPDATE CASCADE) ENGINE=InnoDB;

sql [2021-11-05 22:39:42] [DEBUG]: Executing (default): SHOW INDEX FROM `User_Is`

sql [2021-11-05 22:39:42] [DEBUG]: Executing (default): CREATE TABLE IF NOT EXISTS `User_IIs` (`id` INTEGER NOT NULL auto_increment , `name` TEXT NOT NULL, `account` VARCHAR(255) NOT NULL, `loginId` VARCHAR(255) NOT NULL, `loginPwd` VARCHAR(255) NOT NULL, `job` TEXT, `isFreezed` TINYINT(1) NOT NULL, `cage` VARCHAR(255) NOT NULL, `deposit` DECIMAL(10,2), `interest` DECIMAL(10,2), `createdAt` DATETIME NOT NULL, `updatedAt` DATETIME NOT NULL, `AdminId` INTEGER, PRIMARY KEY (`id`), FOREIGN KEY (`AdminId`) REFERENCES `Admins` (`id`) ON DELETE SET NULL ON UPDATE CASCADE) ENGINE=InnoDB;

sql [2021-11-05 22:39:42] [DEBUG]: Executing (default): SHOW INDEX FROM `User_IIs`

sql [2021-11-05 22:39:42] [DEBUG]: Executing (default): CREATE TABLE IF NOT EXISTS `Rates` (`id` INTEGER NOT NULL auto_increment , `A` DECIMAL(10,2) NOT NULL, `B` DECIMAL(10,2) NOT NULL, `C` DECIMAL(10,2) NOT NULL, `A_1` DECIMAL(10,2) NOT NULL, `A_3` DECIMAL(10,2) NOT NULL, `B_1` DECIMAL(10,2) NOT NULL, `B_3` DECIMAL(10,2) NOT NULL, `L_s` DECIMAL(10,2) NOT NULL, `L_m` DECIMAL(10,2) NOT NULL, `L_l` DECIMAL(10,2) NOT NULL, `createdAt` DATETIME NOT NULL, `updatedAt` DATETIME NOT NULL, PRIMARY KEY (`id`)) ENGINE=InnoDB;

sql [2021-11-05 22:39:42] [DEBUG]: Executing (default): SHOW INDEX FROM `Rates`

sql [2021-11-05 22:42:22] [DEBUG]: Executing (default): SELECT `id`, `name`, `account`, `loginId`, `loginPwd`, `job`, `limit`, `isFreezed`, `cage`, `ident`, `loan`, `interest`, `company`, `cause`, `createdAt`, `updatedAt`, `AdminId` FROM `User_Is` AS `User_I` WHERE `User_I`.`account` = 'chengshennan01' LIMIT 1;

sql [2021-11-05 22:42:22] [DEBUG]: Executing (default): CREATE TABLE IF NOT EXISTS `Admins` (`id` INTEGER NOT NULL auto_increment , `name` VARCHAR(255) NOT NULL, `account` VARCHAR(255) NOT NULL, `loginId` VARCHAR(255) NOT NULL, `loginPwd` VARCHAR(255) NOT NULL, `income` DECIMAL(10,2), `corpus` DECIMAL(10,2), `createdAt` DATETIME NOT NULL, `updatedAt` DATETIME NOT NULL, `deletedAt` DATETIME, PRIMARY KEY (`id`)) ENGINE=InnoDB;

sql [2021-11-05 22:42:22] [DEBUG]: Executing (default): SHOW INDEX FROM `Admins`

sql [2021-11-05 22:42:22] [DEBUG]: Executing (default): CREATE TABLE IF NOT EXISTS `User_Is` (`id` INTEGER NOT NULL auto_increment , `name` TEXT NOT NULL, `account` VARCHAR(255) NOT NULL, `loginId` VARCHAR(255) NOT NULL, `loginPwd` VARCHAR(255) NOT NULL, `job` TEXT, `limit` TINYINT(1) NOT NULL, `isFreezed` TINYINT(1) NOT NULL, `cage` VARCHAR(255) NOT NULL, `ident` INTEGER NOT NULL, `loan` DECIMAL(10,2), `interest` DECIMAL(10,2), `company` TEXT, `cause` TEXT, `createdAt` DATETIME NOT NULL, `updatedAt` DATETIME NOT NULL, `AdminId` INTEGER, PRIMARY KEY (`id`), FOREIGN KEY (`AdminId`) REFERENCES `Admins` (`id`) ON DELETE SET NULL ON UPDATE CASCADE) ENGINE=InnoDB;

sql [2021-11-05 22:42:22] [DEBUG]: Executing (default): SHOW INDEX FROM `User_Is`

sql [2021-11-05 22:42:22] [DEBUG]: Executing (default): CREATE TABLE IF NOT EXISTS `User_IIs` (`id` INTEGER NOT NULL auto_increment , `name` TEXT NOT NULL, `account` VARCHAR(255) NOT NULL, `loginId` VARCHAR(255) NOT NULL, `loginPwd` VARCHAR(255) NOT NULL, `job` TEXT, `isFreezed` TINYINT(1) NOT NULL, `cage` VARCHAR(255) NOT NULL, `deposit` DECIMAL(10,2), `interest` DECIMAL(10,2), `createdAt` DATETIME NOT NULL, `updatedAt` DATETIME NOT NULL, `AdminId` INTEGER, PRIMARY KEY (`id`), FOREIGN KEY (`AdminId`) REFERENCES `Admins` (`id`) ON DELETE SET NULL ON UPDATE CASCADE) ENGINE=InnoDB;

sql [2021-11-05 22:42:22] [DEBUG]: Executing (default): SHOW INDEX FROM `User_IIs`

sql [2021-11-05 22:42:22] [DEBUG]: Executing (default): CREATE TABLE IF NOT EXISTS `Rates` (`id` INTEGER NOT NULL auto_increment , `A` DECIMAL(10,2) NOT NULL, `B` DECIMAL(10,2) NOT NULL, `C` DECIMAL(10,2) NOT NULL, `A_1` DECIMAL(10,2) NOT NULL, `A_3` DECIMAL(10,2) NOT NULL, `B_1` DECIMAL(10,2) NOT NULL, `B_3` DECIMAL(10,2) NOT NULL, `L_s` DECIMAL(10,2) NOT NULL, `L_m` DECIMAL(10,2) NOT NULL, `L_l` DECIMAL(10,2) NOT NULL, `createdAt` DATETIME NOT NULL, `updatedAt` DATETIME NOT NULL, PRIMARY KEY (`id`)) ENGINE=InnoDB;

sql [2021-11-05 22:42:22] [DEBUG]: Executing (default): SHOW INDEX FROM `Rates`

sql [2021-11-05 22:43:27] [DEBUG]: Executing (default): SELECT `id`, `name`, `account`, `loginId`, `loginPwd`, `job`, `limit`, `isFreezed`, `cage`, `ident`, `loan`, `interest`, `company`, `cause`, `createdAt`, `updatedAt`, `AdminId` FROM `User_Is` AS `User_I` WHERE `User_I`.`account` = 'chengshennan01' LIMIT 1;

sql [2021-11-05 22:43:27] [DEBUG]: Executing (default): CREATE TABLE IF NOT EXISTS `Admins` (`id` INTEGER NOT NULL auto_increment , `name` VARCHAR(255) NOT NULL, `account` VARCHAR(255) NOT NULL, `loginId` VARCHAR(255) NOT NULL, `loginPwd` VARCHAR(255) NOT NULL, `income` DECIMAL(10,2), `corpus` DECIMAL(10,2), `createdAt` DATETIME NOT NULL, `updatedAt` DATETIME NOT NULL, `deletedAt` DATETIME, PRIMARY KEY (`id`)) ENGINE=InnoDB;

sql [2021-11-05 22:43:27] [DEBUG]: Executing (default): SHOW INDEX FROM `Admins`

sql [2021-11-05 22:43:27] [DEBUG]: Executing (default): CREATE TABLE IF NOT EXISTS `User_Is` (`id` INTEGER NOT NULL auto_increment , `name` TEXT NOT NULL, `account` VARCHAR(255) NOT NULL, `loginId` VARCHAR(255) NOT NULL, `loginPwd` VARCHAR(255) NOT NULL, `job` TEXT, `limit` TINYINT(1) NOT NULL, `isFreezed` TINYINT(1) NOT NULL, `cage` VARCHAR(255) NOT NULL, `ident` INTEGER NOT NULL, `loan` DECIMAL(10,2), `interest` DECIMAL(10,2), `company` TEXT, `cause` TEXT, `createdAt` DATETIME NOT NULL, `updatedAt` DATETIME NOT NULL, `AdminId` INTEGER, PRIMARY KEY (`id`), FOREIGN KEY (`AdminId`) REFERENCES `Admins` (`id`) ON DELETE SET NULL ON UPDATE CASCADE) ENGINE=InnoDB;

sql [2021-11-05 22:43:27] [DEBUG]: Executing (default): SHOW INDEX FROM `User_Is`

sql [2021-11-05 22:43:27] [DEBUG]: Executing (default): CREATE TABLE IF NOT EXISTS `User_IIs` (`id` INTEGER NOT NULL auto_increment , `name` TEXT NOT NULL, `account` VARCHAR(255) NOT NULL, `loginId` VARCHAR(255) NOT NULL, `loginPwd` VARCHAR(255) NOT NULL, `job` TEXT, `isFreezed` TINYINT(1) NOT NULL, `cage` VARCHAR(255) NOT NULL, `deposit` DECIMAL(10,2), `interest` DECIMAL(10,2), `createdAt` DATETIME NOT NULL, `updatedAt` DATETIME NOT NULL, `AdminId` INTEGER, PRIMARY KEY (`id`), FOREIGN KEY (`AdminId`) REFERENCES `Admins` (`id`) ON DELETE SET NULL ON UPDATE CASCADE) ENGINE=InnoDB;

sql [2021-11-05 22:43:27] [DEBUG]: Executing (default): SHOW INDEX FROM `User_IIs`

sql [2021-11-05 22:43:27] [DEBUG]: Executing (default): CREATE TABLE IF NOT EXISTS `Rates` (`id` INTEGER NOT NULL auto_increment , `A` DECIMAL(10,2) NOT NULL, `B` DECIMAL(10,2) NOT NULL, `C` DECIMAL(10,2) NOT NULL, `A_1` DECIMAL(10,2) NOT NULL, `A_3` DECIMAL(10,2) NOT NULL, `B_1` DECIMAL(10,2) NOT NULL, `B_3` DECIMAL(10,2) NOT NULL, `L_s` DECIMAL(10,2) NOT NULL, `L_m` DECIMAL(10,2) NOT NULL, `L_l` DECIMAL(10,2) NOT NULL, `createdAt` DATETIME NOT NULL, `updatedAt` DATETIME NOT NULL, PRIMARY KEY (`id`)) ENGINE=InnoDB;

sql [2021-11-05 22:43:27] [DEBUG]: Executing (default): SHOW INDEX FROM `Rates`

sql [2021-11-05 22:44:37] [DEBUG]: Executing (default): SELECT `id`, `name`, `account`, `loginId`, `loginPwd`, `job`, `limit`, `isFreezed`, `cage`, `ident`, `loan`, `interest`, `company`, `cause`, `createdAt`, `updatedAt`, `AdminId` FROM `User_Is` AS `User_I` WHERE `User_I`.`account` = 'chengshennan01' LIMIT 1;

sql [2021-11-05 22:44:37] [DEBUG]: Executing (default): CREATE TABLE IF NOT EXISTS `Admins` (`id` INTEGER NOT NULL auto_increment , `name` VARCHAR(255) NOT NULL, `account` VARCHAR(255) NOT NULL, `loginId` VARCHAR(255) NOT NULL, `loginPwd` VARCHAR(255) NOT NULL, `income` DECIMAL(10,2), `corpus` DECIMAL(10,2), `createdAt` DATETIME NOT NULL, `updatedAt` DATETIME NOT NULL, `deletedAt` DATETIME, PRIMARY KEY (`id`)) ENGINE=InnoDB;

sql [2021-11-05 22:44:37] [DEBUG]: Executing (default): SHOW INDEX FROM `Admins`

sql [2021-11-05 22:44:37] [DEBUG]: Executing (default): CREATE TABLE IF NOT EXISTS `User_Is` (`id` INTEGER NOT NULL auto_increment , `name` TEXT NOT NULL, `account` VARCHAR(255) NOT NULL, `loginId` VARCHAR(255) NOT NULL, `loginPwd` VARCHAR(255) NOT NULL, `job` TEXT, `limit` TINYINT(1) NOT NULL, `isFreezed` TINYINT(1) NOT NULL, `cage` VARCHAR(255) NOT NULL, `ident` INTEGER NOT NULL, `loan` DECIMAL(10,2), `interest` DECIMAL(10,2), `company` TEXT, `cause` TEXT, `createdAt` DATETIME NOT NULL, `updatedAt` DATETIME NOT NULL, `AdminId` INTEGER, PRIMARY KEY (`id`), FOREIGN KEY (`AdminId`) REFERENCES `Admins` (`id`) ON DELETE SET NULL ON UPDATE CASCADE) ENGINE=InnoDB;

sql [2021-11-05 22:44:37] [DEBUG]: Executing (default): SHOW INDEX FROM `User_Is`

sql [2021-11-05 22:44:37] [DEBUG]: Executing (default): CREATE TABLE IF NOT EXISTS `User_IIs` (`id` INTEGER NOT NULL auto_increment , `name` TEXT NOT NULL, `account` VARCHAR(255) NOT NULL, `loginId` VARCHAR(255) NOT NULL, `loginPwd` VARCHAR(255) NOT NULL, `job` TEXT, `isFreezed` TINYINT(1) NOT NULL, `cage` VARCHAR(255) NOT NULL, `deposit` DECIMAL(10,2), `interest` DECIMAL(10,2), `createdAt` DATETIME NOT NULL, `updatedAt` DATETIME NOT NULL, `AdminId` INTEGER, PRIMARY KEY (`id`), FOREIGN KEY (`AdminId`) REFERENCES `Admins` (`id`) ON DELETE SET NULL ON UPDATE CASCADE) ENGINE=InnoDB;

sql [2021-11-05 22:44:37] [DEBUG]: Executing (default): SHOW INDEX FROM `User_IIs`

sql [2021-11-05 22:44:37] [DEBUG]: Executing (default): CREATE TABLE IF NOT EXISTS `Rates` (`id` INTEGER NOT NULL auto_increment , `A` DECIMAL(10,2) NOT NULL, `B` DECIMAL(10,2) NOT NULL, `C` DECIMAL(10,2) NOT NULL, `A_1` DECIMAL(10,2) NOT NULL, `A_3` DECIMAL(10,2) NOT NULL, `B_1` DECIMAL(10,2) NOT NULL, `B_3` DECIMAL(10,2) NOT NULL, `L_s` DECIMAL(10,2) NOT NULL, `L_m` DECIMAL(10,2) NOT NULL, `L_l` DECIMAL(10,2) NOT NULL, `createdAt` DATETIME NOT NULL, `updatedAt` DATETIME NOT NULL, PRIMARY KEY (`id`)) ENGINE=InnoDB;

sql [2021-11-05 22:44:37] [DEBUG]: Executing (default): SHOW INDEX FROM `Rates`

sql [2021-11-05 22:45:50] [DEBUG]: Executing (default): SELECT `id`, `name`, `account`, `loginId`, `loginPwd`, `job`, `limit`, `isFreezed`, `cage`, `ident`, `loan`, `interest`, `company`, `cause`, `createdAt`, `updatedAt`, `AdminId` FROM `User_Is` AS `User_I` WHERE `User_I`.`account` = 'chengshennan01' LIMIT 1;

sql [2021-11-05 22:45:50] [DEBUG]: Executing (default): CREATE TABLE IF NOT EXISTS `Admins` (`id` INTEGER NOT NULL auto_increment , `name` VARCHAR(255) NOT NULL, `account` VARCHAR(255) NOT NULL, `loginId` VARCHAR(255) NOT NULL, `loginPwd` VARCHAR(255) NOT NULL, `income` DECIMAL(10,2), `corpus` DECIMAL(10,2), `createdAt` DATETIME NOT NULL, `updatedAt` DATETIME NOT NULL, `deletedAt` DATETIME, PRIMARY KEY (`id`)) ENGINE=InnoDB;

sql [2021-11-05 22:45:50] [DEBUG]: Executing (default): SHOW INDEX FROM `Admins`

sql [2021-11-05 22:45:50] [DEBUG]: Executing (default): CREATE TABLE IF NOT EXISTS `User_Is` (`id` INTEGER NOT NULL auto_increment , `name` TEXT NOT NULL, `account` VARCHAR(255) NOT NULL, `loginId` VARCHAR(255) NOT NULL, `loginPwd` VARCHAR(255) NOT NULL, `job` TEXT, `limit` TINYINT(1) NOT NULL, `isFreezed` TINYINT(1) NOT NULL, `cage` VARCHAR(255) NOT NULL, `ident` INTEGER NOT NULL, `loan` DECIMAL(10,2), `interest` DECIMAL(10,2), `company` TEXT, `cause` TEXT, `createdAt` DATETIME NOT NULL, `updatedAt` DATETIME NOT NULL, `AdminId` INTEGER, PRIMARY KEY (`id`), FOREIGN KEY (`AdminId`) REFERENCES `Admins` (`id`) ON DELETE SET NULL ON UPDATE CASCADE) ENGINE=InnoDB;

sql [2021-11-05 22:45:50] [DEBUG]: Executing (default): SHOW INDEX FROM `User_Is`

sql [2021-11-05 22:45:50] [DEBUG]: Executing (default): CREATE TABLE IF NOT EXISTS `User_IIs` (`id` INTEGER NOT NULL auto_increment , `name` TEXT NOT NULL, `account` VARCHAR(255) NOT NULL, `loginId` VARCHAR(255) NOT NULL, `loginPwd` VARCHAR(255) NOT NULL, `job` TEXT, `isFreezed` TINYINT(1) NOT NULL, `cage` VARCHAR(255) NOT NULL, `deposit` DECIMAL(10,2), `interest` DECIMAL(10,2), `createdAt` DATETIME NOT NULL, `updatedAt` DATETIME NOT NULL, `AdminId` INTEGER, PRIMARY KEY (`id`), FOREIGN KEY (`AdminId`) REFERENCES `Admins` (`id`) ON DELETE SET NULL ON UPDATE CASCADE) ENGINE=InnoDB;

sql [2021-11-05 22:45:50] [DEBUG]: Executing (default): SHOW INDEX FROM `User_IIs`

sql [2021-11-05 22:45:50] [DEBUG]: Executing (default): CREATE TABLE IF NOT EXISTS `Rates` (`id` INTEGER NOT NULL auto_increment , `A` DECIMAL(10,2) NOT NULL, `B` DECIMAL(10,2) NOT NULL, `C` DECIMAL(10,2) NOT NULL, `A_1` DECIMAL(10,2) NOT NULL, `A_3` DECIMAL(10,2) NOT NULL, `B_1` DECIMAL(10,2) NOT NULL, `B_3` DECIMAL(10,2) NOT NULL, `L_s` DECIMAL(10,2) NOT NULL, `L_m` DECIMAL(10,2) NOT NULL, `L_l` DECIMAL(10,2) NOT NULL, `createdAt` DATETIME NOT NULL, `updatedAt` DATETIME NOT NULL, PRIMARY KEY (`id`)) ENGINE=InnoDB;

sql [2021-11-05 22:45:50] [DEBUG]: Executing (default): SHOW INDEX FROM `Rates`

sql [2021-11-05 22:48:23] [DEBUG]: Executing (default): SELECT `id`, `name`, `account`, `loginId`, `loginPwd`, `job`, `limit`, `isFreezed`, `cage`, `ident`, `loan`, `interest`, `company`, `cause`, `createdAt`, `updatedAt`, `AdminId` FROM `User_Is` AS `User_I` WHERE `User_I`.`account` = 'chengshennan01' LIMIT 1;

sql [2021-11-05 22:48:23] [DEBUG]: Executing (default): CREATE TABLE IF NOT EXISTS `Admins` (`id` INTEGER NOT NULL auto_increment , `name` VARCHAR(255) NOT NULL, `account` VARCHAR(255) NOT NULL, `loginId` VARCHAR(255) NOT NULL, `loginPwd` VARCHAR(255) NOT NULL, `income` DECIMAL(10,2), `corpus` DECIMAL(10,2), `createdAt` DATETIME NOT NULL, `updatedAt` DATETIME NOT NULL, `deletedAt` DATETIME, PRIMARY KEY (`id`)) ENGINE=InnoDB;

sql [2021-11-05 22:48:23] [DEBUG]: Executing (default): SHOW INDEX FROM `Admins`

sql [2021-11-05 22:48:23] [DEBUG]: Executing (default): INSERT INTO `User_Is` (`id`,`name`,`account`,`loginId`,`loginPwd`,`job`,`limit`,`isFreezed`,`cage`,`ident`,`loan`,`interest`,`company`,`createdAt`,`updatedAt`) VALUES (DEFAULT,?,?,?,?,?,?,?,?,?,?,?,?,?,?);

sql [2021-11-05 22:48:23] [DEBUG]: Executing (default): CREATE TABLE IF NOT EXISTS `User_Is` (`id` INTEGER NOT NULL auto_increment , `name` TEXT NOT NULL, `account` VARCHAR(255) NOT NULL, `loginId` VARCHAR(255) NOT NULL, `loginPwd` VARCHAR(255) NOT NULL, `job` TEXT, `limit` TINYINT(1) NOT NULL, `isFreezed` TINYINT(1) NOT NULL, `cage` VARCHAR(255) NOT NULL, `ident` INTEGER NOT NULL, `loan` DECIMAL(10,2), `interest` DECIMAL(10,2), `company` TEXT, `cause` TEXT, `createdAt` DATETIME NOT NULL, `updatedAt` DATETIME NOT NULL, `AdminId` INTEGER, PRIMARY KEY (`id`), FOREIGN KEY (`AdminId`) REFERENCES `Admins` (`id`) ON DELETE SET NULL ON UPDATE CASCADE) ENGINE=InnoDB;

sql [2021-11-05 22:48:23] [DEBUG]: Executing (default): SHOW INDEX FROM `User_Is`

sql [2021-11-05 22:48:23] [DEBUG]: Executing (default): CREATE TABLE IF NOT EXISTS `User_IIs` (`id` INTEGER NOT NULL auto_increment , `name` TEXT NOT NULL, `account` VARCHAR(255) NOT NULL, `loginId` VARCHAR(255) NOT NULL, `loginPwd` VARCHAR(255) NOT NULL, `job` TEXT, `isFreezed` TINYINT(1) NOT NULL, `cage` VARCHAR(255) NOT NULL, `deposit` DECIMAL(10,2), `interest` DECIMAL(10,2), `createdAt` DATETIME NOT NULL, `updatedAt` DATETIME NOT NULL, `AdminId` INTEGER, PRIMARY KEY (`id`), FOREIGN KEY (`AdminId`) REFERENCES `Admins` (`id`) ON DELETE SET NULL ON UPDATE CASCADE) ENGINE=InnoDB;

sql [2021-11-05 22:48:24] [DEBUG]: Executing (default): SHOW INDEX FROM `User_IIs`

sql [2021-11-05 22:48:24] [DEBUG]: Executing (default): CREATE TABLE IF NOT EXISTS `Rates` (`id` INTEGER NOT NULL auto_increment , `A` DECIMAL(10,2) NOT NULL, `B` DECIMAL(10,2) NOT NULL, `C` DECIMAL(10,2) NOT NULL, `A_1` DECIMAL(10,2) NOT NULL, `A_3` DECIMAL(10,2) NOT NULL, `B_1` DECIMAL(10,2) NOT NULL, `B_3` DECIMAL(10,2) NOT NULL, `L_s` DECIMAL(10,2) NOT NULL, `L_m` DECIMAL(10,2) NOT NULL, `L_l` DECIMAL(10,2) NOT NULL, `createdAt` DATETIME NOT NULL, `updatedAt` DATETIME NOT NULL, PRIMARY KEY (`id`)) ENGINE=InnoDB;

sql [2021-11-05 22:48:24] [DEBUG]: Executing (default): SHOW INDEX FROM `Rates`

sql [2021-11-05 22:50:48] [DEBUG]: Executing (default): SELECT `id`, `name`, `account`, `loginId`, `loginPwd`, `job`, `limit`, `isFreezed`, `cage`, `ident`, `loan`, `interest`, `company`, `cause`, `createdAt`, `updatedAt`, `AdminId` FROM `User_Is` AS `User_I` WHERE `User_I`.`account` = 'chengshennan01' LIMIT 1;

sql [2021-11-05 22:50:48] [DEBUG]: Executing (default): CREATE TABLE IF NOT EXISTS `Admins` (`id` INTEGER NOT NULL auto_increment , `name` VARCHAR(255) NOT NULL, `account` VARCHAR(255) NOT NULL, `loginId` VARCHAR(255) NOT NULL, `loginPwd` VARCHAR(255) NOT NULL, `income` DECIMAL(10,2), `corpus` DECIMAL(10,2), `createdAt` DATETIME NOT NULL, `updatedAt` DATETIME NOT NULL, `deletedAt` DATETIME, PRIMARY KEY (`id`)) ENGINE=InnoDB;

sql [2021-11-05 22:50:48] [DEBUG]: Executing (default): SHOW INDEX FROM `Admins`

sql [2021-11-05 22:50:48] [DEBUG]: Executing (default): CREATE TABLE IF NOT EXISTS `User_Is` (`id` INTEGER NOT NULL auto_increment , `name` TEXT NOT NULL, `account` VARCHAR(255) NOT NULL, `loginId` VARCHAR(255) NOT NULL, `loginPwd` VARCHAR(255) NOT NULL, `job` TEXT, `limit` TINYINT(1) NOT NULL, `isFreezed` TINYINT(1) NOT NULL, `cage` VARCHAR(255) NOT NULL, `ident` INTEGER NOT NULL, `loan` DECIMAL(10,2), `interest` DECIMAL(10,2), `company` TEXT, `cause` TEXT, `createdAt` DATETIME NOT NULL, `updatedAt` DATETIME NOT NULL, `AdminId` INTEGER, PRIMARY KEY (`id`), FOREIGN KEY (`AdminId`) REFERENCES `Admins` (`id`) ON DELETE SET NULL ON UPDATE CASCADE) ENGINE=InnoDB;

sql [2021-11-05 22:50:48] [DEBUG]: Executing (default): SHOW INDEX FROM `User_Is`

sql [2021-11-05 22:50:48] [DEBUG]: Executing (default): CREATE TABLE IF NOT EXISTS `User_IIs` (`id` INTEGER NOT NULL auto_increment , `name` TEXT NOT NULL, `account` VARCHAR(255) NOT NULL, `loginId` VARCHAR(255) NOT NULL, `loginPwd` VARCHAR(255) NOT NULL, `job` TEXT, `isFreezed` TINYINT(1) NOT NULL, `cage` VARCHAR(255) NOT NULL, `deposit` DECIMAL(10,2), `interest` DECIMAL(10,2), `createdAt` DATETIME NOT NULL, `updatedAt` DATETIME NOT NULL, `AdminId` INTEGER, PRIMARY KEY (`id`), FOREIGN KEY (`AdminId`) REFERENCES `Admins` (`id`) ON DELETE SET NULL ON UPDATE CASCADE) ENGINE=InnoDB;

sql [2021-11-05 22:50:48] [DEBUG]: Executing (default): SHOW INDEX FROM `User_IIs`

sql [2021-11-05 22:50:48] [DEBUG]: Executing (default): CREATE TABLE IF NOT EXISTS `Rates` (`id` INTEGER NOT NULL auto_increment , `A` DECIMAL(10,2) NOT NULL, `B` DECIMAL(10,2) NOT NULL, `C` DECIMAL(10,2) NOT NULL, `A_1` DECIMAL(10,2) NOT NULL, `A_3` DECIMAL(10,2) NOT NULL, `B_1` DECIMAL(10,2) NOT NULL, `B_3` DECIMAL(10,2) NOT NULL, `L_s` DECIMAL(10,2) NOT NULL, `L_m` DECIMAL(10,2) NOT NULL, `L_l` DECIMAL(10,2) NOT NULL, `createdAt` DATETIME NOT NULL, `updatedAt` DATETIME NOT NULL, PRIMARY KEY (`id`)) ENGINE=InnoDB;

sql [2021-11-05 22:50:48] [DEBUG]: Executing (default): SHOW INDEX FROM `Rates`

sql [2021-11-05 22:53:28] [DEBUG]: Executing (default): SELECT `id`, `name`, `account`, `loginId`, `loginPwd`, `job`, `limit`, `isFreezed`, `cage`, `ident`, `loan`, `interest`, `company`, `cause`, `createdAt`, `updatedAt`, `AdminId` FROM `User_Is` AS `User_I` WHERE `User_I`.`account` = 'chengshennan01' LIMIT 1;

sql [2021-11-05 22:53:28] [DEBUG]: Executing (default): CREATE TABLE IF NOT EXISTS `Admins` (`id` INTEGER NOT NULL auto_increment , `name` VARCHAR(255) NOT NULL, `account` VARCHAR(255) NOT NULL, `loginId` VARCHAR(255) NOT NULL, `loginPwd` VARCHAR(255) NOT NULL, `income` DECIMAL(10,2), `corpus` DECIMAL(10,2), `createdAt` DATETIME NOT NULL, `updatedAt` DATETIME NOT NULL, `deletedAt` DATETIME, PRIMARY KEY (`id`)) ENGINE=InnoDB;

sql [2021-11-05 22:53:28] [DEBUG]: Executing (default): INSERT INTO `User_Is` (`id`,`name`,`account`,`loginId`,`loginPwd`,`job`,`limit`,`isFreezed`,`cage`,`ident`,`loan`,`interest`,`company`,`cause`,`createdAt`,`updatedAt`) VALUES (DEFAULT,?,?,?,?,?,?,?,?,?,?,?,?,?,?,?);

sql [2021-11-05 22:53:28] [DEBUG]: Executing (default): SHOW INDEX FROM `Admins`

sql [2021-11-05 22:53:28] [DEBUG]: Executing (default): CREATE TABLE IF NOT EXISTS `User_Is` (`id` INTEGER NOT NULL auto_increment , `name` TEXT NOT NULL, `account` VARCHAR(255) NOT NULL, `loginId` VARCHAR(255) NOT NULL, `loginPwd` VARCHAR(255) NOT NULL, `job` TEXT, `limit` TINYINT(1) NOT NULL, `isFreezed` TINYINT(1) NOT NULL, `cage` VARCHAR(255) NOT NULL, `ident` INTEGER NOT NULL, `loan` DECIMAL(10,2), `interest` DECIMAL(10,2), `company` TEXT, `cause` TEXT, `createdAt` DATETIME NOT NULL, `updatedAt` DATETIME NOT NULL, `AdminId` INTEGER, PRIMARY KEY (`id`), FOREIGN KEY (`AdminId`) REFERENCES `Admins` (`id`) ON DELETE SET NULL ON UPDATE CASCADE) ENGINE=InnoDB;

sql [2021-11-05 22:53:28] [DEBUG]: Executing (default): SHOW INDEX FROM `User_Is`

sql [2021-11-05 22:53:28] [DEBUG]: Executing (default): CREATE TABLE IF NOT EXISTS `User_IIs` (`id` INTEGER NOT NULL auto_increment , `name` TEXT NOT NULL, `account` VARCHAR(255) NOT NULL, `loginId` VARCHAR(255) NOT NULL, `loginPwd` VARCHAR(255) NOT NULL, `job` TEXT, `isFreezed` TINYINT(1) NOT NULL, `cage` VARCHAR(255) NOT NULL, `deposit` DECIMAL(10,2), `interest` DECIMAL(10,2), `createdAt` DATETIME NOT NULL, `updatedAt` DATETIME NOT NULL, `AdminId` INTEGER, PRIMARY KEY (`id`), FOREIGN KEY (`AdminId`) REFERENCES `Admins` (`id`) ON DELETE SET NULL ON UPDATE CASCADE) ENGINE=InnoDB;

sql [2021-11-05 22:53:28] [DEBUG]: Executing (default): SHOW INDEX FROM `User_IIs`

sql [2021-11-05 22:53:28] [DEBUG]: Executing (default): CREATE TABLE IF NOT EXISTS `Rates` (`id` INTEGER NOT NULL auto_increment , `A` DECIMAL(10,2) NOT NULL, `B` DECIMAL(10,2) NOT NULL, `C` DECIMAL(10,2) NOT NULL, `A_1` DECIMAL(10,2) NOT NULL, `A_3` DECIMAL(10,2) NOT NULL, `B_1` DECIMAL(10,2) NOT NULL, `B_3` DECIMAL(10,2) NOT NULL, `L_s` DECIMAL(10,2) NOT NULL, `L_m` DECIMAL(10,2) NOT NULL, `L_l` DECIMAL(10,2) NOT NULL, `createdAt` DATETIME NOT NULL, `updatedAt` DATETIME NOT NULL, PRIMARY KEY (`id`)) ENGINE=InnoDB;

sql [2021-11-05 22:53:28] [DEBUG]: Executing (default): SHOW INDEX FROM `Rates`

