sql [2022-02-12 15:59:32] [DEBUG]: Executing (default): CREATE TABLE IF NOT EXISTS `Banks` (`id` INTEGER NOT NULL auto_increment , `name` VARCHAR(255) NOT NULL, `bankId` VARCHAR(255) NOT NULL, `corpus` DECIMAL(10,2), `flag` VARCHAR(255) NOT NULL, `createdAt` DATETIME NOT NULL, `updatedAt` DATETIME NOT NULL, `deletedAt` DATETIME, PRIMARY KEY (`id`)) ENGINE=InnoDB;

sql [2022-02-12 15:59:32] [DEBUG]: Executing (default): SHOW INDEX FROM `Banks`

sql [2022-02-12 15:59:32] [DEBUG]: Executing (default): CREATE TABLE IF NOT EXISTS `Admins` (`id` INTEGER NOT NULL auto_increment , `name` VARCHAR(255) NOT NULL, `loginId` VARCHAR(255) NOT NULL, `loginPwd` VARCHAR(255) NOT NULL, `rank` VARCHAR(255) NOT NULL, `flag` VARCHAR(255) NOT NULL, `createdAt` DATETIME NOT NULL, `updatedAt` DATETIME NOT NULL, `deletedAt` DATETIME, PRIMARY KEY (`id`)) ENGINE=InnoDB;

sql [2022-02-12 15:59:32] [DEBUG]: Executing (default): SHOW INDEX FROM `Admins`

sql [2022-02-12 15:59:32] [DEBUG]: Executing (default): CREATE TABLE IF NOT EXISTS `User_Is` (`id` INTEGER NOT NULL auto_increment , `name` TEXT NOT NULL, `account` VARCHAR(255) NOT NULL, `loginId` VARCHAR(255) NOT NULL, `loginPwd` VARCHAR(255) NOT NULL, `sex` TINYINT(1) NOT NULL, `birthday` DATETIME NOT NULL, `mobile` VARCHAR(11) NOT NULL, `job` TEXT, `limited` TINYINT(1) NOT NULL, `isFreezed` TINYINT(1) NOT NULL, `ident` INTEGER, `loan` DECIMAL(10,2), `interest` DECIMAL(10,2), `company` TEXT, `cause` TEXT, `flag` VARCHAR(255) NOT NULL, `createdAt` DATETIME NOT NULL, `updatedAt` DATETIME NOT NULL, `deletedAt` DATETIME, PRIMARY KEY (`id`)) ENGINE=InnoDB;

sql [2022-02-12 15:59:32] [DEBUG]: Executing (default): SHOW INDEX FROM `User_Is`

sql [2022-02-12 15:59:32] [DEBUG]: Executing (default): CREATE TABLE IF NOT EXISTS `User_IIs` (`id` INTEGER NOT NULL auto_increment , `name` TEXT NOT NULL, `account` VARCHAR(255) NOT NULL, `loginId` VARCHAR(255) NOT NULL, `loginPwd` VARCHAR(255) NOT NULL, `sex` TINYINT(1) NOT NULL, `birthday` DATETIME NOT NULL, `mobile` VARCHAR(11) NOT NULL, `job` TEXT, `isFreezed` TINYINT(1) NOT NULL, `deposit` DECIMAL(10,2), `interest` DECIMAL(10,2), `flag` VARCHAR(255) NOT NULL, `createdAt` DATETIME NOT NULL, `updatedAt` DATETIME NOT NULL, `deletedAt` DATETIME, PRIMARY KEY (`id`)) ENGINE=InnoDB;

sql [2022-02-12 15:59:32] [DEBUG]: Executing (default): SHOW INDEX FROM `User_IIs`

sql [2022-02-12 15:59:32] [DEBUG]: Executing (default): CREATE TABLE IF NOT EXISTS `Rates` (`id` INTEGER NOT NULL auto_increment , `A` DECIMAL(10,2) NOT NULL, `B` DECIMAL(10,2) NOT NULL, `C` DECIMAL(10,2) NOT NULL, `A_1` DECIMAL(10,2) NOT NULL, `A_3` DECIMAL(10,2) NOT NULL, `B_1` DECIMAL(10,2) NOT NULL, `B_3` DECIMAL(10,2) NOT NULL, `L_s` DECIMAL(10,2) NOT NULL, `L_m` DECIMAL(10,2) NOT NULL, `L_l` DECIMAL(10,2) NOT NULL, `flag` VARCHAR(255) NOT NULL, `createdAt` DATETIME NOT NULL, `updatedAt` DATETIME NOT NULL, `deletedAt` DATETIME, PRIMARY KEY (`id`)) ENGINE=InnoDB;

sql [2022-02-12 15:59:32] [DEBUG]: Executing (default): SHOW INDEX FROM `Rates`

sql [2022-02-12 16:00:53] [DEBUG]: Executing (default): SELECT `id`, `A`, `B`, `C`, `A_1`, `A_3`, `B_1`, `B_3`, `L_s`, `L_m`, `L_l`, `flag`, `createdAt`, `updatedAt`, `deletedAt` FROM `Rates` AS `Rate` WHERE (`Rate`.`deletedAt` IS NULL AND `Rate`.`id` = 1);

sql [2022-02-12 16:00:54] [DEBUG]: Executing (default): SELECT `id`, `name`, `bankId`, `corpus`, `flag`, `createdAt`, `updatedAt`, `deletedAt` FROM `Banks` AS `Bank` WHERE (`Bank`.`deletedAt` IS NULL AND `Bank`.`bankId` = 'cb1') LIMIT 1;

sql [2022-02-12 16:00:55] [DEBUG]: Executing (default): SELECT `id`, `name`, `account`, `loginId`, `loginPwd`, `sex`, `birthday`, `mobile`, `job`, `limited`, `isFreezed`, `ident`, `loan`, `interest`, `company`, `cause`, `flag`, `createdAt`, `updatedAt`, `deletedAt` FROM `User_Is` AS `User_I` WHERE (`User_I`.`deletedAt` IS NULL) ORDER BY loan;

sql [2022-02-12 16:00:55] [DEBUG]: Executing (default): SELECT `id`, `name`, `account`, `loginId`, `loginPwd`, `sex`, `birthday`, `mobile`, `job`, `isFreezed`, `deposit`, `interest`, `flag`, `createdAt`, `updatedAt`, `deletedAt` FROM `User_IIs` AS `User_II` WHERE (`User_II`.`deletedAt` IS NULL) ORDER BY deposit;

sql [2022-02-12 16:02:42] [DEBUG]: Executing (default): SELECT `id`, `name`, `account`, `loginId`, `loginPwd`, `sex`, `birthday`, `mobile`, `job`, `limited`, `isFreezed`, `ident`, `loan`, `interest`, `company`, `cause`, `flag`, `createdAt`, `updatedAt`, `deletedAt` FROM `User_Is` AS `User_I` WHERE (`User_I`.`deletedAt` IS NULL AND (`User_I`.`loginId` = 'chenshengnan01' AND `User_I`.`loginPwd` = 'chenshengnan01.p')) LIMIT 1;

sql [2022-02-12 16:07:49] [DEBUG]: Executing (default): SELECT `id`, `name`, `account`, `loginId`, `loginPwd`, `sex`, `birthday`, `mobile`, `job`, `limited`, `isFreezed`, `ident`, `loan`, `interest`, `company`, `cause`, `flag`, `createdAt`, `updatedAt`, `deletedAt` FROM `User_Is` AS `User_I` WHERE (`User_I`.`deletedAt` IS NULL AND (`User_I`.`loginId` = 'chenshengnan01' AND `User_I`.`loginPwd` = 'chenshengnan01.p')) LIMIT 1;

sql [2022-02-12 16:15:09] [DEBUG]: Executing (default): SELECT `id`, `name`, `loginId`, `loginPwd`, `rank`, `flag`, `createdAt`, `updatedAt`, `deletedAt` FROM `Admins` AS `Admin` WHERE (`Admin`.`deletedAt` IS NULL AND (`Admin`.`loginId` = 'admin' AND `Admin`.`loginPwd` = '1234')) LIMIT 1;

sql [2022-02-12 16:16:04] [DEBUG]: Executing (default): SELECT `id`, `name`, `account`, `loginId`, `loginPwd`, `sex`, `birthday`, `mobile`, `job`, `limited`, `isFreezed`, `ident`, `loan`, `interest`, `company`, `cause`, `flag`, `createdAt`, `updatedAt`, `deletedAt` FROM `User_Is` AS `User_I` WHERE (`User_I`.`deletedAt` IS NULL AND `User_I`.`account` = 'chengshengnan01') LIMIT 1;

sql [2022-02-12 16:16:15] [DEBUG]: Executing (default): SELECT `id`, `name`, `account`, `loginId`, `loginPwd`, `sex`, `birthday`, `mobile`, `job`, `limited`, `isFreezed`, `ident`, `loan`, `interest`, `company`, `cause`, `flag`, `createdAt`, `updatedAt`, `deletedAt` FROM `User_Is` AS `User_I` WHERE (`User_I`.`deletedAt` IS NULL AND `User_I`.`account` = 'chenshengnan01') LIMIT 1;

sql [2022-02-12 16:16:21] [DEBUG]: Executing (default): UPDATE `User_Is` SET `birthday`=?,`id`=?,`name`=?,`account`=?,`loginId`=?,`loginPwd`=?,`sex`=?,`mobile`=?,`job`=?,`limited`=?,`isFreezed`=?,`ident`=?,`loan`=?,`interest`=?,`company`=?,`cause`=?,`flag`=?,`createdAt`=?,`updatedAt`=?,`deletedAt`=? WHERE (`deletedAt` IS NULL AND `loginId` = ?)

sql [2022-02-12 16:16:36] [DEBUG]: Executing (default): SELECT `id`, `name`, `account`, `loginId`, `loginPwd`, `sex`, `birthday`, `mobile`, `job`, `limited`, `isFreezed`, `ident`, `loan`, `interest`, `company`, `cause`, `flag`, `createdAt`, `updatedAt`, `deletedAt` FROM `User_Is` AS `User_I` WHERE (`User_I`.`deletedAt` IS NULL AND (`User_I`.`loginId` = 'chenshengnan01' AND `User_I`.`loginPwd` = 'chenshengnan01.p')) LIMIT 1;

sql [2022-02-12 16:20:15] [DEBUG]: Executing (default): SELECT `id`, `name`, `account`, `loginId`, `loginPwd`, `sex`, `birthday`, `mobile`, `job`, `isFreezed`, `deposit`, `interest`, `flag`, `createdAt`, `updatedAt`, `deletedAt` FROM `User_IIs` AS `User_II` WHERE (`User_II`.`deletedAt` IS NULL AND (`User_II`.`loginId` = 'yangxiang01' AND `User_II`.`loginPwd` = 'yangxiang01.p')) LIMIT 1;

sql [2022-02-12 16:22:49] [DEBUG]: Executing (default): SELECT `id`, `name`, `account`, `loginId`, `loginPwd`, `sex`, `birthday`, `mobile`, `job`, `limited`, `isFreezed`, `ident`, `loan`, `interest`, `company`, `cause`, `flag`, `createdAt`, `updatedAt`, `deletedAt` FROM `User_Is` AS `User_I` WHERE (`User_I`.`deletedAt` IS NULL AND (`User_I`.`loginId` = 'chenshengnan01' AND `User_I`.`loginPwd` = 'chenshengnan01.p')) LIMIT 1;

sql [2022-02-12 16:25:28] [DEBUG]: Executing (default): SELECT `id`, `A`, `B`, `C`, `A_1`, `A_3`, `B_1`, `B_3`, `L_s`, `L_m`, `L_l`, `flag`, `createdAt`, `updatedAt`, `deletedAt` FROM `Rates` AS `Rate` WHERE (`Rate`.`deletedAt` IS NULL AND `Rate`.`id` = 1);

sql [2022-02-12 16:25:29] [DEBUG]: Executing (default): SELECT `id`, `name`, `bankId`, `corpus`, `flag`, `createdAt`, `updatedAt`, `deletedAt` FROM `Banks` AS `Bank` WHERE (`Bank`.`deletedAt` IS NULL AND `Bank`.`bankId` = 'cb1') LIMIT 1;

sql [2022-02-12 16:25:30] [DEBUG]: Executing (default): SELECT `id`, `name`, `account`, `loginId`, `loginPwd`, `sex`, `birthday`, `mobile`, `job`, `limited`, `isFreezed`, `ident`, `loan`, `interest`, `company`, `cause`, `flag`, `createdAt`, `updatedAt`, `deletedAt` FROM `User_Is` AS `User_I` WHERE (`User_I`.`deletedAt` IS NULL) ORDER BY loan;

sql [2022-02-12 16:25:30] [DEBUG]: Executing (default): SELECT `id`, `name`, `account`, `loginId`, `loginPwd`, `sex`, `birthday`, `mobile`, `job`, `isFreezed`, `deposit`, `interest`, `flag`, `createdAt`, `updatedAt`, `deletedAt` FROM `User_IIs` AS `User_II` WHERE (`User_II`.`deletedAt` IS NULL) ORDER BY deposit;

sql [2022-02-12 16:25:33] [DEBUG]: Executing (default): SELECT `id`, `A`, `B`, `C`, `A_1`, `A_3`, `B_1`, `B_3`, `L_s`, `L_m`, `L_l`, `flag`, `createdAt`, `updatedAt`, `deletedAt` FROM `Rates` AS `Rate` WHERE (`Rate`.`deletedAt` IS NULL AND `Rate`.`id` = 1);

sql [2022-02-12 16:25:34] [DEBUG]: Executing (default): SELECT `id`, `name`, `bankId`, `corpus`, `flag`, `createdAt`, `updatedAt`, `deletedAt` FROM `Banks` AS `Bank` WHERE (`Bank`.`deletedAt` IS NULL AND `Bank`.`bankId` = 'cb1') LIMIT 1;

sql [2022-02-12 16:25:35] [DEBUG]: Executing (default): SELECT `id`, `name`, `account`, `loginId`, `loginPwd`, `sex`, `birthday`, `mobile`, `job`, `limited`, `isFreezed`, `ident`, `loan`, `interest`, `company`, `cause`, `flag`, `createdAt`, `updatedAt`, `deletedAt` FROM `User_Is` AS `User_I` WHERE (`User_I`.`deletedAt` IS NULL) ORDER BY loan;

sql [2022-02-12 16:25:35] [DEBUG]: Executing (default): SELECT `id`, `name`, `account`, `loginId`, `loginPwd`, `sex`, `birthday`, `mobile`, `job`, `isFreezed`, `deposit`, `interest`, `flag`, `createdAt`, `updatedAt`, `deletedAt` FROM `User_IIs` AS `User_II` WHERE (`User_II`.`deletedAt` IS NULL) ORDER BY deposit;

sql [2022-02-12 16:26:14] [DEBUG]: Executing (default): SELECT `id`, `A`, `B`, `C`, `A_1`, `A_3`, `B_1`, `B_3`, `L_s`, `L_m`, `L_l`, `flag`, `createdAt`, `updatedAt`, `deletedAt` FROM `Rates` AS `Rate` WHERE (`Rate`.`deletedAt` IS NULL AND `Rate`.`id` = 1);

sql [2022-02-12 16:26:15] [DEBUG]: Executing (default): SELECT `id`, `name`, `bankId`, `corpus`, `flag`, `createdAt`, `updatedAt`, `deletedAt` FROM `Banks` AS `Bank` WHERE (`Bank`.`deletedAt` IS NULL AND `Bank`.`bankId` = 'cb1') LIMIT 1;

sql [2022-02-12 16:26:17] [DEBUG]: Executing (default): SELECT `id`, `name`, `account`, `loginId`, `loginPwd`, `sex`, `birthday`, `mobile`, `job`, `limited`, `isFreezed`, `ident`, `loan`, `interest`, `company`, `cause`, `flag`, `createdAt`, `updatedAt`, `deletedAt` FROM `User_Is` AS `User_I` WHERE (`User_I`.`deletedAt` IS NULL) ORDER BY loan;

sql [2022-02-12 16:26:17] [DEBUG]: Executing (default): SELECT `id`, `name`, `account`, `loginId`, `loginPwd`, `sex`, `birthday`, `mobile`, `job`, `isFreezed`, `deposit`, `interest`, `flag`, `createdAt`, `updatedAt`, `deletedAt` FROM `User_IIs` AS `User_II` WHERE (`User_II`.`deletedAt` IS NULL) ORDER BY deposit;

sql [2022-02-12 16:29:48] [DEBUG]: Executing (default): SELECT `id`, `name`, `account`, `loginId`, `loginPwd`, `sex`, `birthday`, `mobile`, `job`, `limited`, `isFreezed`, `ident`, `loan`, `interest`, `company`, `cause`, `flag`, `createdAt`, `updatedAt`, `deletedAt` FROM `User_Is` AS `User_I` WHERE (`User_I`.`deletedAt` IS NULL AND (`User_I`.`loginId` = 'chenshengnan01' AND `User_I`.`loginPwd` = 'chenshengnan01.p')) LIMIT 1;

sql [2022-02-12 16:41:00] [DEBUG]: Executing (default): SELECT `id`, `A`, `B`, `C`, `A_1`, `A_3`, `B_1`, `B_3`, `L_s`, `L_m`, `L_l`, `flag`, `createdAt`, `updatedAt`, `deletedAt` FROM `Rates` AS `Rate` WHERE (`Rate`.`deletedAt` IS NULL AND `Rate`.`id` = 1);

sql [2022-02-12 16:41:01] [DEBUG]: Executing (default): SELECT `id`, `name`, `bankId`, `corpus`, `flag`, `createdAt`, `updatedAt`, `deletedAt` FROM `Banks` AS `Bank` WHERE (`Bank`.`deletedAt` IS NULL AND `Bank`.`bankId` = 'cb1') LIMIT 1;

sql [2022-02-12 16:41:02] [DEBUG]: Executing (default): SELECT `id`, `name`, `account`, `loginId`, `loginPwd`, `sex`, `birthday`, `mobile`, `job`, `limited`, `isFreezed`, `ident`, `loan`, `interest`, `company`, `cause`, `flag`, `createdAt`, `updatedAt`, `deletedAt` FROM `User_Is` AS `User_I` WHERE (`User_I`.`deletedAt` IS NULL) ORDER BY loan;

sql [2022-02-12 16:41:02] [DEBUG]: Executing (default): SELECT `id`, `name`, `account`, `loginId`, `loginPwd`, `sex`, `birthday`, `mobile`, `job`, `isFreezed`, `deposit`, `interest`, `flag`, `createdAt`, `updatedAt`, `deletedAt` FROM `User_IIs` AS `User_II` WHERE (`User_II`.`deletedAt` IS NULL) ORDER BY deposit;

sql [2022-02-12 16:41:48] [DEBUG]: Executing (default): SELECT `id`, `A`, `B`, `C`, `A_1`, `A_3`, `B_1`, `B_3`, `L_s`, `L_m`, `L_l`, `flag`, `createdAt`, `updatedAt`, `deletedAt` FROM `Rates` AS `Rate` WHERE (`Rate`.`deletedAt` IS NULL AND `Rate`.`id` = 1);

sql [2022-02-12 16:41:49] [DEBUG]: Executing (default): SELECT `id`, `name`, `bankId`, `corpus`, `flag`, `createdAt`, `updatedAt`, `deletedAt` FROM `Banks` AS `Bank` WHERE (`Bank`.`deletedAt` IS NULL AND `Bank`.`bankId` = 'cb1') LIMIT 1;

sql [2022-02-12 16:41:50] [DEBUG]: Executing (default): SELECT `id`, `name`, `account`, `loginId`, `loginPwd`, `sex`, `birthday`, `mobile`, `job`, `limited`, `isFreezed`, `ident`, `loan`, `interest`, `company`, `cause`, `flag`, `createdAt`, `updatedAt`, `deletedAt` FROM `User_Is` AS `User_I` WHERE (`User_I`.`deletedAt` IS NULL) ORDER BY loan;

sql [2022-02-12 16:41:51] [DEBUG]: Executing (default): SELECT `id`, `name`, `account`, `loginId`, `loginPwd`, `sex`, `birthday`, `mobile`, `job`, `isFreezed`, `deposit`, `interest`, `flag`, `createdAt`, `updatedAt`, `deletedAt` FROM `User_IIs` AS `User_II` WHERE (`User_II`.`deletedAt` IS NULL) ORDER BY deposit;

sql [2022-02-12 16:43:04] [DEBUG]: Executing (default): SELECT `id`, `A`, `B`, `C`, `A_1`, `A_3`, `B_1`, `B_3`, `L_s`, `L_m`, `L_l`, `flag`, `createdAt`, `updatedAt`, `deletedAt` FROM `Rates` AS `Rate` WHERE (`Rate`.`deletedAt` IS NULL AND `Rate`.`id` = 1);

sql [2022-02-12 16:43:05] [DEBUG]: Executing (default): SELECT `id`, `name`, `bankId`, `corpus`, `flag`, `createdAt`, `updatedAt`, `deletedAt` FROM `Banks` AS `Bank` WHERE (`Bank`.`deletedAt` IS NULL AND `Bank`.`bankId` = 'cb1') LIMIT 1;

sql [2022-02-12 16:43:06] [DEBUG]: Executing (default): SELECT `id`, `name`, `account`, `loginId`, `loginPwd`, `sex`, `birthday`, `mobile`, `job`, `limited`, `isFreezed`, `ident`, `loan`, `interest`, `company`, `cause`, `flag`, `createdAt`, `updatedAt`, `deletedAt` FROM `User_Is` AS `User_I` WHERE (`User_I`.`deletedAt` IS NULL) ORDER BY loan;

sql [2022-02-12 16:43:06] [DEBUG]: Executing (default): SELECT `id`, `name`, `account`, `loginId`, `loginPwd`, `sex`, `birthday`, `mobile`, `job`, `isFreezed`, `deposit`, `interest`, `flag`, `createdAt`, `updatedAt`, `deletedAt` FROM `User_IIs` AS `User_II` WHERE (`User_II`.`deletedAt` IS NULL) ORDER BY deposit;

sql [2022-02-12 16:44:31] [DEBUG]: Executing (default): SELECT `id`, `A`, `B`, `C`, `A_1`, `A_3`, `B_1`, `B_3`, `L_s`, `L_m`, `L_l`, `flag`, `createdAt`, `updatedAt`, `deletedAt` FROM `Rates` AS `Rate` WHERE (`Rate`.`deletedAt` IS NULL AND `Rate`.`id` = 1);

sql [2022-02-12 16:44:32] [DEBUG]: Executing (default): SELECT `id`, `name`, `bankId`, `corpus`, `flag`, `createdAt`, `updatedAt`, `deletedAt` FROM `Banks` AS `Bank` WHERE (`Bank`.`deletedAt` IS NULL AND `Bank`.`bankId` = 'cb1') LIMIT 1;

sql [2022-02-12 16:44:34] [DEBUG]: Executing (default): SELECT `id`, `name`, `account`, `loginId`, `loginPwd`, `sex`, `birthday`, `mobile`, `job`, `limited`, `isFreezed`, `ident`, `loan`, `interest`, `company`, `cause`, `flag`, `createdAt`, `updatedAt`, `deletedAt` FROM `User_Is` AS `User_I` WHERE (`User_I`.`deletedAt` IS NULL) ORDER BY loan;

sql [2022-02-12 16:44:34] [DEBUG]: Executing (default): SELECT `id`, `name`, `account`, `loginId`, `loginPwd`, `sex`, `birthday`, `mobile`, `job`, `isFreezed`, `deposit`, `interest`, `flag`, `createdAt`, `updatedAt`, `deletedAt` FROM `User_IIs` AS `User_II` WHERE (`User_II`.`deletedAt` IS NULL) ORDER BY deposit;

sql [2022-02-12 16:46:04] [DEBUG]: Executing (default): SELECT `id`, `A`, `B`, `C`, `A_1`, `A_3`, `B_1`, `B_3`, `L_s`, `L_m`, `L_l`, `flag`, `createdAt`, `updatedAt`, `deletedAt` FROM `Rates` AS `Rate` WHERE (`Rate`.`deletedAt` IS NULL AND `Rate`.`id` = 1);

sql [2022-02-12 16:46:05] [DEBUG]: Executing (default): SELECT `id`, `name`, `bankId`, `corpus`, `flag`, `createdAt`, `updatedAt`, `deletedAt` FROM `Banks` AS `Bank` WHERE (`Bank`.`deletedAt` IS NULL AND `Bank`.`bankId` = 'cb1') LIMIT 1;

sql [2022-02-12 16:46:06] [DEBUG]: Executing (default): SELECT `id`, `name`, `account`, `loginId`, `loginPwd`, `sex`, `birthday`, `mobile`, `job`, `limited`, `isFreezed`, `ident`, `loan`, `interest`, `company`, `cause`, `flag`, `createdAt`, `updatedAt`, `deletedAt` FROM `User_Is` AS `User_I` WHERE (`User_I`.`deletedAt` IS NULL) ORDER BY loan;

sql [2022-02-12 16:46:06] [DEBUG]: Executing (default): SELECT `id`, `name`, `account`, `loginId`, `loginPwd`, `sex`, `birthday`, `mobile`, `job`, `isFreezed`, `deposit`, `interest`, `flag`, `createdAt`, `updatedAt`, `deletedAt` FROM `User_IIs` AS `User_II` WHERE (`User_II`.`deletedAt` IS NULL) ORDER BY deposit;

sql [2022-02-12 16:46:52] [DEBUG]: Executing (default): SELECT `id`, `A`, `B`, `C`, `A_1`, `A_3`, `B_1`, `B_3`, `L_s`, `L_m`, `L_l`, `flag`, `createdAt`, `updatedAt`, `deletedAt` FROM `Rates` AS `Rate` WHERE (`Rate`.`deletedAt` IS NULL AND `Rate`.`id` = 1);

sql [2022-02-12 16:46:53] [DEBUG]: Executing (default): SELECT `id`, `name`, `bankId`, `corpus`, `flag`, `createdAt`, `updatedAt`, `deletedAt` FROM `Banks` AS `Bank` WHERE (`Bank`.`deletedAt` IS NULL AND `Bank`.`bankId` = 'cb1') LIMIT 1;

sql [2022-02-12 16:47:01] [DEBUG]: Executing (default): SELECT `id`, `A`, `B`, `C`, `A_1`, `A_3`, `B_1`, `B_3`, `L_s`, `L_m`, `L_l`, `flag`, `createdAt`, `updatedAt`, `deletedAt` FROM `Rates` AS `Rate` WHERE (`Rate`.`deletedAt` IS NULL AND `Rate`.`id` = 1);

sql [2022-02-12 16:47:02] [DEBUG]: Executing (default): SELECT `id`, `name`, `bankId`, `corpus`, `flag`, `createdAt`, `updatedAt`, `deletedAt` FROM `Banks` AS `Bank` WHERE (`Bank`.`deletedAt` IS NULL AND `Bank`.`bankId` = 'cb1') LIMIT 1;

sql [2022-02-12 16:47:03] [DEBUG]: Executing (default): SELECT `id`, `name`, `account`, `loginId`, `loginPwd`, `sex`, `birthday`, `mobile`, `job`, `limited`, `isFreezed`, `ident`, `loan`, `interest`, `company`, `cause`, `flag`, `createdAt`, `updatedAt`, `deletedAt` FROM `User_Is` AS `User_I` WHERE (`User_I`.`deletedAt` IS NULL) ORDER BY loan;

sql [2022-02-12 16:47:03] [DEBUG]: Executing (default): SELECT `id`, `name`, `account`, `loginId`, `loginPwd`, `sex`, `birthday`, `mobile`, `job`, `isFreezed`, `deposit`, `interest`, `flag`, `createdAt`, `updatedAt`, `deletedAt` FROM `User_IIs` AS `User_II` WHERE (`User_II`.`deletedAt` IS NULL) ORDER BY deposit;

sql [2022-02-12 16:48:10] [DEBUG]: Executing (default): SELECT `id`, `A`, `B`, `C`, `A_1`, `A_3`, `B_1`, `B_3`, `L_s`, `L_m`, `L_l`, `flag`, `createdAt`, `updatedAt`, `deletedAt` FROM `Rates` AS `Rate` WHERE (`Rate`.`deletedAt` IS NULL AND `Rate`.`id` = 1);

sql [2022-02-12 16:48:11] [DEBUG]: Executing (default): SELECT `id`, `name`, `bankId`, `corpus`, `flag`, `createdAt`, `updatedAt`, `deletedAt` FROM `Banks` AS `Bank` WHERE (`Bank`.`deletedAt` IS NULL AND `Bank`.`bankId` = 'cb1') LIMIT 1;

sql [2022-02-12 16:48:12] [DEBUG]: Executing (default): SELECT `id`, `name`, `account`, `loginId`, `loginPwd`, `sex`, `birthday`, `mobile`, `job`, `limited`, `isFreezed`, `ident`, `loan`, `interest`, `company`, `cause`, `flag`, `createdAt`, `updatedAt`, `deletedAt` FROM `User_Is` AS `User_I` WHERE (`User_I`.`deletedAt` IS NULL) ORDER BY loan;

sql [2022-02-12 16:48:12] [DEBUG]: Executing (default): SELECT `id`, `name`, `account`, `loginId`, `loginPwd`, `sex`, `birthday`, `mobile`, `job`, `isFreezed`, `deposit`, `interest`, `flag`, `createdAt`, `updatedAt`, `deletedAt` FROM `User_IIs` AS `User_II` WHERE (`User_II`.`deletedAt` IS NULL) ORDER BY deposit;

sql [2022-02-12 16:50:42] [DEBUG]: Executing (default): SELECT `id`, `A`, `B`, `C`, `A_1`, `A_3`, `B_1`, `B_3`, `L_s`, `L_m`, `L_l`, `flag`, `createdAt`, `updatedAt`, `deletedAt` FROM `Rates` AS `Rate` WHERE (`Rate`.`deletedAt` IS NULL AND `Rate`.`id` = 1);

sql [2022-02-12 16:50:43] [DEBUG]: Executing (default): SELECT `id`, `name`, `bankId`, `corpus`, `flag`, `createdAt`, `updatedAt`, `deletedAt` FROM `Banks` AS `Bank` WHERE (`Bank`.`deletedAt` IS NULL AND `Bank`.`bankId` = 'cb1') LIMIT 1;

sql [2022-02-12 16:50:45] [DEBUG]: Executing (default): SELECT `id`, `name`, `account`, `loginId`, `loginPwd`, `sex`, `birthday`, `mobile`, `job`, `limited`, `isFreezed`, `ident`, `loan`, `interest`, `company`, `cause`, `flag`, `createdAt`, `updatedAt`, `deletedAt` FROM `User_Is` AS `User_I` WHERE (`User_I`.`deletedAt` IS NULL) ORDER BY loan;

sql [2022-02-12 16:50:45] [DEBUG]: Executing (default): SELECT `id`, `name`, `account`, `loginId`, `loginPwd`, `sex`, `birthday`, `mobile`, `job`, `isFreezed`, `deposit`, `interest`, `flag`, `createdAt`, `updatedAt`, `deletedAt` FROM `User_IIs` AS `User_II` WHERE (`User_II`.`deletedAt` IS NULL) ORDER BY deposit;

sql [2022-02-12 17:00:11] [DEBUG]: Executing (default): SELECT `id`, `A`, `B`, `C`, `A_1`, `A_3`, `B_1`, `B_3`, `L_s`, `L_m`, `L_l`, `flag`, `createdAt`, `updatedAt`, `deletedAt` FROM `Rates` AS `Rate` WHERE (`Rate`.`deletedAt` IS NULL AND `Rate`.`id` = 1);

sql [2022-02-12 17:00:13] [DEBUG]: Executing (default): SELECT `id`, `name`, `bankId`, `corpus`, `flag`, `createdAt`, `updatedAt`, `deletedAt` FROM `Banks` AS `Bank` WHERE (`Bank`.`deletedAt` IS NULL AND `Bank`.`bankId` = 'cb1') LIMIT 1;

sql [2022-02-12 17:00:14] [DEBUG]: Executing (default): SELECT `id`, `name`, `account`, `loginId`, `loginPwd`, `sex`, `birthday`, `mobile`, `job`, `limited`, `isFreezed`, `ident`, `loan`, `interest`, `company`, `cause`, `flag`, `createdAt`, `updatedAt`, `deletedAt` FROM `User_Is` AS `User_I` WHERE (`User_I`.`deletedAt` IS NULL) ORDER BY loan;

sql [2022-02-12 17:00:14] [DEBUG]: Executing (default): SELECT `id`, `name`, `account`, `loginId`, `loginPwd`, `sex`, `birthday`, `mobile`, `job`, `isFreezed`, `deposit`, `interest`, `flag`, `createdAt`, `updatedAt`, `deletedAt` FROM `User_IIs` AS `User_II` WHERE (`User_II`.`deletedAt` IS NULL) ORDER BY deposit;

sql [2022-02-12 17:00:15] [DEBUG]: Executing (default): SELECT `id`, `A`, `B`, `C`, `A_1`, `A_3`, `B_1`, `B_3`, `L_s`, `L_m`, `L_l`, `flag`, `createdAt`, `updatedAt`, `deletedAt` FROM `Rates` AS `Rate` WHERE (`Rate`.`deletedAt` IS NULL AND `Rate`.`id` = 1);

sql [2022-02-12 17:00:16] [DEBUG]: Executing (default): SELECT `id`, `name`, `bankId`, `corpus`, `flag`, `createdAt`, `updatedAt`, `deletedAt` FROM `Banks` AS `Bank` WHERE (`Bank`.`deletedAt` IS NULL AND `Bank`.`bankId` = 'cb1') LIMIT 1;

sql [2022-02-12 17:00:17] [DEBUG]: Executing (default): SELECT `id`, `name`, `account`, `loginId`, `loginPwd`, `sex`, `birthday`, `mobile`, `job`, `limited`, `isFreezed`, `ident`, `loan`, `interest`, `company`, `cause`, `flag`, `createdAt`, `updatedAt`, `deletedAt` FROM `User_Is` AS `User_I` WHERE (`User_I`.`deletedAt` IS NULL) ORDER BY loan;

sql [2022-02-12 17:00:17] [DEBUG]: Executing (default): SELECT `id`, `name`, `account`, `loginId`, `loginPwd`, `sex`, `birthday`, `mobile`, `job`, `isFreezed`, `deposit`, `interest`, `flag`, `createdAt`, `updatedAt`, `deletedAt` FROM `User_IIs` AS `User_II` WHERE (`User_II`.`deletedAt` IS NULL) ORDER BY deposit;

sql [2022-02-12 17:01:30] [DEBUG]: Executing (default): SELECT `id`, `A`, `B`, `C`, `A_1`, `A_3`, `B_1`, `B_3`, `L_s`, `L_m`, `L_l`, `flag`, `createdAt`, `updatedAt`, `deletedAt` FROM `Rates` AS `Rate` WHERE (`Rate`.`deletedAt` IS NULL AND `Rate`.`id` = 1);

sql [2022-02-12 17:01:31] [DEBUG]: Executing (default): SELECT `id`, `name`, `bankId`, `corpus`, `flag`, `createdAt`, `updatedAt`, `deletedAt` FROM `Banks` AS `Bank` WHERE (`Bank`.`deletedAt` IS NULL AND `Bank`.`bankId` = 'cb1') LIMIT 1;

sql [2022-02-12 17:01:32] [DEBUG]: Executing (default): SELECT `id`, `name`, `account`, `loginId`, `loginPwd`, `sex`, `birthday`, `mobile`, `job`, `limited`, `isFreezed`, `ident`, `loan`, `interest`, `company`, `cause`, `flag`, `createdAt`, `updatedAt`, `deletedAt` FROM `User_Is` AS `User_I` WHERE (`User_I`.`deletedAt` IS NULL) ORDER BY loan;

sql [2022-02-12 17:01:32] [DEBUG]: Executing (default): SELECT `id`, `name`, `account`, `loginId`, `loginPwd`, `sex`, `birthday`, `mobile`, `job`, `isFreezed`, `deposit`, `interest`, `flag`, `createdAt`, `updatedAt`, `deletedAt` FROM `User_IIs` AS `User_II` WHERE (`User_II`.`deletedAt` IS NULL) ORDER BY deposit;

sql [2022-02-12 17:01:51] [DEBUG]: Executing (default): SELECT `id`, `A`, `B`, `C`, `A_1`, `A_3`, `B_1`, `B_3`, `L_s`, `L_m`, `L_l`, `flag`, `createdAt`, `updatedAt`, `deletedAt` FROM `Rates` AS `Rate` WHERE (`Rate`.`deletedAt` IS NULL AND `Rate`.`id` = 1);

sql [2022-02-12 17:01:52] [DEBUG]: Executing (default): SELECT `id`, `name`, `bankId`, `corpus`, `flag`, `createdAt`, `updatedAt`, `deletedAt` FROM `Banks` AS `Bank` WHERE (`Bank`.`deletedAt` IS NULL AND `Bank`.`bankId` = 'cb1') LIMIT 1;

sql [2022-02-12 17:01:53] [DEBUG]: Executing (default): SELECT `id`, `name`, `account`, `loginId`, `loginPwd`, `sex`, `birthday`, `mobile`, `job`, `limited`, `isFreezed`, `ident`, `loan`, `interest`, `company`, `cause`, `flag`, `createdAt`, `updatedAt`, `deletedAt` FROM `User_Is` AS `User_I` WHERE (`User_I`.`deletedAt` IS NULL) ORDER BY loan;

sql [2022-02-12 17:01:53] [DEBUG]: Executing (default): SELECT `id`, `name`, `account`, `loginId`, `loginPwd`, `sex`, `birthday`, `mobile`, `job`, `isFreezed`, `deposit`, `interest`, `flag`, `createdAt`, `updatedAt`, `deletedAt` FROM `User_IIs` AS `User_II` WHERE (`User_II`.`deletedAt` IS NULL) ORDER BY deposit;

sql [2022-02-12 17:04:50] [DEBUG]: Executing (default): SELECT `id`, `A`, `B`, `C`, `A_1`, `A_3`, `B_1`, `B_3`, `L_s`, `L_m`, `L_l`, `flag`, `createdAt`, `updatedAt`, `deletedAt` FROM `Rates` AS `Rate` WHERE (`Rate`.`deletedAt` IS NULL AND `Rate`.`id` = 1);

sql [2022-02-12 17:04:55] [DEBUG]: Executing (default): SELECT `id`, `A`, `B`, `C`, `A_1`, `A_3`, `B_1`, `B_3`, `L_s`, `L_m`, `L_l`, `flag`, `createdAt`, `updatedAt`, `deletedAt` FROM `Rates` AS `Rate` WHERE (`Rate`.`deletedAt` IS NULL AND `Rate`.`id` = 1);

sql [2022-02-12 17:04:56] [DEBUG]: Executing (default): SELECT `id`, `name`, `bankId`, `corpus`, `flag`, `createdAt`, `updatedAt`, `deletedAt` FROM `Banks` AS `Bank` WHERE (`Bank`.`deletedAt` IS NULL AND `Bank`.`bankId` = 'cb1') LIMIT 1;

sql [2022-02-12 17:04:57] [DEBUG]: Executing (default): SELECT `id`, `name`, `account`, `loginId`, `loginPwd`, `sex`, `birthday`, `mobile`, `job`, `limited`, `isFreezed`, `ident`, `loan`, `interest`, `company`, `cause`, `flag`, `createdAt`, `updatedAt`, `deletedAt` FROM `User_Is` AS `User_I` WHERE (`User_I`.`deletedAt` IS NULL) ORDER BY loan;

sql [2022-02-12 17:04:57] [DEBUG]: Executing (default): SELECT `id`, `name`, `account`, `loginId`, `loginPwd`, `sex`, `birthday`, `mobile`, `job`, `isFreezed`, `deposit`, `interest`, `flag`, `createdAt`, `updatedAt`, `deletedAt` FROM `User_IIs` AS `User_II` WHERE (`User_II`.`deletedAt` IS NULL) ORDER BY deposit;

sql [2022-02-12 17:06:00] [DEBUG]: Executing (default): SELECT `id`, `A`, `B`, `C`, `A_1`, `A_3`, `B_1`, `B_3`, `L_s`, `L_m`, `L_l`, `flag`, `createdAt`, `updatedAt`, `deletedAt` FROM `Rates` AS `Rate` WHERE (`Rate`.`deletedAt` IS NULL AND `Rate`.`id` = 1);

sql [2022-02-12 17:06:01] [DEBUG]: Executing (default): SELECT `id`, `name`, `bankId`, `corpus`, `flag`, `createdAt`, `updatedAt`, `deletedAt` FROM `Banks` AS `Bank` WHERE (`Bank`.`deletedAt` IS NULL AND `Bank`.`bankId` = 'cb1') LIMIT 1;

sql [2022-02-12 17:06:02] [DEBUG]: Executing (default): SELECT `id`, `name`, `account`, `loginId`, `loginPwd`, `sex`, `birthday`, `mobile`, `job`, `limited`, `isFreezed`, `ident`, `loan`, `interest`, `company`, `cause`, `flag`, `createdAt`, `updatedAt`, `deletedAt` FROM `User_Is` AS `User_I` WHERE (`User_I`.`deletedAt` IS NULL) ORDER BY loan;

sql [2022-02-12 17:06:02] [DEBUG]: Executing (default): SELECT `id`, `name`, `account`, `loginId`, `loginPwd`, `sex`, `birthday`, `mobile`, `job`, `isFreezed`, `deposit`, `interest`, `flag`, `createdAt`, `updatedAt`, `deletedAt` FROM `User_IIs` AS `User_II` WHERE (`User_II`.`deletedAt` IS NULL) ORDER BY deposit;

sql [2022-02-12 17:06:42] [DEBUG]: Executing (default): SELECT `id`, `A`, `B`, `C`, `A_1`, `A_3`, `B_1`, `B_3`, `L_s`, `L_m`, `L_l`, `flag`, `createdAt`, `updatedAt`, `deletedAt` FROM `Rates` AS `Rate` WHERE (`Rate`.`deletedAt` IS NULL AND `Rate`.`id` = 1);

sql [2022-02-12 17:06:43] [DEBUG]: Executing (default): SELECT `id`, `name`, `bankId`, `corpus`, `flag`, `createdAt`, `updatedAt`, `deletedAt` FROM `Banks` AS `Bank` WHERE (`Bank`.`deletedAt` IS NULL AND `Bank`.`bankId` = 'cb1') LIMIT 1;

sql [2022-02-12 17:06:44] [DEBUG]: Executing (default): SELECT `id`, `name`, `account`, `loginId`, `loginPwd`, `sex`, `birthday`, `mobile`, `job`, `limited`, `isFreezed`, `ident`, `loan`, `interest`, `company`, `cause`, `flag`, `createdAt`, `updatedAt`, `deletedAt` FROM `User_Is` AS `User_I` WHERE (`User_I`.`deletedAt` IS NULL) ORDER BY loan;

sql [2022-02-12 17:06:44] [DEBUG]: Executing (default): SELECT `id`, `name`, `account`, `loginId`, `loginPwd`, `sex`, `birthday`, `mobile`, `job`, `isFreezed`, `deposit`, `interest`, `flag`, `createdAt`, `updatedAt`, `deletedAt` FROM `User_IIs` AS `User_II` WHERE (`User_II`.`deletedAt` IS NULL) ORDER BY deposit;

sql [2022-02-12 17:06:49] [DEBUG]: Executing (default): SELECT `id`, `A`, `B`, `C`, `A_1`, `A_3`, `B_1`, `B_3`, `L_s`, `L_m`, `L_l`, `flag`, `createdAt`, `updatedAt`, `deletedAt` FROM `Rates` AS `Rate` WHERE (`Rate`.`deletedAt` IS NULL AND `Rate`.`id` = 1);

sql [2022-02-12 17:06:50] [DEBUG]: Executing (default): SELECT `id`, `name`, `bankId`, `corpus`, `flag`, `createdAt`, `updatedAt`, `deletedAt` FROM `Banks` AS `Bank` WHERE (`Bank`.`deletedAt` IS NULL AND `Bank`.`bankId` = 'cb1') LIMIT 1;

sql [2022-02-12 17:06:51] [DEBUG]: Executing (default): SELECT `id`, `name`, `account`, `loginId`, `loginPwd`, `sex`, `birthday`, `mobile`, `job`, `limited`, `isFreezed`, `ident`, `loan`, `interest`, `company`, `cause`, `flag`, `createdAt`, `updatedAt`, `deletedAt` FROM `User_Is` AS `User_I` WHERE (`User_I`.`deletedAt` IS NULL) ORDER BY loan;

sql [2022-02-12 17:06:51] [DEBUG]: Executing (default): SELECT `id`, `name`, `account`, `loginId`, `loginPwd`, `sex`, `birthday`, `mobile`, `job`, `isFreezed`, `deposit`, `interest`, `flag`, `createdAt`, `updatedAt`, `deletedAt` FROM `User_IIs` AS `User_II` WHERE (`User_II`.`deletedAt` IS NULL) ORDER BY deposit;

sql [2022-02-12 17:07:00] [DEBUG]: Executing (default): SELECT `id`, `A`, `B`, `C`, `A_1`, `A_3`, `B_1`, `B_3`, `L_s`, `L_m`, `L_l`, `flag`, `createdAt`, `updatedAt`, `deletedAt` FROM `Rates` AS `Rate` WHERE (`Rate`.`deletedAt` IS NULL AND `Rate`.`id` = 1);

sql [2022-02-12 17:07:01] [DEBUG]: Executing (default): SELECT `id`, `name`, `bankId`, `corpus`, `flag`, `createdAt`, `updatedAt`, `deletedAt` FROM `Banks` AS `Bank` WHERE (`Bank`.`deletedAt` IS NULL AND `Bank`.`bankId` = 'cb1') LIMIT 1;

sql [2022-02-12 17:07:02] [DEBUG]: Executing (default): SELECT `id`, `name`, `account`, `loginId`, `loginPwd`, `sex`, `birthday`, `mobile`, `job`, `limited`, `isFreezed`, `ident`, `loan`, `interest`, `company`, `cause`, `flag`, `createdAt`, `updatedAt`, `deletedAt` FROM `User_Is` AS `User_I` WHERE (`User_I`.`deletedAt` IS NULL) ORDER BY loan;

sql [2022-02-12 17:07:02] [DEBUG]: Executing (default): SELECT `id`, `name`, `account`, `loginId`, `loginPwd`, `sex`, `birthday`, `mobile`, `job`, `isFreezed`, `deposit`, `interest`, `flag`, `createdAt`, `updatedAt`, `deletedAt` FROM `User_IIs` AS `User_II` WHERE (`User_II`.`deletedAt` IS NULL) ORDER BY deposit;

sql [2022-02-12 17:07:28] [DEBUG]: Executing (default): SELECT `id`, `A`, `B`, `C`, `A_1`, `A_3`, `B_1`, `B_3`, `L_s`, `L_m`, `L_l`, `flag`, `createdAt`, `updatedAt`, `deletedAt` FROM `Rates` AS `Rate` WHERE (`Rate`.`deletedAt` IS NULL AND `Rate`.`id` = 1);

sql [2022-02-12 17:07:29] [DEBUG]: Executing (default): SELECT `id`, `name`, `bankId`, `corpus`, `flag`, `createdAt`, `updatedAt`, `deletedAt` FROM `Banks` AS `Bank` WHERE (`Bank`.`deletedAt` IS NULL AND `Bank`.`bankId` = 'cb1') LIMIT 1;

sql [2022-02-12 17:07:30] [DEBUG]: Executing (default): SELECT `id`, `name`, `account`, `loginId`, `loginPwd`, `sex`, `birthday`, `mobile`, `job`, `limited`, `isFreezed`, `ident`, `loan`, `interest`, `company`, `cause`, `flag`, `createdAt`, `updatedAt`, `deletedAt` FROM `User_Is` AS `User_I` WHERE (`User_I`.`deletedAt` IS NULL) ORDER BY loan;

sql [2022-02-12 17:07:30] [DEBUG]: Executing (default): SELECT `id`, `name`, `account`, `loginId`, `loginPwd`, `sex`, `birthday`, `mobile`, `job`, `isFreezed`, `deposit`, `interest`, `flag`, `createdAt`, `updatedAt`, `deletedAt` FROM `User_IIs` AS `User_II` WHERE (`User_II`.`deletedAt` IS NULL) ORDER BY deposit;

sql [2022-02-12 17:07:59] [DEBUG]: Executing (default): SELECT `id`, `A`, `B`, `C`, `A_1`, `A_3`, `B_1`, `B_3`, `L_s`, `L_m`, `L_l`, `flag`, `createdAt`, `updatedAt`, `deletedAt` FROM `Rates` AS `Rate` WHERE (`Rate`.`deletedAt` IS NULL AND `Rate`.`id` = 1);

sql [2022-02-12 17:08:00] [DEBUG]: Executing (default): SELECT `id`, `name`, `bankId`, `corpus`, `flag`, `createdAt`, `updatedAt`, `deletedAt` FROM `Banks` AS `Bank` WHERE (`Bank`.`deletedAt` IS NULL AND `Bank`.`bankId` = 'cb1') LIMIT 1;

sql [2022-02-12 17:08:01] [DEBUG]: Executing (default): SELECT `id`, `name`, `account`, `loginId`, `loginPwd`, `sex`, `birthday`, `mobile`, `job`, `limited`, `isFreezed`, `ident`, `loan`, `interest`, `company`, `cause`, `flag`, `createdAt`, `updatedAt`, `deletedAt` FROM `User_Is` AS `User_I` WHERE (`User_I`.`deletedAt` IS NULL) ORDER BY loan;

sql [2022-02-12 17:08:01] [DEBUG]: Executing (default): SELECT `id`, `name`, `account`, `loginId`, `loginPwd`, `sex`, `birthday`, `mobile`, `job`, `isFreezed`, `deposit`, `interest`, `flag`, `createdAt`, `updatedAt`, `deletedAt` FROM `User_IIs` AS `User_II` WHERE (`User_II`.`deletedAt` IS NULL) ORDER BY deposit;

sql [2022-02-12 17:09:14] [DEBUG]: Executing (default): SELECT `id`, `A`, `B`, `C`, `A_1`, `A_3`, `B_1`, `B_3`, `L_s`, `L_m`, `L_l`, `flag`, `createdAt`, `updatedAt`, `deletedAt` FROM `Rates` AS `Rate` WHERE (`Rate`.`deletedAt` IS NULL AND `Rate`.`id` = 1);

sql [2022-02-12 17:09:15] [DEBUG]: Executing (default): SELECT `id`, `name`, `bankId`, `corpus`, `flag`, `createdAt`, `updatedAt`, `deletedAt` FROM `Banks` AS `Bank` WHERE (`Bank`.`deletedAt` IS NULL AND `Bank`.`bankId` = 'cb1') LIMIT 1;

sql [2022-02-12 17:09:16] [DEBUG]: Executing (default): SELECT `id`, `name`, `account`, `loginId`, `loginPwd`, `sex`, `birthday`, `mobile`, `job`, `limited`, `isFreezed`, `ident`, `loan`, `interest`, `company`, `cause`, `flag`, `createdAt`, `updatedAt`, `deletedAt` FROM `User_Is` AS `User_I` WHERE (`User_I`.`deletedAt` IS NULL) ORDER BY loan;

sql [2022-02-12 17:09:16] [DEBUG]: Executing (default): SELECT `id`, `name`, `account`, `loginId`, `loginPwd`, `sex`, `birthday`, `mobile`, `job`, `isFreezed`, `deposit`, `interest`, `flag`, `createdAt`, `updatedAt`, `deletedAt` FROM `User_IIs` AS `User_II` WHERE (`User_II`.`deletedAt` IS NULL) ORDER BY deposit;

sql [2022-02-12 17:10:07] [DEBUG]: Executing (default): SELECT `id`, `A`, `B`, `C`, `A_1`, `A_3`, `B_1`, `B_3`, `L_s`, `L_m`, `L_l`, `flag`, `createdAt`, `updatedAt`, `deletedAt` FROM `Rates` AS `Rate` WHERE (`Rate`.`deletedAt` IS NULL AND `Rate`.`id` = 1);

sql [2022-02-12 17:10:08] [DEBUG]: Executing (default): SELECT `id`, `name`, `bankId`, `corpus`, `flag`, `createdAt`, `updatedAt`, `deletedAt` FROM `Banks` AS `Bank` WHERE (`Bank`.`deletedAt` IS NULL AND `Bank`.`bankId` = 'cb1') LIMIT 1;

sql [2022-02-12 17:10:09] [DEBUG]: Executing (default): SELECT `id`, `name`, `account`, `loginId`, `loginPwd`, `sex`, `birthday`, `mobile`, `job`, `limited`, `isFreezed`, `ident`, `loan`, `interest`, `company`, `cause`, `flag`, `createdAt`, `updatedAt`, `deletedAt` FROM `User_Is` AS `User_I` WHERE (`User_I`.`deletedAt` IS NULL) ORDER BY loan;

sql [2022-02-12 17:10:09] [DEBUG]: Executing (default): SELECT `id`, `name`, `account`, `loginId`, `loginPwd`, `sex`, `birthday`, `mobile`, `job`, `isFreezed`, `deposit`, `interest`, `flag`, `createdAt`, `updatedAt`, `deletedAt` FROM `User_IIs` AS `User_II` WHERE (`User_II`.`deletedAt` IS NULL) ORDER BY deposit;

sql [2022-02-12 17:10:20] [DEBUG]: Executing (default): SELECT `id`, `name`, `account`, `loginId`, `loginPwd`, `sex`, `birthday`, `mobile`, `job`, `limited`, `isFreezed`, `ident`, `loan`, `interest`, `company`, `cause`, `flag`, `createdAt`, `updatedAt`, `deletedAt` FROM `User_Is` AS `User_I` WHERE (`User_I`.`deletedAt` IS NULL AND (`User_I`.`loginId` = 'chenshengnan01' AND `User_I`.`loginPwd` = 'chenshengnan01.p')) LIMIT 1;

