sql [2021-11-20 09:24:48] [DEBUG]: Executing (default): SELECT `id`, `A`, `B`, `C`, `A_1`, `A_3`, `B_1`, `B_3`, `L_s`, `L_m`, `L_l`, `createdAt`, `updatedAt` FROM `Rates` AS `Rate` WHERE `Rate`.`id` = 1;

sql [2021-11-20 09:48:54] [DEBUG]: Executing (default): SELECT `id`, `A`, `B`, `C`, `A_1`, `A_3`, `B_1`, `B_3`, `L_s`, `L_m`, `L_l`, `createdAt`, `updatedAt` FROM `Rates` AS `Rate` WHERE `Rate`.`id` = 1;

sql [2021-11-20 09:52:15] [DEBUG]: Executing (default): SELECT `id`, `name`, `account`, `loginId`, `loginPwd`, `sex`, `birthday`, `mobile`, `job`, `limited`, `isFreezed`, `cage`, `ident`, `loan`, `interest`, `company`, `cause`, `createdAt`, `updatedAt` FROM `User_Is` AS `User_I` WHERE `User_I`.`account` = 'chengshennan01' LIMIT 1;

sql [2021-11-20 09:52:36] [DEBUG]: Executing (default): SELECT `id`, `name`, `account`, `loginId`, `loginPwd`, `sex`, `birthday`, `mobile`, `job`, `limited`, `isFreezed`, `cage`, `ident`, `loan`, `interest`, `company`, `cause`, `createdAt`, `updatedAt` FROM `User_Is` AS `User_I` WHERE `User_I`.`account` = 'chengshennan01' LIMIT 1;

sql [2021-11-20 09:54:47] [DEBUG]: Executing (default): SELECT `id`, `name`, `account`, `loginId`, `loginPwd`, `sex`, `birthday`, `mobile`, `job`, `limited`, `isFreezed`, `cage`, `ident`, `loan`, `interest`, `company`, `cause`, `createdAt`, `updatedAt` FROM `User_Is` AS `User_I` WHERE `User_I`.`account` = 'chengshennan01' LIMIT 1;

sql [2021-11-20 09:55:49] [DEBUG]: Executing (default): SELECT `id`, `A`, `B`, `C`, `A_1`, `A_3`, `B_1`, `B_3`, `L_s`, `L_m`, `L_l`, `createdAt`, `updatedAt` FROM `Rates` AS `Rate` WHERE `Rate`.`id` = 1;

sql [2021-11-20 10:13:29] [DEBUG]: Executing (default): INSERT INTO `Rates` (`id`,`A`,`B`,`C`,`A_1`,`A_3`,`B_1`,`B_3`,`L_s`,`L_m`,`L_l`,`createdAt`,`updatedAt`) VALUES (DEFAULT,?,?,?,?,?,?,?,?,?,?,?,?);

sql [2021-11-20 10:14:46] [DEBUG]: Executing (default): SELECT `id`, `A`, `B`, `C`, `A_1`, `A_3`, `B_1`, `B_3`, `L_s`, `L_m`, `L_l`, `createdAt`, `updatedAt` FROM `Rates` AS `Rate` WHERE `Rate`.`id` = 2;

sql [2021-11-20 10:15:00] [DEBUG]: Executing (default): SELECT `id`, `A`, `B`, `C`, `A_1`, `A_3`, `B_1`, `B_3`, `L_s`, `L_m`, `L_l`, `createdAt`, `updatedAt` FROM `Rates` AS `Rate` WHERE `Rate`.`id` = 1;

sql [2021-11-20 10:20:07] [DEBUG]: Executing (default): UPDATE `Rates` SET `A`=?,`B`=?,`C`=?,`A_1`=?,`A_3`=?,`B_1`=?,`B_3`=?,`L_s`=?,`L_m`=?,`L_l`=?,`updatedAt`=? WHERE `id` = ?

sql [2021-11-20 14:42:58] [DEBUG]: Executing (default): CREATE TABLE IF NOT EXISTS `Admins` (`id` INTEGER NOT NULL auto_increment , `name` VARCHAR(255) NOT NULL, `account` VARCHAR(255) NOT NULL, `loginId` VARCHAR(255) NOT NULL, `loginPwd` VARCHAR(255) NOT NULL, `income` DECIMAL(10,2), `corpus` DECIMAL(10,2), `createdAt` DATETIME NOT NULL, `updatedAt` DATETIME NOT NULL, `deletedAt` DATETIME, PRIMARY KEY (`id`)) ENGINE=InnoDB;

sql [2021-11-20 14:42:58] [DEBUG]: Executing (default): SHOW INDEX FROM `Admins`

sql [2021-11-20 14:42:58] [DEBUG]: Executing (default): CREATE TABLE IF NOT EXISTS `User_Is` (`id` INTEGER NOT NULL auto_increment , `name` TEXT NOT NULL, `account` VARCHAR(255) NOT NULL, `loginId` VARCHAR(255) NOT NULL, `loginPwd` VARCHAR(255) NOT NULL, `sex` TINYINT(1) NOT NULL, `birthday` DATETIME NOT NULL, `mobile` VARCHAR(11) NOT NULL, `job` TEXT, `limited` TINYINT(1) NOT NULL, `isFreezed` TINYINT(1) NOT NULL, `cage` VARCHAR(255) NOT NULL, `ident` INTEGER NOT NULL, `loan` DECIMAL(10,2), `interest` DECIMAL(10,2), `company` TEXT, `cause` TEXT, `createdAt` DATETIME NOT NULL, `updatedAt` DATETIME NOT NULL, PRIMARY KEY (`id`)) ENGINE=InnoDB;

sql [2021-11-20 14:42:58] [DEBUG]: Executing (default): SHOW INDEX FROM `User_Is`

sql [2021-11-20 14:42:58] [DEBUG]: Executing (default): CREATE TABLE IF NOT EXISTS `User_IIs` (`id` INTEGER NOT NULL auto_increment , `name` TEXT NOT NULL, `account` VARCHAR(255) NOT NULL, `loginId` VARCHAR(255) NOT NULL, `loginPwd` VARCHAR(255) NOT NULL, `sex` TINYINT(1) NOT NULL, `birthday` DATETIME NOT NULL, `mobile` VARCHAR(11) NOT NULL, `job` TEXT, `isFreezed` TINYINT(1) NOT NULL, `cage` VARCHAR(255) NOT NULL, `deposit` DECIMAL(10,2), `interest` DECIMAL(10,2), `createdAt` DATETIME NOT NULL, `updatedAt` DATETIME NOT NULL, PRIMARY KEY (`id`)) ENGINE=InnoDB;

sql [2021-11-20 14:42:58] [DEBUG]: Executing (default): SHOW INDEX FROM `User_IIs`

sql [2021-11-20 14:42:58] [DEBUG]: Executing (default): CREATE TABLE IF NOT EXISTS `Rates` (`id` INTEGER NOT NULL auto_increment , `A` DECIMAL(10,2) NOT NULL, `B` DECIMAL(10,2) NOT NULL, `C` DECIMAL(10,2) NOT NULL, `A_1` DECIMAL(10,2) NOT NULL, `A_3` DECIMAL(10,2) NOT NULL, `B_1` DECIMAL(10,2) NOT NULL, `B_3` DECIMAL(10,2) NOT NULL, `L_s` DECIMAL(10,2) NOT NULL, `L_m` DECIMAL(10,2) NOT NULL, `L_l` DECIMAL(10,2) NOT NULL, `createdAt` DATETIME NOT NULL, `updatedAt` DATETIME NOT NULL, PRIMARY KEY (`id`)) ENGINE=InnoDB;

sql [2021-11-20 14:42:58] [DEBUG]: Executing (default): SHOW INDEX FROM `Rates`

sql [2021-11-20 15:14:34] [DEBUG]: Executing (default): CREATE TABLE IF NOT EXISTS `Admins` (`id` INTEGER NOT NULL auto_increment , `name` VARCHAR(255) NOT NULL, `account` VARCHAR(255) NOT NULL, `loginId` VARCHAR(255) NOT NULL, `loginPwd` VARCHAR(255) NOT NULL, `income` DECIMAL(10,2), `corpus` DECIMAL(10,2), `createdAt` DATETIME NOT NULL, `updatedAt` DATETIME NOT NULL, `deletedAt` DATETIME, PRIMARY KEY (`id`)) ENGINE=InnoDB;

sql [2021-11-20 15:14:34] [DEBUG]: Executing (default): SHOW INDEX FROM `Admins`

sql [2021-11-20 15:14:34] [DEBUG]: Executing (default): CREATE TABLE IF NOT EXISTS `User_Is` (`id` INTEGER NOT NULL auto_increment , `name` TEXT NOT NULL, `account` VARCHAR(255) NOT NULL, `loginId` VARCHAR(255) NOT NULL, `loginPwd` VARCHAR(255) NOT NULL, `sex` TINYINT(1) NOT NULL, `birthday` DATETIME NOT NULL, `mobile` VARCHAR(11) NOT NULL, `job` TEXT, `limited` TINYINT(1) NOT NULL, `isFreezed` TINYINT(1) NOT NULL, `cage` VARCHAR(255) NOT NULL, `ident` INTEGER NOT NULL, `loan` DECIMAL(10,2), `interest` DECIMAL(10,2), `company` TEXT, `cause` TEXT, `createdAt` DATETIME NOT NULL, `updatedAt` DATETIME NOT NULL, PRIMARY KEY (`id`)) ENGINE=InnoDB;

sql [2021-11-20 15:14:34] [DEBUG]: Executing (default): SHOW INDEX FROM `User_Is`

sql [2021-11-20 15:14:34] [DEBUG]: Executing (default): CREATE TABLE IF NOT EXISTS `User_IIs` (`id` INTEGER NOT NULL auto_increment , `name` TEXT NOT NULL, `account` VARCHAR(255) NOT NULL, `loginId` VARCHAR(255) NOT NULL, `loginPwd` VARCHAR(255) NOT NULL, `sex` TINYINT(1) NOT NULL, `birthday` DATETIME NOT NULL, `mobile` VARCHAR(11) NOT NULL, `job` TEXT, `isFreezed` TINYINT(1) NOT NULL, `cage` VARCHAR(255) NOT NULL, `deposit` DECIMAL(10,2), `interest` DECIMAL(10,2), `createdAt` DATETIME NOT NULL, `updatedAt` DATETIME NOT NULL, PRIMARY KEY (`id`)) ENGINE=InnoDB;

sql [2021-11-20 15:14:34] [DEBUG]: Executing (default): SHOW INDEX FROM `User_IIs`

sql [2021-11-20 15:14:34] [DEBUG]: Executing (default): CREATE TABLE IF NOT EXISTS `Rates` (`id` INTEGER NOT NULL auto_increment , `A` DECIMAL(10,2) NOT NULL, `B` DECIMAL(10,2) NOT NULL, `C` DECIMAL(10,2) NOT NULL, `A_1` DECIMAL(10,2) NOT NULL, `A_3` DECIMAL(10,2) NOT NULL, `B_1` DECIMAL(10,2) NOT NULL, `B_3` DECIMAL(10,2) NOT NULL, `L_s` DECIMAL(10,2) NOT NULL, `L_m` DECIMAL(10,2) NOT NULL, `L_l` DECIMAL(10,2) NOT NULL, `createdAt` DATETIME NOT NULL, `updatedAt` DATETIME NOT NULL, PRIMARY KEY (`id`)) ENGINE=InnoDB;

sql [2021-11-20 15:14:34] [DEBUG]: Executing (default): SHOW INDEX FROM `Rates`

sql [2021-11-20 15:25:00] [DEBUG]: Executing (default): SELECT `id`, `name`, `account`, `loginId`, `loginPwd`, `sex`, `birthday`, `mobile`, `job`, `limited`, `isFreezed`, `cage`, `ident`, `loan`, `interest`, `company`, `cause`, `createdAt`, `updatedAt` FROM `User_Is` AS `User_I` WHERE `User_I`.`loginId` = 'chengshennan01' AND `User_I`.`loginPwd` = 'chengshennan01.p' LIMIT 1;

