sql [2022-03-02 21:56:28] [DEBUG]: Executing (default): CREATE TABLE IF NOT EXISTS `Banks` (`id` INTEGER NOT NULL auto_increment , `name` VARCHAR(255) NOT NULL, `bankId` VARCHAR(255) NOT NULL, `corpus` DECIMAL(10,2), `flag` VARCHAR(255) NOT NULL, `createdAt` DATETIME NOT NULL, `updatedAt` DATETIME NOT NULL, `deletedAt` DATETIME, PRIMARY KEY (`id`)) ENGINE=InnoDB;

sql [2022-03-02 21:56:28] [DEBUG]: Executing (default): SHOW INDEX FROM `Banks`

sql [2022-03-02 21:56:28] [DEBUG]: Executing (default): CREATE TABLE IF NOT EXISTS `Admins` (`id` INTEGER NOT NULL auto_increment , `name` VARCHAR(255) NOT NULL, `loginId` VARCHAR(255) NOT NULL, `loginPwd` VARCHAR(255) NOT NULL, `rank` VARCHAR(255) NOT NULL, `flag` VARCHAR(255) NOT NULL, `createdAt` DATETIME NOT NULL, `updatedAt` DATETIME NOT NULL, `deletedAt` DATETIME, PRIMARY KEY (`id`)) ENGINE=InnoDB;

sql [2022-03-02 21:56:28] [DEBUG]: Executing (default): SHOW INDEX FROM `Admins`

sql [2022-03-02 21:56:28] [DEBUG]: Executing (default): CREATE TABLE IF NOT EXISTS `User_Is` (`id` INTEGER NOT NULL auto_increment , `name` TEXT NOT NULL, `account` VARCHAR(255) NOT NULL, `loginId` VARCHAR(255) NOT NULL, `loginPwd` VARCHAR(255) NOT NULL, `sex` TINYINT(1) NOT NULL, `birthday` DATETIME NOT NULL, `mobile` VARCHAR(11) NOT NULL, `job` TEXT, `limited` TINYINT(1) NOT NULL, `isFreezed` TINYINT(1) NOT NULL, `ident` INTEGER, `loan` DECIMAL(10,2), `interest` DECIMAL(10,2), `company` TEXT, `cause` TEXT, `flag` VARCHAR(255) NOT NULL, `createdAt` DATETIME NOT NULL, `updatedAt` DATETIME NOT NULL, `deletedAt` DATETIME, PRIMARY KEY (`id`)) ENGINE=InnoDB;

sql [2022-03-02 21:56:28] [DEBUG]: Executing (default): SHOW INDEX FROM `User_Is`

sql [2022-03-02 21:56:28] [DEBUG]: Executing (default): CREATE TABLE IF NOT EXISTS `User_IIs` (`id` INTEGER NOT NULL auto_increment , `name` TEXT NOT NULL, `account` VARCHAR(255) NOT NULL, `loginId` VARCHAR(255) NOT NULL, `loginPwd` VARCHAR(255) NOT NULL, `sex` TINYINT(1) NOT NULL, `birthday` DATETIME NOT NULL, `mobile` VARCHAR(11) NOT NULL, `job` TEXT, `isFreezed` TINYINT(1) NOT NULL, `deposit` DECIMAL(10,2), `interest` DECIMAL(10,2), `flag` VARCHAR(255) NOT NULL, `createdAt` DATETIME NOT NULL, `updatedAt` DATETIME NOT NULL, `deletedAt` DATETIME, PRIMARY KEY (`id`)) ENGINE=InnoDB;

sql [2022-03-02 21:56:28] [DEBUG]: Executing (default): SHOW INDEX FROM `User_IIs`

sql [2022-03-02 21:56:28] [DEBUG]: Executing (default): CREATE TABLE IF NOT EXISTS `Rates` (`id` INTEGER NOT NULL auto_increment , `A` DECIMAL(10,2) NOT NULL, `B` DECIMAL(10,2) NOT NULL, `A_1` DECIMAL(10,2) NOT NULL, `A_3` DECIMAL(10,2) NOT NULL, `B_1` DECIMAL(10,2) NOT NULL, `B_3` DECIMAL(10,2) NOT NULL, `C` DECIMAL(10,2) NOT NULL, `L_s` DECIMAL(10,2) NOT NULL, `L_m` DECIMAL(10,2) NOT NULL, `L_l` DECIMAL(10,2) NOT NULL, `flag` VARCHAR(255) NOT NULL, `createdAt` DATETIME NOT NULL, `updatedAt` DATETIME NOT NULL, `deletedAt` DATETIME, PRIMARY KEY (`id`)) ENGINE=InnoDB;

sql [2022-03-02 21:56:28] [DEBUG]: Executing (default): SHOW INDEX FROM `Rates`

sql [2022-03-02 21:57:36] [DEBUG]: Executing (default): SELECT `id`, `A`, `B`, `A_1`, `A_3`, `B_1`, `B_3`, `C`, `L_s`, `L_m`, `L_l`, `flag`, `createdAt`, `updatedAt`, `deletedAt` FROM `Rates` AS `Rate` WHERE (`Rate`.`deletedAt` IS NULL AND `Rate`.`id` = 1);

sql [2022-03-02 21:57:37] [DEBUG]: Executing (default): SELECT `id`, `name`, `bankId`, `corpus`, `flag`, `createdAt`, `updatedAt`, `deletedAt` FROM `Banks` AS `Bank` WHERE (`Bank`.`deletedAt` IS NULL AND `Bank`.`bankId` = 'cb1') LIMIT 1;

sql [2022-03-02 21:57:39] [DEBUG]: Executing (default): SELECT `id`, `name`, `account`, `loginId`, `loginPwd`, `sex`, `birthday`, `mobile`, `job`, `limited`, `isFreezed`, `ident`, `loan`, `interest`, `company`, `cause`, `flag`, `createdAt`, `updatedAt`, `deletedAt` FROM `User_Is` AS `User_I` WHERE (`User_I`.`deletedAt` IS NULL) ORDER BY loan;

sql [2022-03-02 21:57:39] [DEBUG]: Executing (default): SELECT `id`, `name`, `account`, `loginId`, `loginPwd`, `sex`, `birthday`, `mobile`, `job`, `isFreezed`, `deposit`, `interest`, `flag`, `createdAt`, `updatedAt`, `deletedAt` FROM `User_IIs` AS `User_II` WHERE (`User_II`.`deletedAt` IS NULL) ORDER BY deposit;

sql [2022-03-02 21:58:09] [DEBUG]: Executing (default): SELECT `id`, `name`, `account`, `loginId`, `loginPwd`, `sex`, `birthday`, `mobile`, `job`, `limited`, `isFreezed`, `ident`, `loan`, `interest`, `company`, `cause`, `flag`, `createdAt`, `updatedAt`, `deletedAt` FROM `User_Is` AS `User_I` WHERE (`User_I`.`deletedAt` IS NULL AND (`User_I`.`loginId` = 'chenshengnan01' AND `User_I`.`loginPwd` = 'chenshengnan01.p')) LIMIT 1;

sql [2022-03-02 21:58:47] [DEBUG]: Executing (default): SELECT `id`, `name`, `account`, `loginId`, `loginPwd`, `sex`, `birthday`, `mobile`, `job`, `isFreezed`, `deposit`, `interest`, `flag`, `createdAt`, `updatedAt`, `deletedAt` FROM `User_IIs` AS `User_II` WHERE (`User_II`.`deletedAt` IS NULL AND (`User_II`.`loginId` = 'yangxiang01' AND `User_II`.`loginPwd` = 'yangxiang01.p')) LIMIT 1;

sql [2022-03-02 21:59:22] [DEBUG]: Executing (default): UPDATE `User_IIs` SET `loginId`=?,`deposit`=?,`interest`=?,`flag`=?,`updatedAt`=? WHERE (`deletedAt` IS NULL AND `loginId` = ?)

sql [2022-03-02 22:06:17] [DEBUG]: Executing (default): UPDATE `User_IIs` SET `loginId`=?,`deposit`=?,`interest`=?,`flag`=?,`updatedAt`=? WHERE (`deletedAt` IS NULL AND `loginId` = ?)

sql [2022-03-02 22:06:20] [DEBUG]: Executing (default): SELECT `id`, `A`, `B`, `A_1`, `A_3`, `B_1`, `B_3`, `C`, `L_s`, `L_m`, `L_l`, `flag`, `createdAt`, `updatedAt`, `deletedAt` FROM `Rates` AS `Rate` WHERE (`Rate`.`deletedAt` IS NULL AND `Rate`.`id` = 1);

sql [2022-03-02 22:06:22] [DEBUG]: Executing (default): SELECT `id`, `name`, `bankId`, `corpus`, `flag`, `createdAt`, `updatedAt`, `deletedAt` FROM `Banks` AS `Bank` WHERE (`Bank`.`deletedAt` IS NULL AND `Bank`.`bankId` = 'cb1') LIMIT 1;

sql [2022-03-02 22:06:23] [DEBUG]: Executing (default): SELECT `id`, `name`, `account`, `loginId`, `loginPwd`, `sex`, `birthday`, `mobile`, `job`, `limited`, `isFreezed`, `ident`, `loan`, `interest`, `company`, `cause`, `flag`, `createdAt`, `updatedAt`, `deletedAt` FROM `User_Is` AS `User_I` WHERE (`User_I`.`deletedAt` IS NULL) ORDER BY loan;

sql [2022-03-02 22:06:23] [DEBUG]: Executing (default): SELECT `id`, `name`, `account`, `loginId`, `loginPwd`, `sex`, `birthday`, `mobile`, `job`, `isFreezed`, `deposit`, `interest`, `flag`, `createdAt`, `updatedAt`, `deletedAt` FROM `User_IIs` AS `User_II` WHERE (`User_II`.`deletedAt` IS NULL) ORDER BY deposit;

sql [2022-03-02 22:06:34] [DEBUG]: Executing (default): SELECT `id`, `name`, `account`, `loginId`, `loginPwd`, `sex`, `birthday`, `mobile`, `job`, `isFreezed`, `deposit`, `interest`, `flag`, `createdAt`, `updatedAt`, `deletedAt` FROM `User_IIs` AS `User_II` WHERE (`User_II`.`deletedAt` IS NULL AND (`User_II`.`loginId` = 'yangxiang01' AND `User_II`.`loginPwd` = 'yangxiang01.p')) LIMIT 1;

sql [2022-03-02 22:06:51] [DEBUG]: Executing (default): UPDATE `User_IIs` SET `loginId`=?,`deposit`=?,`interest`=?,`flag`=?,`updatedAt`=? WHERE (`deletedAt` IS NULL AND `loginId` = ?)

sql [2022-03-02 22:12:30] [DEBUG]: Executing (default): UPDATE `User_IIs` SET `loginId`=?,`deposit`=?,`interest`=?,`flag`=?,`updatedAt`=? WHERE (`deletedAt` IS NULL AND `loginId` = ?)

sql [2022-03-02 22:19:33] [DEBUG]: Executing (default): UPDATE `User_IIs` SET `loginId`=?,`deposit`=?,`interest`=?,`flag`=?,`updatedAt`=? WHERE (`deletedAt` IS NULL AND `loginId` = ?)

sql [2022-03-02 22:25:13] [DEBUG]: Executing (default): UPDATE `User_IIs` SET `loginId`=?,`deposit`=?,`interest`=?,`flag`=?,`updatedAt`=? WHERE (`deletedAt` IS NULL AND `loginId` = ?)

sql [2022-03-02 22:35:47] [DEBUG]: Executing (default): UPDATE `User_IIs` SET `loginId`=?,`deposit`=?,`interest`=?,`flag`=?,`updatedAt`=? WHERE (`deletedAt` IS NULL AND `loginId` = ?)

sql [2022-03-02 22:36:18] [DEBUG]: Executing (default): UPDATE `User_IIs` SET `loginId`=?,`deposit`=?,`interest`=?,`flag`=?,`updatedAt`=? WHERE (`deletedAt` IS NULL AND `loginId` = ?)

sql [2022-03-02 22:37:42] [DEBUG]: Executing (default): UPDATE `User_IIs` SET `loginId`=?,`deposit`=?,`interest`=?,`flag`=?,`updatedAt`=? WHERE (`deletedAt` IS NULL AND `loginId` = ?)

sql [2022-03-02 22:37:47] [DEBUG]: Executing (default): UPDATE `User_IIs` SET `loginId`=?,`deposit`=?,`interest`=?,`flag`=?,`updatedAt`=? WHERE (`deletedAt` IS NULL AND `loginId` = ?)

sql [2022-03-02 22:38:03] [DEBUG]: Executing (default): UPDATE `User_IIs` SET `loginId`=?,`deposit`=?,`interest`=?,`flag`=?,`updatedAt`=? WHERE (`deletedAt` IS NULL AND `loginId` = ?)

sql [2022-03-02 22:38:07] [DEBUG]: Executing (default): UPDATE `User_IIs` SET `loginId`=?,`deposit`=?,`interest`=?,`flag`=?,`updatedAt`=? WHERE (`deletedAt` IS NULL AND `loginId` = ?)

sql [2022-03-02 22:39:12] [DEBUG]: Executing (default): UPDATE `User_IIs` SET `loginId`=?,`deposit`=?,`interest`=?,`flag`=?,`updatedAt`=? WHERE (`deletedAt` IS NULL AND `loginId` = ?)

sql [2022-03-02 22:42:41] [DEBUG]: Executing (default): UPDATE `User_IIs` SET `loginId`=?,`deposit`=?,`interest`=?,`flag`=?,`updatedAt`=? WHERE (`deletedAt` IS NULL AND `loginId` = ?)

sql [2022-03-02 22:43:51] [DEBUG]: Executing (default): UPDATE `User_IIs` SET `loginId`=?,`deposit`=?,`interest`=?,`flag`=?,`updatedAt`=? WHERE (`deletedAt` IS NULL AND `loginId` = ?)

sql [2022-03-02 22:44:17] [DEBUG]: Executing (default): UPDATE `User_IIs` SET `loginId`=?,`deposit`=?,`interest`=?,`flag`=?,`updatedAt`=? WHERE (`deletedAt` IS NULL AND `loginId` = ?)

sql [2022-03-02 22:44:28] [DEBUG]: Executing (default): UPDATE `User_IIs` SET `loginId`=?,`deposit`=?,`interest`=?,`flag`=?,`updatedAt`=? WHERE (`deletedAt` IS NULL AND `loginId` = ?)

sql [2022-03-02 22:47:23] [DEBUG]: Executing (default): UPDATE `User_IIs` SET `loginId`=?,`deposit`=?,`interest`=?,`flag`=?,`updatedAt`=? WHERE (`deletedAt` IS NULL AND `loginId` = ?)

sql [2022-03-02 22:47:47] [DEBUG]: Executing (default): UPDATE `User_IIs` SET `loginId`=?,`deposit`=?,`interest`=?,`flag`=?,`updatedAt`=? WHERE (`deletedAt` IS NULL AND `loginId` = ?)

sql [2022-03-02 22:49:14] [DEBUG]: Executing (default): UPDATE `User_IIs` SET `loginId`=?,`deposit`=?,`interest`=?,`flag`=?,`updatedAt`=? WHERE (`deletedAt` IS NULL AND `loginId` = ?)

sql [2022-03-02 22:49:28] [DEBUG]: Executing (default): SELECT `id`, `name`, `account`, `loginId`, `loginPwd`, `sex`, `birthday`, `mobile`, `job`, `isFreezed`, `deposit`, `interest`, `flag`, `createdAt`, `updatedAt`, `deletedAt` FROM `User_IIs` AS `User_II` WHERE (`User_II`.`deletedAt` IS NULL AND (`User_II`.`loginId` = 'yangxiang01' AND `User_II`.`loginPwd` = 'yangxiang01.p')) LIMIT 1;

sql [2022-03-02 22:49:56] [DEBUG]: Executing (default): UPDATE `User_IIs` SET `loginId`=?,`deposit`=?,`interest`=?,`flag`=?,`updatedAt`=? WHERE (`deletedAt` IS NULL AND `loginId` = ?)

sql [2022-03-02 22:50:26] [DEBUG]: Executing (default): UPDATE `User_IIs` SET `loginId`=?,`deposit`=?,`interest`=?,`flag`=?,`updatedAt`=? WHERE (`deletedAt` IS NULL AND `loginId` = ?)

sql [2022-03-02 22:52:11] [DEBUG]: Executing (default): UPDATE `User_IIs` SET `loginId`=?,`deposit`=?,`interest`=?,`flag`=?,`updatedAt`=? WHERE (`deletedAt` IS NULL AND `loginId` = ?)

sql [2022-03-02 22:53:29] [DEBUG]: Executing (default): UPDATE `User_IIs` SET `loginId`=?,`deposit`=?,`interest`=?,`flag`=?,`updatedAt`=? WHERE (`deletedAt` IS NULL AND `loginId` = ?)

sql [2022-03-02 22:58:42] [DEBUG]: Executing (default): UPDATE `User_IIs` SET `loginId`=?,`deposit`=?,`interest`=?,`flag`=?,`updatedAt`=? WHERE (`deletedAt` IS NULL AND `loginId` = ?)

sql [2022-03-02 23:00:20] [DEBUG]: Executing (default): SELECT `id`, `name`, `account`, `loginId`, `loginPwd`, `sex`, `birthday`, `mobile`, `job`, `isFreezed`, `deposit`, `interest`, `flag`, `createdAt`, `updatedAt`, `deletedAt` FROM `User_IIs` AS `User_II` WHERE (`User_II`.`deletedAt` IS NULL AND (`User_II`.`loginId` = 'yangxiang01' AND `User_II`.`loginPwd` = 'yangxiang01.p')) LIMIT 1;

sql [2022-03-02 23:00:35] [DEBUG]: Executing (default): UPDATE `User_IIs` SET `loginId`=?,`deposit`=?,`interest`=?,`flag`=?,`updatedAt`=? WHERE (`deletedAt` IS NULL AND `loginId` = ?)

sql [2022-03-02 23:01:46] [DEBUG]: Executing (default): UPDATE `User_IIs` SET `loginId`=?,`deposit`=?,`interest`=?,`flag`=?,`updatedAt`=? WHERE (`deletedAt` IS NULL AND `loginId` = ?)

sql [2022-03-02 23:06:53] [DEBUG]: Executing (default): UPDATE `User_IIs` SET `loginId`=?,`deposit`=?,`interest`=?,`flag`=?,`updatedAt`=? WHERE (`deletedAt` IS NULL AND `loginId` = ?)

sql [2022-03-02 23:07:09] [DEBUG]: Executing (default): UPDATE `User_IIs` SET `loginId`=?,`deposit`=?,`interest`=?,`flag`=?,`updatedAt`=? WHERE (`deletedAt` IS NULL AND `loginId` = ?)

sql [2022-03-02 23:12:25] [DEBUG]: Executing (default): SELECT `id`, `A`, `B`, `A_1`, `A_3`, `B_1`, `B_3`, `C`, `L_s`, `L_m`, `L_l`, `flag`, `createdAt`, `updatedAt`, `deletedAt` FROM `Rates` AS `Rate` WHERE (`Rate`.`deletedAt` IS NULL AND `Rate`.`id` = 1);

sql [2022-03-02 23:12:26] [DEBUG]: Executing (default): SELECT `id`, `name`, `bankId`, `corpus`, `flag`, `createdAt`, `updatedAt`, `deletedAt` FROM `Banks` AS `Bank` WHERE (`Bank`.`deletedAt` IS NULL AND `Bank`.`bankId` = 'cb1') LIMIT 1;

sql [2022-03-02 23:12:27] [DEBUG]: Executing (default): SELECT `id`, `name`, `account`, `loginId`, `loginPwd`, `sex`, `birthday`, `mobile`, `job`, `limited`, `isFreezed`, `ident`, `loan`, `interest`, `company`, `cause`, `flag`, `createdAt`, `updatedAt`, `deletedAt` FROM `User_Is` AS `User_I` WHERE (`User_I`.`deletedAt` IS NULL) ORDER BY loan;

sql [2022-03-02 23:12:27] [DEBUG]: Executing (default): SELECT `id`, `name`, `account`, `loginId`, `loginPwd`, `sex`, `birthday`, `mobile`, `job`, `isFreezed`, `deposit`, `interest`, `flag`, `createdAt`, `updatedAt`, `deletedAt` FROM `User_IIs` AS `User_II` WHERE (`User_II`.`deletedAt` IS NULL) ORDER BY deposit;

sql [2022-03-02 23:12:35] [DEBUG]: Executing (default): SELECT `id`, `name`, `account`, `loginId`, `loginPwd`, `sex`, `birthday`, `mobile`, `job`, `isFreezed`, `deposit`, `interest`, `flag`, `createdAt`, `updatedAt`, `deletedAt` FROM `User_IIs` AS `User_II` WHERE (`User_II`.`deletedAt` IS NULL AND (`User_II`.`loginId` = 'yangxiang01' AND `User_II`.`loginPwd` = 'yangxiang01.p')) LIMIT 1;

sql [2022-03-02 23:12:46] [DEBUG]: Executing (default): UPDATE `User_IIs` SET `loginId`=?,`deposit`=?,`interest`=?,`flag`=?,`updatedAt`=? WHERE (`deletedAt` IS NULL AND `loginId` = ?)

sql [2022-03-02 23:14:53] [DEBUG]: Executing (default): UPDATE `User_IIs` SET `loginId`=?,`deposit`=?,`interest`=?,`flag`=?,`updatedAt`=? WHERE (`deletedAt` IS NULL AND `loginId` = ?)

sql [2022-03-02 23:18:52] [DEBUG]: Executing (default): SELECT `id`, `A`, `B`, `A_1`, `A_3`, `B_1`, `B_3`, `C`, `L_s`, `L_m`, `L_l`, `flag`, `createdAt`, `updatedAt`, `deletedAt` FROM `Rates` AS `Rate` WHERE (`Rate`.`deletedAt` IS NULL AND `Rate`.`id` = 1);

sql [2022-03-02 23:18:53] [DEBUG]: Executing (default): SELECT `id`, `name`, `bankId`, `corpus`, `flag`, `createdAt`, `updatedAt`, `deletedAt` FROM `Banks` AS `Bank` WHERE (`Bank`.`deletedAt` IS NULL AND `Bank`.`bankId` = 'cb1') LIMIT 1;

sql [2022-03-02 23:18:54] [DEBUG]: Executing (default): SELECT `id`, `name`, `account`, `loginId`, `loginPwd`, `sex`, `birthday`, `mobile`, `job`, `limited`, `isFreezed`, `ident`, `loan`, `interest`, `company`, `cause`, `flag`, `createdAt`, `updatedAt`, `deletedAt` FROM `User_Is` AS `User_I` WHERE (`User_I`.`deletedAt` IS NULL) ORDER BY loan;

sql [2022-03-02 23:18:54] [DEBUG]: Executing (default): SELECT `id`, `name`, `account`, `loginId`, `loginPwd`, `sex`, `birthday`, `mobile`, `job`, `isFreezed`, `deposit`, `interest`, `flag`, `createdAt`, `updatedAt`, `deletedAt` FROM `User_IIs` AS `User_II` WHERE (`User_II`.`deletedAt` IS NULL) ORDER BY deposit;

sql [2022-03-02 23:19:01] [DEBUG]: Executing (default): SELECT `id`, `name`, `account`, `loginId`, `loginPwd`, `sex`, `birthday`, `mobile`, `job`, `isFreezed`, `deposit`, `interest`, `flag`, `createdAt`, `updatedAt`, `deletedAt` FROM `User_IIs` AS `User_II` WHERE (`User_II`.`deletedAt` IS NULL AND (`User_II`.`loginId` = 'yangxiang01' AND `User_II`.`loginPwd` = 'yangxiang01.p')) LIMIT 1;

sql [2022-03-02 23:19:43] [DEBUG]: Executing (default): UPDATE `User_IIs` SET `loginId`=?,`deposit`=?,`interest`=?,`flag`=?,`updatedAt`=? WHERE (`deletedAt` IS NULL AND `loginId` = ?)

sql [2022-03-02 23:43:03] [DEBUG]: Executing (default): SELECT `id`, `A`, `B`, `A_1`, `A_3`, `B_1`, `B_3`, `C`, `L_s`, `L_m`, `L_l`, `flag`, `createdAt`, `updatedAt`, `deletedAt` FROM `Rates` AS `Rate` WHERE (`Rate`.`deletedAt` IS NULL AND `Rate`.`id` = 1);

sql [2022-03-02 23:43:04] [DEBUG]: Executing (default): SELECT `id`, `name`, `bankId`, `corpus`, `flag`, `createdAt`, `updatedAt`, `deletedAt` FROM `Banks` AS `Bank` WHERE (`Bank`.`deletedAt` IS NULL AND `Bank`.`bankId` = 'cb1') LIMIT 1;

sql [2022-03-02 23:43:05] [DEBUG]: Executing (default): SELECT `id`, `name`, `account`, `loginId`, `loginPwd`, `sex`, `birthday`, `mobile`, `job`, `limited`, `isFreezed`, `ident`, `loan`, `interest`, `company`, `cause`, `flag`, `createdAt`, `updatedAt`, `deletedAt` FROM `User_Is` AS `User_I` WHERE (`User_I`.`deletedAt` IS NULL) ORDER BY loan;

sql [2022-03-02 23:43:05] [DEBUG]: Executing (default): SELECT `id`, `name`, `account`, `loginId`, `loginPwd`, `sex`, `birthday`, `mobile`, `job`, `isFreezed`, `deposit`, `interest`, `flag`, `createdAt`, `updatedAt`, `deletedAt` FROM `User_IIs` AS `User_II` WHERE (`User_II`.`deletedAt` IS NULL) ORDER BY deposit;

sql [2022-03-02 23:44:24] [DEBUG]: Executing (default): SELECT `id`, `A`, `B`, `A_1`, `A_3`, `B_1`, `B_3`, `C`, `L_s`, `L_m`, `L_l`, `flag`, `createdAt`, `updatedAt`, `deletedAt` FROM `Rates` AS `Rate` WHERE (`Rate`.`deletedAt` IS NULL AND `Rate`.`id` = 1);

sql [2022-03-02 23:44:25] [DEBUG]: Executing (default): SELECT `id`, `name`, `bankId`, `corpus`, `flag`, `createdAt`, `updatedAt`, `deletedAt` FROM `Banks` AS `Bank` WHERE (`Bank`.`deletedAt` IS NULL AND `Bank`.`bankId` = 'cb1') LIMIT 1;

sql [2022-03-02 23:44:26] [DEBUG]: Executing (default): SELECT `id`, `name`, `account`, `loginId`, `loginPwd`, `sex`, `birthday`, `mobile`, `job`, `limited`, `isFreezed`, `ident`, `loan`, `interest`, `company`, `cause`, `flag`, `createdAt`, `updatedAt`, `deletedAt` FROM `User_Is` AS `User_I` WHERE (`User_I`.`deletedAt` IS NULL) ORDER BY loan;

sql [2022-03-02 23:44:26] [DEBUG]: Executing (default): SELECT `id`, `name`, `account`, `loginId`, `loginPwd`, `sex`, `birthday`, `mobile`, `job`, `isFreezed`, `deposit`, `interest`, `flag`, `createdAt`, `updatedAt`, `deletedAt` FROM `User_IIs` AS `User_II` WHERE (`User_II`.`deletedAt` IS NULL) ORDER BY deposit;

sql [2022-03-02 23:44:33] [DEBUG]: Executing (default): SELECT `id`, `name`, `account`, `loginId`, `loginPwd`, `sex`, `birthday`, `mobile`, `job`, `isFreezed`, `deposit`, `interest`, `flag`, `createdAt`, `updatedAt`, `deletedAt` FROM `User_IIs` AS `User_II` WHERE (`User_II`.`deletedAt` IS NULL AND (`User_II`.`loginId` = 'yangxiang01' AND `User_II`.`loginPwd` = 'yangxiang01.p')) LIMIT 1;

sql [2022-03-02 23:44:50] [DEBUG]: Executing (default): UPDATE `User_IIs` SET `loginId`=?,`deposit`=?,`interest`=?,`flag`=?,`updatedAt`=? WHERE (`deletedAt` IS NULL AND `loginId` = ?)

sql [2022-03-02 23:47:10] [DEBUG]: Executing (default): UPDATE `User_IIs` SET `loginId`=?,`deposit`=?,`interest`=?,`flag`=?,`updatedAt`=? WHERE (`deletedAt` IS NULL AND `loginId` = ?)

sql [2022-03-02 23:50:08] [DEBUG]: Executing (default): SELECT `id`, `name`, `account`, `loginId`, `loginPwd`, `sex`, `birthday`, `mobile`, `job`, `limited`, `isFreezed`, `ident`, `loan`, `interest`, `company`, `cause`, `flag`, `createdAt`, `updatedAt`, `deletedAt` FROM `User_Is` AS `User_I` WHERE (`User_I`.`deletedAt` IS NULL AND (`User_I`.`loginId` = 'chenshengnan01' AND `User_I`.`loginPwd` = 'chenshengnan01.p')) LIMIT 1;

sql [2022-03-02 23:50:19] [DEBUG]: Executing (default): UPDATE `User_Is` SET `loginId`=?,`loan`=?,`interest`=?,`flag`=?,`updatedAt`=? WHERE (`deletedAt` IS NULL AND `loginId` = ?)

sql [2022-03-02 23:50:58] [DEBUG]: Executing (default): SELECT `id`, `A`, `B`, `A_1`, `A_3`, `B_1`, `B_3`, `C`, `L_s`, `L_m`, `L_l`, `flag`, `createdAt`, `updatedAt`, `deletedAt` FROM `Rates` AS `Rate` WHERE (`Rate`.`deletedAt` IS NULL AND `Rate`.`id` = 1);

sql [2022-03-02 23:50:59] [DEBUG]: Executing (default): SELECT `id`, `name`, `bankId`, `corpus`, `flag`, `createdAt`, `updatedAt`, `deletedAt` FROM `Banks` AS `Bank` WHERE (`Bank`.`deletedAt` IS NULL AND `Bank`.`bankId` = 'cb1') LIMIT 1;

sql [2022-03-02 23:51:00] [DEBUG]: Executing (default): SELECT `id`, `name`, `account`, `loginId`, `loginPwd`, `sex`, `birthday`, `mobile`, `job`, `limited`, `isFreezed`, `ident`, `loan`, `interest`, `company`, `cause`, `flag`, `createdAt`, `updatedAt`, `deletedAt` FROM `User_Is` AS `User_I` WHERE (`User_I`.`deletedAt` IS NULL) ORDER BY loan;

sql [2022-03-02 23:51:00] [DEBUG]: Executing (default): SELECT `id`, `name`, `account`, `loginId`, `loginPwd`, `sex`, `birthday`, `mobile`, `job`, `isFreezed`, `deposit`, `interest`, `flag`, `createdAt`, `updatedAt`, `deletedAt` FROM `User_IIs` AS `User_II` WHERE (`User_II`.`deletedAt` IS NULL) ORDER BY deposit;

sql [2022-03-02 23:51:08] [DEBUG]: Executing (default): SELECT `id`, `name`, `account`, `loginId`, `loginPwd`, `sex`, `birthday`, `mobile`, `job`, `limited`, `isFreezed`, `ident`, `loan`, `interest`, `company`, `cause`, `flag`, `createdAt`, `updatedAt`, `deletedAt` FROM `User_Is` AS `User_I` WHERE (`User_I`.`deletedAt` IS NULL AND (`User_I`.`loginId` = 'chenshengnan01' AND `User_I`.`loginPwd` = 'chenshengnan01.p')) LIMIT 1;

sql [2022-03-02 23:51:16] [DEBUG]: Executing (default): UPDATE `User_Is` SET `loginId`=?,`loan`=?,`interest`=?,`flag`=?,`updatedAt`=? WHERE (`deletedAt` IS NULL AND `loginId` = ?)

sql [2022-03-02 23:51:59] [DEBUG]: Executing (default): SELECT `id`, `A`, `B`, `A_1`, `A_3`, `B_1`, `B_3`, `C`, `L_s`, `L_m`, `L_l`, `flag`, `createdAt`, `updatedAt`, `deletedAt` FROM `Rates` AS `Rate` WHERE (`Rate`.`deletedAt` IS NULL AND `Rate`.`id` = 1);

sql [2022-03-02 23:52:01] [DEBUG]: Executing (default): SELECT `id`, `name`, `bankId`, `corpus`, `flag`, `createdAt`, `updatedAt`, `deletedAt` FROM `Banks` AS `Bank` WHERE (`Bank`.`deletedAt` IS NULL AND `Bank`.`bankId` = 'cb1') LIMIT 1;

sql [2022-03-02 23:52:02] [DEBUG]: Executing (default): SELECT `id`, `name`, `account`, `loginId`, `loginPwd`, `sex`, `birthday`, `mobile`, `job`, `limited`, `isFreezed`, `ident`, `loan`, `interest`, `company`, `cause`, `flag`, `createdAt`, `updatedAt`, `deletedAt` FROM `User_Is` AS `User_I` WHERE (`User_I`.`deletedAt` IS NULL) ORDER BY loan;

sql [2022-03-02 23:52:02] [DEBUG]: Executing (default): SELECT `id`, `name`, `account`, `loginId`, `loginPwd`, `sex`, `birthday`, `mobile`, `job`, `isFreezed`, `deposit`, `interest`, `flag`, `createdAt`, `updatedAt`, `deletedAt` FROM `User_IIs` AS `User_II` WHERE (`User_II`.`deletedAt` IS NULL) ORDER BY deposit;

sql [2022-03-02 23:52:13] [DEBUG]: Executing (default): SELECT `id`, `name`, `account`, `loginId`, `loginPwd`, `sex`, `birthday`, `mobile`, `job`, `limited`, `isFreezed`, `ident`, `loan`, `interest`, `company`, `cause`, `flag`, `createdAt`, `updatedAt`, `deletedAt` FROM `User_Is` AS `User_I` WHERE (`User_I`.`deletedAt` IS NULL AND (`User_I`.`loginId` = 'chenshengnan01' AND `User_I`.`loginPwd` = 'chenshengnan01.p')) LIMIT 1;

sql [2022-03-02 23:52:22] [DEBUG]: Executing (default): UPDATE `User_Is` SET `loginId`=?,`loan`=?,`interest`=?,`flag`=?,`updatedAt`=? WHERE (`deletedAt` IS NULL AND `loginId` = ?)

sql [2022-03-02 23:54:44] [DEBUG]: Executing (default): UPDATE `User_Is` SET `loginId`=?,`loan`=?,`interest`=?,`flag`=?,`updatedAt`=? WHERE (`deletedAt` IS NULL AND `loginId` = ?)

sql [2022-03-02 23:55:10] [DEBUG]: Executing (default): UPDATE `User_Is` SET `loginId`=?,`loan`=?,`interest`=?,`flag`=?,`updatedAt`=? WHERE (`deletedAt` IS NULL AND `loginId` = ?)

sql [2022-03-02 23:58:32] [DEBUG]: Executing (default): UPDATE `User_Is` SET `loginId`=?,`loan`=?,`interest`=?,`flag`=?,`updatedAt`=? WHERE (`deletedAt` IS NULL AND `loginId` = ?)

