sql [2022-03-03 00:00:19] [DEBUG]: Executing (default): UPDATE `User_Is` SET `loginId`=?,`loan`=?,`interest`=?,`flag`=?,`updatedAt`=? WHERE (`deletedAt` IS NULL AND `loginId` = ?)

sql [2022-03-03 00:07:50] [DEBUG]: Executing (default): SELECT `id`, `A`, `B`, `A_1`, `A_3`, `B_1`, `B_3`, `C`, `L_s`, `L_m`, `L_l`, `flag`, `createdAt`, `updatedAt`, `deletedAt` FROM `Rates` AS `Rate` WHERE (`Rate`.`deletedAt` IS NULL AND `Rate`.`id` = 1);

sql [2022-03-03 00:07:51] [DEBUG]: Executing (default): SELECT `id`, `name`, `bankId`, `corpus`, `flag`, `createdAt`, `updatedAt`, `deletedAt` FROM `Banks` AS `Bank` WHERE (`Bank`.`deletedAt` IS NULL AND `Bank`.`bankId` = 'cb1') LIMIT 1;

sql [2022-03-03 00:07:52] [DEBUG]: Executing (default): SELECT `id`, `name`, `account`, `loginId`, `loginPwd`, `sex`, `birthday`, `mobile`, `job`, `limited`, `isFreezed`, `ident`, `loan`, `interest`, `company`, `cause`, `flag`, `createdAt`, `updatedAt`, `deletedAt` FROM `User_Is` AS `User_I` WHERE (`User_I`.`deletedAt` IS NULL) ORDER BY loan;

sql [2022-03-03 00:07:52] [DEBUG]: Executing (default): SELECT `id`, `name`, `account`, `loginId`, `loginPwd`, `sex`, `birthday`, `mobile`, `job`, `isFreezed`, `deposit`, `interest`, `flag`, `createdAt`, `updatedAt`, `deletedAt` FROM `User_IIs` AS `User_II` WHERE (`User_II`.`deletedAt` IS NULL) ORDER BY deposit;

sql [2022-03-03 00:07:58] [DEBUG]: Executing (default): SELECT `id`, `name`, `account`, `loginId`, `loginPwd`, `sex`, `birthday`, `mobile`, `job`, `limited`, `isFreezed`, `ident`, `loan`, `interest`, `company`, `cause`, `flag`, `createdAt`, `updatedAt`, `deletedAt` FROM `User_Is` AS `User_I` WHERE (`User_I`.`deletedAt` IS NULL AND (`User_I`.`loginId` = 'chenshengnan01' AND `User_I`.`loginPwd` = 'chenshengnan01.p')) LIMIT 1;

sql [2022-03-03 00:08:06] [DEBUG]: Executing (default): UPDATE `User_Is` SET `loginId`=?,`loan`=?,`interest`=?,`flag`=?,`updatedAt`=? WHERE (`deletedAt` IS NULL AND `loginId` = ?)

sql [2022-03-03 00:11:15] [DEBUG]: Executing (default): SELECT `id`, `A`, `B`, `A_1`, `A_3`, `B_1`, `B_3`, `C`, `L_s`, `L_m`, `L_l`, `flag`, `createdAt`, `updatedAt`, `deletedAt` FROM `Rates` AS `Rate` WHERE (`Rate`.`deletedAt` IS NULL AND `Rate`.`id` = 1);

sql [2022-03-03 00:11:16] [DEBUG]: Executing (default): SELECT `id`, `name`, `bankId`, `corpus`, `flag`, `createdAt`, `updatedAt`, `deletedAt` FROM `Banks` AS `Bank` WHERE (`Bank`.`deletedAt` IS NULL AND `Bank`.`bankId` = 'cb1') LIMIT 1;

sql [2022-03-03 00:11:17] [DEBUG]: Executing (default): SELECT `id`, `name`, `account`, `loginId`, `loginPwd`, `sex`, `birthday`, `mobile`, `job`, `limited`, `isFreezed`, `ident`, `loan`, `interest`, `company`, `cause`, `flag`, `createdAt`, `updatedAt`, `deletedAt` FROM `User_Is` AS `User_I` WHERE (`User_I`.`deletedAt` IS NULL) ORDER BY loan;

sql [2022-03-03 00:11:17] [DEBUG]: Executing (default): SELECT `id`, `name`, `account`, `loginId`, `loginPwd`, `sex`, `birthday`, `mobile`, `job`, `isFreezed`, `deposit`, `interest`, `flag`, `createdAt`, `updatedAt`, `deletedAt` FROM `User_IIs` AS `User_II` WHERE (`User_II`.`deletedAt` IS NULL) ORDER BY deposit;

sql [2022-03-03 00:11:24] [DEBUG]: Executing (default): SELECT `id`, `name`, `account`, `loginId`, `loginPwd`, `sex`, `birthday`, `mobile`, `job`, `limited`, `isFreezed`, `ident`, `loan`, `interest`, `company`, `cause`, `flag`, `createdAt`, `updatedAt`, `deletedAt` FROM `User_Is` AS `User_I` WHERE (`User_I`.`deletedAt` IS NULL AND (`User_I`.`loginId` = 'chenshengnan01' AND `User_I`.`loginPwd` = 'chenshengnan01.p')) LIMIT 1;

sql [2022-03-03 00:11:31] [DEBUG]: Executing (default): UPDATE `User_Is` SET `loginId`=?,`loan`=?,`interest`=?,`flag`=?,`updatedAt`=? WHERE (`deletedAt` IS NULL AND `loginId` = ?)

sql [2022-03-03 00:16:53] [DEBUG]: Executing (default): UPDATE `User_Is` SET `loginId`=?,`loan`=?,`interest`=?,`flag`=?,`updatedAt`=? WHERE (`deletedAt` IS NULL AND `loginId` = ?)

sql [2022-03-03 00:21:02] [DEBUG]: Executing (default): UPDATE `User_Is` SET `loginId`=?,`loan`=?,`interest`=?,`flag`=?,`updatedAt`=? WHERE (`deletedAt` IS NULL AND `loginId` = ?)

sql [2022-03-03 00:22:27] [DEBUG]: Executing (default): UPDATE `User_Is` SET `loginId`=?,`loan`=?,`interest`=?,`flag`=?,`updatedAt`=? WHERE (`deletedAt` IS NULL AND `loginId` = ?)

sql [2022-03-03 00:23:18] [DEBUG]: Executing (default): UPDATE `User_Is` SET `loginId`=?,`loan`=?,`interest`=?,`flag`=?,`updatedAt`=? WHERE (`deletedAt` IS NULL AND `loginId` = ?)

sql [2022-03-03 00:28:19] [DEBUG]: Executing (default): UPDATE `User_Is` SET `loginId`=?,`loan`=?,`interest`=?,`flag`=?,`updatedAt`=? WHERE (`deletedAt` IS NULL AND `loginId` = ?)

sql [2022-03-03 09:26:39] [DEBUG]: Executing (default): CREATE TABLE IF NOT EXISTS `Banks` (`id` INTEGER NOT NULL auto_increment , `name` VARCHAR(255) NOT NULL, `bankId` VARCHAR(255) NOT NULL, `corpus` DECIMAL(10,2), `flag` VARCHAR(255) NOT NULL, `createdAt` DATETIME NOT NULL, `updatedAt` DATETIME NOT NULL, `deletedAt` DATETIME, PRIMARY KEY (`id`)) ENGINE=InnoDB;

sql [2022-03-03 09:26:39] [DEBUG]: Executing (default): SHOW INDEX FROM `Banks`

sql [2022-03-03 09:26:39] [DEBUG]: Executing (default): CREATE TABLE IF NOT EXISTS `Admins` (`id` INTEGER NOT NULL auto_increment , `name` VARCHAR(255) NOT NULL, `loginId` VARCHAR(255) NOT NULL, `loginPwd` VARCHAR(255) NOT NULL, `rank` VARCHAR(255) NOT NULL, `flag` VARCHAR(255) NOT NULL, `createdAt` DATETIME NOT NULL, `updatedAt` DATETIME NOT NULL, `deletedAt` DATETIME, PRIMARY KEY (`id`)) ENGINE=InnoDB;

sql [2022-03-03 09:26:39] [DEBUG]: Executing (default): SHOW INDEX FROM `Admins`

sql [2022-03-03 09:26:39] [DEBUG]: Executing (default): CREATE TABLE IF NOT EXISTS `User_Is` (`id` INTEGER NOT NULL auto_increment , `name` TEXT NOT NULL, `account` VARCHAR(255) NOT NULL, `loginId` VARCHAR(255) NOT NULL, `loginPwd` VARCHAR(255) NOT NULL, `sex` TINYINT(1) NOT NULL, `birthday` DATETIME NOT NULL, `mobile` VARCHAR(11) NOT NULL, `job` TEXT, `limited` TINYINT(1) NOT NULL, `isFreezed` TINYINT(1) NOT NULL, `ident` INTEGER, `loan` DECIMAL(10,2), `interest` DECIMAL(10,2), `company` TEXT, `cause` TEXT, `flag` VARCHAR(255) NOT NULL, `createdAt` DATETIME NOT NULL, `updatedAt` DATETIME NOT NULL, `deletedAt` DATETIME, PRIMARY KEY (`id`)) ENGINE=InnoDB;

sql [2022-03-03 09:26:39] [DEBUG]: Executing (default): SHOW INDEX FROM `User_Is`

sql [2022-03-03 09:26:39] [DEBUG]: Executing (default): CREATE TABLE IF NOT EXISTS `User_IIs` (`id` INTEGER NOT NULL auto_increment , `name` TEXT NOT NULL, `account` VARCHAR(255) NOT NULL, `loginId` VARCHAR(255) NOT NULL, `loginPwd` VARCHAR(255) NOT NULL, `sex` TINYINT(1) NOT NULL, `birthday` DATETIME NOT NULL, `mobile` VARCHAR(11) NOT NULL, `job` TEXT, `isFreezed` TINYINT(1) NOT NULL, `deposit` DECIMAL(10,2), `interest` DECIMAL(10,2), `flag` VARCHAR(255) NOT NULL, `createdAt` DATETIME NOT NULL, `updatedAt` DATETIME NOT NULL, `deletedAt` DATETIME, PRIMARY KEY (`id`)) ENGINE=InnoDB;

sql [2022-03-03 09:26:39] [DEBUG]: Executing (default): SHOW INDEX FROM `User_IIs`

sql [2022-03-03 09:26:39] [DEBUG]: Executing (default): CREATE TABLE IF NOT EXISTS `Rates` (`id` INTEGER NOT NULL auto_increment , `A` DECIMAL(10,2) NOT NULL, `B` DECIMAL(10,2) NOT NULL, `A_1` DECIMAL(10,2) NOT NULL, `A_3` DECIMAL(10,2) NOT NULL, `B_1` DECIMAL(10,2) NOT NULL, `B_3` DECIMAL(10,2) NOT NULL, `C` DECIMAL(10,2) NOT NULL, `L_s` DECIMAL(10,2) NOT NULL, `L_m` DECIMAL(10,2) NOT NULL, `L_l` DECIMAL(10,2) NOT NULL, `flag` VARCHAR(255) NOT NULL, `createdAt` DATETIME NOT NULL, `updatedAt` DATETIME NOT NULL, `deletedAt` DATETIME, PRIMARY KEY (`id`)) ENGINE=InnoDB;

sql [2022-03-03 09:26:39] [DEBUG]: Executing (default): SHOW INDEX FROM `Rates`

sql [2022-03-03 09:28:01] [DEBUG]: Executing (default): SELECT `id`, `A`, `B`, `A_1`, `A_3`, `B_1`, `B_3`, `C`, `L_s`, `L_m`, `L_l`, `flag`, `createdAt`, `updatedAt`, `deletedAt` FROM `Rates` AS `Rate` WHERE (`Rate`.`deletedAt` IS NULL AND `Rate`.`id` = 1);

sql [2022-03-03 09:28:02] [DEBUG]: Executing (default): SELECT `id`, `name`, `bankId`, `corpus`, `flag`, `createdAt`, `updatedAt`, `deletedAt` FROM `Banks` AS `Bank` WHERE (`Bank`.`deletedAt` IS NULL AND `Bank`.`bankId` = 'cb1') LIMIT 1;

sql [2022-03-03 09:28:03] [DEBUG]: Executing (default): SELECT `id`, `name`, `account`, `loginId`, `loginPwd`, `sex`, `birthday`, `mobile`, `job`, `limited`, `isFreezed`, `ident`, `loan`, `interest`, `company`, `cause`, `flag`, `createdAt`, `updatedAt`, `deletedAt` FROM `User_Is` AS `User_I` WHERE (`User_I`.`deletedAt` IS NULL) ORDER BY loan;

sql [2022-03-03 09:28:03] [DEBUG]: Executing (default): SELECT `id`, `name`, `account`, `loginId`, `loginPwd`, `sex`, `birthday`, `mobile`, `job`, `isFreezed`, `deposit`, `interest`, `flag`, `createdAt`, `updatedAt`, `deletedAt` FROM `User_IIs` AS `User_II` WHERE (`User_II`.`deletedAt` IS NULL) ORDER BY deposit;

sql [2022-03-03 09:28:11] [DEBUG]: Executing (default): SELECT `id`, `name`, `account`, `loginId`, `loginPwd`, `sex`, `birthday`, `mobile`, `job`, `limited`, `isFreezed`, `ident`, `loan`, `interest`, `company`, `cause`, `flag`, `createdAt`, `updatedAt`, `deletedAt` FROM `User_Is` AS `User_I` WHERE (`User_I`.`deletedAt` IS NULL AND (`User_I`.`loginId` = 'chenshengnan01' AND `User_I`.`loginPwd` = 'chenshengnan01.p')) LIMIT 1;

sql [2022-03-03 09:29:27] [DEBUG]: Executing (default): SELECT `id`, `name`, `account`, `loginId`, `loginPwd`, `sex`, `birthday`, `mobile`, `job`, `isFreezed`, `deposit`, `interest`, `flag`, `createdAt`, `updatedAt`, `deletedAt` FROM `User_IIs` AS `User_II` WHERE (`User_II`.`deletedAt` IS NULL AND (`User_II`.`loginId` = 'yangxiang01' AND `User_II`.`loginPwd` = 'yangxiang01.p')) LIMIT 1;

sql [2022-03-03 09:29:40] [DEBUG]: Executing (default): UPDATE `User_IIs` SET `loginId`=?,`deposit`=?,`interest`=?,`flag`=?,`updatedAt`=? WHERE (`deletedAt` IS NULL AND `loginId` = ?)

sql [2022-03-03 09:33:48] [DEBUG]: Executing (default): UPDATE `User_IIs` SET `loginId`=?,`deposit`=?,`interest`=?,`flag`=?,`updatedAt`=? WHERE (`deletedAt` IS NULL AND `loginId` = ?)

sql [2022-03-03 09:36:35] [DEBUG]: Executing (default): UPDATE `User_IIs` SET `loginId`=?,`deposit`=?,`interest`=?,`flag`=?,`updatedAt`=? WHERE (`deletedAt` IS NULL AND `loginId` = ?)

sql [2022-03-03 09:39:37] [DEBUG]: Executing (default): SELECT `id`, `A`, `B`, `A_1`, `A_3`, `B_1`, `B_3`, `C`, `L_s`, `L_m`, `L_l`, `flag`, `createdAt`, `updatedAt`, `deletedAt` FROM `Rates` AS `Rate` WHERE (`Rate`.`deletedAt` IS NULL AND `Rate`.`id` = 1);

sql [2022-03-03 09:39:38] [DEBUG]: Executing (default): SELECT `id`, `name`, `bankId`, `corpus`, `flag`, `createdAt`, `updatedAt`, `deletedAt` FROM `Banks` AS `Bank` WHERE (`Bank`.`deletedAt` IS NULL AND `Bank`.`bankId` = 'cb1') LIMIT 1;

sql [2022-03-03 09:39:39] [DEBUG]: Executing (default): SELECT `id`, `name`, `account`, `loginId`, `loginPwd`, `sex`, `birthday`, `mobile`, `job`, `limited`, `isFreezed`, `ident`, `loan`, `interest`, `company`, `cause`, `flag`, `createdAt`, `updatedAt`, `deletedAt` FROM `User_Is` AS `User_I` WHERE (`User_I`.`deletedAt` IS NULL) ORDER BY loan;

sql [2022-03-03 09:39:39] [DEBUG]: Executing (default): SELECT `id`, `name`, `account`, `loginId`, `loginPwd`, `sex`, `birthday`, `mobile`, `job`, `isFreezed`, `deposit`, `interest`, `flag`, `createdAt`, `updatedAt`, `deletedAt` FROM `User_IIs` AS `User_II` WHERE (`User_II`.`deletedAt` IS NULL) ORDER BY deposit;

sql [2022-03-03 09:39:48] [DEBUG]: Executing (default): SELECT `id`, `name`, `account`, `loginId`, `loginPwd`, `sex`, `birthday`, `mobile`, `job`, `isFreezed`, `deposit`, `interest`, `flag`, `createdAt`, `updatedAt`, `deletedAt` FROM `User_IIs` AS `User_II` WHERE (`User_II`.`deletedAt` IS NULL AND (`User_II`.`loginId` = 'yangxiang01' AND `User_II`.`loginPwd` = 'yangxiang01.p')) LIMIT 1;

sql [2022-03-03 09:40:10] [DEBUG]: Executing (default): UPDATE `User_IIs` SET `loginId`=?,`deposit`=?,`interest`=?,`flag`=?,`updatedAt`=? WHERE (`deletedAt` IS NULL AND `loginId` = ?)

sql [2022-03-03 09:42:24] [DEBUG]: Executing (default): SELECT `id`, `name`, `account`, `loginId`, `loginPwd`, `sex`, `birthday`, `mobile`, `job`, `limited`, `isFreezed`, `ident`, `loan`, `interest`, `company`, `cause`, `flag`, `createdAt`, `updatedAt`, `deletedAt` FROM `User_Is` AS `User_I` WHERE (`User_I`.`deletedAt` IS NULL AND (`User_I`.`loginId` = 'yangxiang01' AND `User_I`.`loginPwd` = 'yangxiang01.p')) LIMIT 1;

sql [2022-03-03 09:42:29] [DEBUG]: Executing (default): SELECT `id`, `name`, `account`, `loginId`, `loginPwd`, `sex`, `birthday`, `mobile`, `job`, `isFreezed`, `deposit`, `interest`, `flag`, `createdAt`, `updatedAt`, `deletedAt` FROM `User_IIs` AS `User_II` WHERE (`User_II`.`deletedAt` IS NULL AND (`User_II`.`loginId` = 'yangxiang01' AND `User_II`.`loginPwd` = 'yangxiang01.p')) LIMIT 1;

sql [2022-03-03 09:42:36] [DEBUG]: Executing (default): UPDATE `User_IIs` SET `loginId`=?,`deposit`=?,`interest`=?,`flag`=?,`updatedAt`=? WHERE (`deletedAt` IS NULL AND `loginId` = ?)

sql [2022-03-03 09:46:56] [DEBUG]: Executing (default): UPDATE `User_IIs` SET `loginId`=?,`deposit`=?,`interest`=?,`flag`=?,`updatedAt`=? WHERE (`deletedAt` IS NULL AND `loginId` = ?)

sql [2022-03-03 09:47:49] [DEBUG]: Executing (default): UPDATE `User_IIs` SET `loginId`=?,`deposit`=?,`interest`=?,`flag`=?,`updatedAt`=? WHERE (`deletedAt` IS NULL AND `loginId` = ?)

sql [2022-03-03 09:47:59] [DEBUG]: Executing (default): SELECT `id`, `A`, `B`, `A_1`, `A_3`, `B_1`, `B_3`, `C`, `L_s`, `L_m`, `L_l`, `flag`, `createdAt`, `updatedAt`, `deletedAt` FROM `Rates` AS `Rate` WHERE (`Rate`.`deletedAt` IS NULL AND `Rate`.`id` = 1);

sql [2022-03-03 09:48:00] [DEBUG]: Executing (default): SELECT `id`, `name`, `bankId`, `corpus`, `flag`, `createdAt`, `updatedAt`, `deletedAt` FROM `Banks` AS `Bank` WHERE (`Bank`.`deletedAt` IS NULL AND `Bank`.`bankId` = 'cb1') LIMIT 1;

sql [2022-03-03 09:48:01] [DEBUG]: Executing (default): SELECT `id`, `name`, `account`, `loginId`, `loginPwd`, `sex`, `birthday`, `mobile`, `job`, `limited`, `isFreezed`, `ident`, `loan`, `interest`, `company`, `cause`, `flag`, `createdAt`, `updatedAt`, `deletedAt` FROM `User_Is` AS `User_I` WHERE (`User_I`.`deletedAt` IS NULL) ORDER BY loan;

sql [2022-03-03 09:48:01] [DEBUG]: Executing (default): SELECT `id`, `name`, `account`, `loginId`, `loginPwd`, `sex`, `birthday`, `mobile`, `job`, `isFreezed`, `deposit`, `interest`, `flag`, `createdAt`, `updatedAt`, `deletedAt` FROM `User_IIs` AS `User_II` WHERE (`User_II`.`deletedAt` IS NULL) ORDER BY deposit;

sql [2022-03-03 09:48:07] [DEBUG]: Executing (default): SELECT `id`, `name`, `account`, `loginId`, `loginPwd`, `sex`, `birthday`, `mobile`, `job`, `isFreezed`, `deposit`, `interest`, `flag`, `createdAt`, `updatedAt`, `deletedAt` FROM `User_IIs` AS `User_II` WHERE (`User_II`.`deletedAt` IS NULL AND (`User_II`.`loginId` = 'yangxiang01' AND `User_II`.`loginPwd` = 'yangxiang01.p')) LIMIT 1;

sql [2022-03-03 09:48:16] [DEBUG]: Executing (default): UPDATE `User_IIs` SET `loginId`=?,`deposit`=?,`interest`=?,`flag`=?,`updatedAt`=? WHERE (`deletedAt` IS NULL AND `loginId` = ?)

sql [2022-03-03 09:48:58] [DEBUG]: Executing (default): UPDATE `User_IIs` SET `loginId`=?,`deposit`=?,`interest`=?,`flag`=?,`updatedAt`=? WHERE (`deletedAt` IS NULL AND `loginId` = ?)

sql [2022-03-03 09:51:34] [DEBUG]: Executing (default): UPDATE `User_IIs` SET `loginId`=?,`deposit`=?,`interest`=?,`flag`=?,`updatedAt`=? WHERE (`deletedAt` IS NULL AND `loginId` = ?)

sql [2022-03-03 09:51:48] [DEBUG]: Executing (default): UPDATE `User_IIs` SET `loginId`=?,`deposit`=?,`interest`=?,`flag`=?,`updatedAt`=? WHERE (`deletedAt` IS NULL AND `loginId` = ?)

sql [2022-03-03 09:54:32] [DEBUG]: Executing (default): UPDATE `User_IIs` SET `loginId`=?,`deposit`=?,`interest`=?,`flag`=?,`updatedAt`=? WHERE (`deletedAt` IS NULL AND `loginId` = ?)

sql [2022-03-03 09:54:48] [DEBUG]: Executing (default): SELECT `id`, `name`, `account`, `loginId`, `loginPwd`, `sex`, `birthday`, `mobile`, `job`, `limited`, `isFreezed`, `ident`, `loan`, `interest`, `company`, `cause`, `flag`, `createdAt`, `updatedAt`, `deletedAt` FROM `User_Is` AS `User_I` WHERE (`User_I`.`deletedAt` IS NULL AND (`User_I`.`loginId` = 'chenshengnan01' AND `User_I`.`loginPwd` = 'chenshengnan01.p')) LIMIT 1;

sql [2022-03-03 09:55:01] [DEBUG]: Executing (default): UPDATE `User_Is` SET `loginId`=?,`loan`=?,`interest`=?,`flag`=?,`updatedAt`=? WHERE (`deletedAt` IS NULL AND `loginId` = ?)

sql [2022-03-03 09:55:31] [DEBUG]: Executing (default): UPDATE `User_Is` SET `loginId`=?,`loan`=?,`interest`=?,`cause`=?,`company`=?,`ident`=?,`flag`=?,`updatedAt`=? WHERE (`deletedAt` IS NULL AND `loginId` = ?)

sql [2022-03-03 09:57:19] [DEBUG]: Executing (default): UPDATE `User_Is` SET `loginId`=?,`loan`=?,`interest`=?,`cause`=?,`company`=?,`ident`=?,`flag`=?,`updatedAt`=? WHERE (`deletedAt` IS NULL AND `loginId` = ?)

sql [2022-03-03 09:57:34] [DEBUG]: Executing (default): SELECT `id`, `name`, `loginId`, `loginPwd`, `rank`, `flag`, `createdAt`, `updatedAt`, `deletedAt` FROM `Admins` AS `Admin` WHERE (`Admin`.`deletedAt` IS NULL AND (`Admin`.`loginId` = 'admin-master' AND `Admin`.`loginPwd` = '1234')) LIMIT 1;

sql [2022-03-03 09:58:57] [DEBUG]: Executing (default): SELECT `id`, `A`, `B`, `A_1`, `A_3`, `B_1`, `B_3`, `C`, `L_s`, `L_m`, `L_l`, `flag`, `createdAt`, `updatedAt`, `deletedAt` FROM `Rates` AS `Rate` WHERE (`Rate`.`deletedAt` IS NULL AND `Rate`.`id` = 1);

sql [2022-03-03 09:59:00] [DEBUG]: Executing (default): SELECT `id`, `name`, `bankId`, `corpus`, `flag`, `createdAt`, `updatedAt`, `deletedAt` FROM `Banks` AS `Bank` WHERE (`Bank`.`deletedAt` IS NULL AND `Bank`.`bankId` = 'cb1') LIMIT 1;

sql [2022-03-03 09:59:01] [DEBUG]: Executing (default): SELECT `id`, `name`, `account`, `loginId`, `loginPwd`, `sex`, `birthday`, `mobile`, `job`, `limited`, `isFreezed`, `ident`, `loan`, `interest`, `company`, `cause`, `flag`, `createdAt`, `updatedAt`, `deletedAt` FROM `User_Is` AS `User_I` WHERE (`User_I`.`deletedAt` IS NULL) ORDER BY loan;

sql [2022-03-03 09:59:01] [DEBUG]: Executing (default): SELECT `id`, `name`, `account`, `loginId`, `loginPwd`, `sex`, `birthday`, `mobile`, `job`, `isFreezed`, `deposit`, `interest`, `flag`, `createdAt`, `updatedAt`, `deletedAt` FROM `User_IIs` AS `User_II` WHERE (`User_II`.`deletedAt` IS NULL) ORDER BY deposit;

sql [2022-03-03 09:59:25] [DEBUG]: Executing (default): SELECT `id`, `name`, `account`, `loginId`, `loginPwd`, `sex`, `birthday`, `mobile`, `job`, `limited`, `isFreezed`, `ident`, `loan`, `interest`, `company`, `cause`, `flag`, `createdAt`, `updatedAt`, `deletedAt` FROM `User_Is` AS `User_I` WHERE (`User_I`.`deletedAt` IS NULL AND (`User_I`.`loginId` = 'chenshengnan01' AND `User_I`.`loginPwd` = 'chenshengnan01.p')) LIMIT 1;

sql [2022-03-03 09:59:43] [DEBUG]: Executing (default): UPDATE `User_Is` SET `loginId`=?,`loan`=?,`interest`=?,`cause`=?,`company`=?,`ident`=?,`flag`=?,`updatedAt`=? WHERE (`deletedAt` IS NULL AND `loginId` = ?)

sql [2022-03-03 10:00:50] [DEBUG]: Executing (default): UPDATE `User_Is` SET `loginId`=?,`loan`=?,`interest`=?,`flag`=?,`updatedAt`=? WHERE (`deletedAt` IS NULL AND `loginId` = ?)

sql [2022-03-03 10:02:38] [DEBUG]: Executing (default): SELECT `id`, `name`, `account`, `loginId`, `loginPwd`, `sex`, `birthday`, `mobile`, `job`, `isFreezed`, `deposit`, `interest`, `flag`, `createdAt`, `updatedAt`, `deletedAt` FROM `User_IIs` AS `User_II` WHERE (`User_II`.`deletedAt` IS NULL AND (`User_II`.`loginId` = 'yangxiang01' AND `User_II`.`loginPwd` = 'yangxiang01.p')) LIMIT 1;

sql [2022-03-03 10:02:48] [DEBUG]: Executing (default): UPDATE `User_IIs` SET `loginId`=?,`deposit`=?,`interest`=?,`flag`=?,`updatedAt`=? WHERE (`deletedAt` IS NULL AND `loginId` = ?)

