sql [2022-01-07 16:32:02] [DEBUG]: Executing (default): CREATE TABLE IF NOT EXISTS `Banks` (`id` INTEGER NOT NULL auto_increment , `name` VARCHAR(255) NOT NULL, `bankId` VARCHAR(255) NOT NULL, `corpus` DECIMAL(10,2), `flag` VARCHAR(255) NOT NULL, `createdAt` DATETIME NOT NULL, `updatedAt` DATETIME NOT NULL, `deletedAt` DATETIME, PRIMARY KEY (`id`)) ENGINE=InnoDB;

sql [2022-01-07 16:32:02] [DEBUG]: Executing (default): SHOW INDEX FROM `Banks`

sql [2022-01-07 16:32:02] [DEBUG]: Executing (default): CREATE TABLE IF NOT EXISTS `Admins` (`id` INTEGER NOT NULL auto_increment , `name` VARCHAR(255) NOT NULL, `loginId` VARCHAR(255) NOT NULL, `loginPwd` VARCHAR(255) NOT NULL, `rank` VARCHAR(255) NOT NULL, `flag` VARCHAR(255) NOT NULL, `createdAt` DATETIME NOT NULL, `updatedAt` DATETIME NOT NULL, `deletedAt` DATETIME, PRIMARY KEY (`id`)) ENGINE=InnoDB;

sql [2022-01-07 16:32:02] [DEBUG]: Executing (default): SHOW INDEX FROM `Admins`

sql [2022-01-07 16:32:02] [DEBUG]: Executing (default): CREATE TABLE IF NOT EXISTS `User_Is` (`id` INTEGER NOT NULL auto_increment , `name` TEXT NOT NULL, `account` VARCHAR(255) NOT NULL, `loginId` VARCHAR(255) NOT NULL, `loginPwd` VARCHAR(255) NOT NULL, `sex` TINYINT(1) NOT NULL, `birthday` DATETIME NOT NULL, `mobile` VARCHAR(11) NOT NULL, `job` TEXT, `limited` TINYINT(1) NOT NULL, `isFreezed` TINYINT(1) NOT NULL, `ident` INTEGER, `loan` DECIMAL(10,2), `interest` DECIMAL(10,2), `company` TEXT, `cause` TEXT, `flag` VARCHAR(255) NOT NULL, `createdAt` DATETIME NOT NULL, `updatedAt` DATETIME NOT NULL, `deletedAt` DATETIME, PRIMARY KEY (`id`)) ENGINE=InnoDB;

sql [2022-01-07 16:32:02] [DEBUG]: Executing (default): SHOW INDEX FROM `User_Is`

sql [2022-01-07 16:32:02] [DEBUG]: Executing (default): CREATE TABLE IF NOT EXISTS `User_IIs` (`id` INTEGER NOT NULL auto_increment , `name` TEXT NOT NULL, `account` VARCHAR(255) NOT NULL, `loginId` VARCHAR(255) NOT NULL, `loginPwd` VARCHAR(255) NOT NULL, `sex` TINYINT(1) NOT NULL, `birthday` DATETIME NOT NULL, `mobile` VARCHAR(11) NOT NULL, `job` TEXT, `isFreezed` TINYINT(1) NOT NULL, `deposit` DECIMAL(10,2), `interest` DECIMAL(10,2), `flag` VARCHAR(255) NOT NULL, `createdAt` DATETIME NOT NULL, `updatedAt` DATETIME NOT NULL, `deletedAt` DATETIME, PRIMARY KEY (`id`)) ENGINE=InnoDB;

sql [2022-01-07 16:32:02] [DEBUG]: Executing (default): SHOW INDEX FROM `User_IIs`

sql [2022-01-07 16:32:02] [DEBUG]: Executing (default): CREATE TABLE IF NOT EXISTS `Rates` (`id` INTEGER NOT NULL auto_increment , `A` DECIMAL(10,2) NOT NULL, `B` DECIMAL(10,2) NOT NULL, `C` DECIMAL(10,2) NOT NULL, `A_1` DECIMAL(10,2) NOT NULL, `A_3` DECIMAL(10,2) NOT NULL, `B_1` DECIMAL(10,2) NOT NULL, `B_3` DECIMAL(10,2) NOT NULL, `L_s` DECIMAL(10,2) NOT NULL, `L_m` DECIMAL(10,2) NOT NULL, `L_l` DECIMAL(10,2) NOT NULL, `flag` VARCHAR(255) NOT NULL, `createdAt` DATETIME NOT NULL, `updatedAt` DATETIME NOT NULL, `deletedAt` DATETIME, PRIMARY KEY (`id`)) ENGINE=InnoDB;

sql [2022-01-07 16:32:02] [DEBUG]: Executing (default): SHOW INDEX FROM `Rates`

sql [2022-01-07 16:33:48] [DEBUG]: Executing (default): SELECT `id`, `A`, `B`, `C`, `A_1`, `A_3`, `B_1`, `B_3`, `L_s`, `L_m`, `L_l`, `flag`, `createdAt`, `updatedAt`, `deletedAt` FROM `Rates` AS `Rate` WHERE (`Rate`.`deletedAt` IS NULL AND `Rate`.`id` = 1);

sql [2022-01-07 16:33:49] [DEBUG]: Executing (default): SELECT `id`, `name`, `bankId`, `corpus`, `flag`, `createdAt`, `updatedAt`, `deletedAt` FROM `Banks` AS `Bank` WHERE (`Bank`.`deletedAt` IS NULL AND `Bank`.`bankId` = 'cb1') LIMIT 1;

sql [2022-01-07 16:33:50] [DEBUG]: Executing (default): SELECT `id`, `name`, `account`, `loginId`, `loginPwd`, `sex`, `birthday`, `mobile`, `job`, `limited`, `isFreezed`, `ident`, `loan`, `interest`, `company`, `cause`, `flag`, `createdAt`, `updatedAt`, `deletedAt` FROM `User_Is` AS `User_I` WHERE (`User_I`.`deletedAt` IS NULL) ORDER BY loan;

sql [2022-01-07 16:33:50] [DEBUG]: Executing (default): SELECT `id`, `name`, `account`, `loginId`, `loginPwd`, `sex`, `birthday`, `mobile`, `job`, `isFreezed`, `deposit`, `interest`, `flag`, `createdAt`, `updatedAt`, `deletedAt` FROM `User_IIs` AS `User_II` WHERE (`User_II`.`deletedAt` IS NULL) ORDER BY deposit;

sql [2022-01-07 16:41:01] [DEBUG]: Executing (default): SELECT `id`, `A`, `B`, `C`, `A_1`, `A_3`, `B_1`, `B_3`, `L_s`, `L_m`, `L_l`, `flag`, `createdAt`, `updatedAt`, `deletedAt` FROM `Rates` AS `Rate` WHERE (`Rate`.`deletedAt` IS NULL AND `Rate`.`id` = 1);

sql [2022-01-07 16:41:02] [DEBUG]: Executing (default): SELECT `id`, `name`, `bankId`, `corpus`, `flag`, `createdAt`, `updatedAt`, `deletedAt` FROM `Banks` AS `Bank` WHERE (`Bank`.`deletedAt` IS NULL AND `Bank`.`bankId` = 'cb1') LIMIT 1;

sql [2022-01-07 16:41:04] [DEBUG]: Executing (default): SELECT `id`, `name`, `account`, `loginId`, `loginPwd`, `sex`, `birthday`, `mobile`, `job`, `limited`, `isFreezed`, `ident`, `loan`, `interest`, `company`, `cause`, `flag`, `createdAt`, `updatedAt`, `deletedAt` FROM `User_Is` AS `User_I` WHERE (`User_I`.`deletedAt` IS NULL) ORDER BY loan;

sql [2022-01-07 16:41:04] [DEBUG]: Executing (default): SELECT `id`, `name`, `account`, `loginId`, `loginPwd`, `sex`, `birthday`, `mobile`, `job`, `isFreezed`, `deposit`, `interest`, `flag`, `createdAt`, `updatedAt`, `deletedAt` FROM `User_IIs` AS `User_II` WHERE (`User_II`.`deletedAt` IS NULL) ORDER BY deposit;

sql [2022-01-07 16:43:06] [DEBUG]: Executing (default): SELECT `id`, `A`, `B`, `C`, `A_1`, `A_3`, `B_1`, `B_3`, `L_s`, `L_m`, `L_l`, `flag`, `createdAt`, `updatedAt`, `deletedAt` FROM `Rates` AS `Rate` WHERE (`Rate`.`deletedAt` IS NULL AND `Rate`.`id` = 1);

sql [2022-01-07 16:43:07] [DEBUG]: Executing (default): SELECT `id`, `name`, `bankId`, `corpus`, `flag`, `createdAt`, `updatedAt`, `deletedAt` FROM `Banks` AS `Bank` WHERE (`Bank`.`deletedAt` IS NULL AND `Bank`.`bankId` = 'cb1') LIMIT 1;

sql [2022-01-07 16:43:08] [DEBUG]: Executing (default): SELECT `id`, `name`, `account`, `loginId`, `loginPwd`, `sex`, `birthday`, `mobile`, `job`, `limited`, `isFreezed`, `ident`, `loan`, `interest`, `company`, `cause`, `flag`, `createdAt`, `updatedAt`, `deletedAt` FROM `User_Is` AS `User_I` WHERE (`User_I`.`deletedAt` IS NULL) ORDER BY loan;

sql [2022-01-07 16:43:08] [DEBUG]: Executing (default): SELECT `id`, `name`, `account`, `loginId`, `loginPwd`, `sex`, `birthday`, `mobile`, `job`, `isFreezed`, `deposit`, `interest`, `flag`, `createdAt`, `updatedAt`, `deletedAt` FROM `User_IIs` AS `User_II` WHERE (`User_II`.`deletedAt` IS NULL) ORDER BY deposit;

sql [2022-01-07 16:51:17] [DEBUG]: Executing (default): SELECT `id`, `A`, `B`, `C`, `A_1`, `A_3`, `B_1`, `B_3`, `L_s`, `L_m`, `L_l`, `flag`, `createdAt`, `updatedAt`, `deletedAt` FROM `Rates` AS `Rate` WHERE (`Rate`.`deletedAt` IS NULL AND `Rate`.`id` = 1);

sql [2022-01-07 16:51:18] [DEBUG]: Executing (default): SELECT `id`, `name`, `bankId`, `corpus`, `flag`, `createdAt`, `updatedAt`, `deletedAt` FROM `Banks` AS `Bank` WHERE (`Bank`.`deletedAt` IS NULL AND `Bank`.`bankId` = 'cb1') LIMIT 1;

sql [2022-01-07 16:51:19] [DEBUG]: Executing (default): SELECT `id`, `name`, `account`, `loginId`, `loginPwd`, `sex`, `birthday`, `mobile`, `job`, `limited`, `isFreezed`, `ident`, `loan`, `interest`, `company`, `cause`, `flag`, `createdAt`, `updatedAt`, `deletedAt` FROM `User_Is` AS `User_I` WHERE (`User_I`.`deletedAt` IS NULL) ORDER BY loan;

sql [2022-01-07 16:51:19] [DEBUG]: Executing (default): SELECT `id`, `name`, `account`, `loginId`, `loginPwd`, `sex`, `birthday`, `mobile`, `job`, `isFreezed`, `deposit`, `interest`, `flag`, `createdAt`, `updatedAt`, `deletedAt` FROM `User_IIs` AS `User_II` WHERE (`User_II`.`deletedAt` IS NULL) ORDER BY deposit;

sql [2022-01-07 16:51:22] [DEBUG]: Executing (default): SELECT `id`, `A`, `B`, `C`, `A_1`, `A_3`, `B_1`, `B_3`, `L_s`, `L_m`, `L_l`, `flag`, `createdAt`, `updatedAt`, `deletedAt` FROM `Rates` AS `Rate` WHERE (`Rate`.`deletedAt` IS NULL AND `Rate`.`id` = 1);

sql [2022-01-07 16:51:24] [DEBUG]: Executing (default): SELECT `id`, `name`, `bankId`, `corpus`, `flag`, `createdAt`, `updatedAt`, `deletedAt` FROM `Banks` AS `Bank` WHERE (`Bank`.`deletedAt` IS NULL AND `Bank`.`bankId` = 'cb1') LIMIT 1;

sql [2022-01-07 16:51:25] [DEBUG]: Executing (default): SELECT `id`, `name`, `account`, `loginId`, `loginPwd`, `sex`, `birthday`, `mobile`, `job`, `limited`, `isFreezed`, `ident`, `loan`, `interest`, `company`, `cause`, `flag`, `createdAt`, `updatedAt`, `deletedAt` FROM `User_Is` AS `User_I` WHERE (`User_I`.`deletedAt` IS NULL) ORDER BY loan;

sql [2022-01-07 16:51:25] [DEBUG]: Executing (default): SELECT `id`, `name`, `account`, `loginId`, `loginPwd`, `sex`, `birthday`, `mobile`, `job`, `isFreezed`, `deposit`, `interest`, `flag`, `createdAt`, `updatedAt`, `deletedAt` FROM `User_IIs` AS `User_II` WHERE (`User_II`.`deletedAt` IS NULL) ORDER BY deposit;

sql [2022-01-07 16:51:29] [DEBUG]: Executing (default): SELECT `id`, `A`, `B`, `C`, `A_1`, `A_3`, `B_1`, `B_3`, `L_s`, `L_m`, `L_l`, `flag`, `createdAt`, `updatedAt`, `deletedAt` FROM `Rates` AS `Rate` WHERE (`Rate`.`deletedAt` IS NULL AND `Rate`.`id` = 1);

sql [2022-01-07 16:51:30] [DEBUG]: Executing (default): SELECT `id`, `name`, `bankId`, `corpus`, `flag`, `createdAt`, `updatedAt`, `deletedAt` FROM `Banks` AS `Bank` WHERE (`Bank`.`deletedAt` IS NULL AND `Bank`.`bankId` = 'cb1') LIMIT 1;

sql [2022-01-07 16:51:31] [DEBUG]: Executing (default): SELECT `id`, `name`, `account`, `loginId`, `loginPwd`, `sex`, `birthday`, `mobile`, `job`, `limited`, `isFreezed`, `ident`, `loan`, `interest`, `company`, `cause`, `flag`, `createdAt`, `updatedAt`, `deletedAt` FROM `User_Is` AS `User_I` WHERE (`User_I`.`deletedAt` IS NULL) ORDER BY loan;

sql [2022-01-07 16:51:31] [DEBUG]: Executing (default): SELECT `id`, `name`, `account`, `loginId`, `loginPwd`, `sex`, `birthday`, `mobile`, `job`, `isFreezed`, `deposit`, `interest`, `flag`, `createdAt`, `updatedAt`, `deletedAt` FROM `User_IIs` AS `User_II` WHERE (`User_II`.`deletedAt` IS NULL) ORDER BY deposit;

sql [2022-01-07 17:21:26] [DEBUG]: Executing (default): SELECT `id`, `A`, `B`, `C`, `A_1`, `A_3`, `B_1`, `B_3`, `L_s`, `L_m`, `L_l`, `flag`, `createdAt`, `updatedAt`, `deletedAt` FROM `Rates` AS `Rate` WHERE (`Rate`.`deletedAt` IS NULL AND `Rate`.`id` = 1);

sql [2022-01-07 17:21:27] [DEBUG]: Executing (default): SELECT `id`, `name`, `bankId`, `corpus`, `flag`, `createdAt`, `updatedAt`, `deletedAt` FROM `Banks` AS `Bank` WHERE (`Bank`.`deletedAt` IS NULL AND `Bank`.`bankId` = 'cb1') LIMIT 1;

sql [2022-01-07 17:21:28] [DEBUG]: Executing (default): SELECT `id`, `name`, `account`, `loginId`, `loginPwd`, `sex`, `birthday`, `mobile`, `job`, `limited`, `isFreezed`, `ident`, `loan`, `interest`, `company`, `cause`, `flag`, `createdAt`, `updatedAt`, `deletedAt` FROM `User_Is` AS `User_I` WHERE (`User_I`.`deletedAt` IS NULL) ORDER BY loan;

sql [2022-01-07 17:21:28] [DEBUG]: Executing (default): SELECT `id`, `name`, `account`, `loginId`, `loginPwd`, `sex`, `birthday`, `mobile`, `job`, `isFreezed`, `deposit`, `interest`, `flag`, `createdAt`, `updatedAt`, `deletedAt` FROM `User_IIs` AS `User_II` WHERE (`User_II`.`deletedAt` IS NULL) ORDER BY deposit;

sql [2022-01-07 17:25:54] [DEBUG]: Executing (default): SELECT `id`, `A`, `B`, `C`, `A_1`, `A_3`, `B_1`, `B_3`, `L_s`, `L_m`, `L_l`, `flag`, `createdAt`, `updatedAt`, `deletedAt` FROM `Rates` AS `Rate` WHERE (`Rate`.`deletedAt` IS NULL AND `Rate`.`id` = 1);

sql [2022-01-07 17:25:56] [DEBUG]: Executing (default): SELECT `id`, `name`, `bankId`, `corpus`, `flag`, `createdAt`, `updatedAt`, `deletedAt` FROM `Banks` AS `Bank` WHERE (`Bank`.`deletedAt` IS NULL AND `Bank`.`bankId` = 'cb1') LIMIT 1;

sql [2022-01-07 17:25:57] [DEBUG]: Executing (default): SELECT `id`, `name`, `account`, `loginId`, `loginPwd`, `sex`, `birthday`, `mobile`, `job`, `limited`, `isFreezed`, `ident`, `loan`, `interest`, `company`, `cause`, `flag`, `createdAt`, `updatedAt`, `deletedAt` FROM `User_Is` AS `User_I` WHERE (`User_I`.`deletedAt` IS NULL) ORDER BY loan;

sql [2022-01-07 17:25:57] [DEBUG]: Executing (default): SELECT `id`, `name`, `account`, `loginId`, `loginPwd`, `sex`, `birthday`, `mobile`, `job`, `isFreezed`, `deposit`, `interest`, `flag`, `createdAt`, `updatedAt`, `deletedAt` FROM `User_IIs` AS `User_II` WHERE (`User_II`.`deletedAt` IS NULL) ORDER BY deposit;

sql [2022-01-07 17:38:23] [DEBUG]: Executing (default): SELECT `id`, `A`, `B`, `C`, `A_1`, `A_3`, `B_1`, `B_3`, `L_s`, `L_m`, `L_l`, `flag`, `createdAt`, `updatedAt`, `deletedAt` FROM `Rates` AS `Rate` WHERE (`Rate`.`deletedAt` IS NULL AND `Rate`.`id` = 1);

sql [2022-01-07 17:38:24] [DEBUG]: Executing (default): SELECT `id`, `name`, `bankId`, `corpus`, `flag`, `createdAt`, `updatedAt`, `deletedAt` FROM `Banks` AS `Bank` WHERE (`Bank`.`deletedAt` IS NULL AND `Bank`.`bankId` = 'cb1') LIMIT 1;

sql [2022-01-07 17:38:25] [DEBUG]: Executing (default): SELECT `id`, `name`, `account`, `loginId`, `loginPwd`, `sex`, `birthday`, `mobile`, `job`, `limited`, `isFreezed`, `ident`, `loan`, `interest`, `company`, `cause`, `flag`, `createdAt`, `updatedAt`, `deletedAt` FROM `User_Is` AS `User_I` WHERE (`User_I`.`deletedAt` IS NULL) ORDER BY loan;

sql [2022-01-07 17:38:25] [DEBUG]: Executing (default): SELECT `id`, `name`, `account`, `loginId`, `loginPwd`, `sex`, `birthday`, `mobile`, `job`, `isFreezed`, `deposit`, `interest`, `flag`, `createdAt`, `updatedAt`, `deletedAt` FROM `User_IIs` AS `User_II` WHERE (`User_II`.`deletedAt` IS NULL) ORDER BY deposit;

sql [2022-01-07 17:40:12] [DEBUG]: Executing (default): SELECT `id`, `A`, `B`, `C`, `A_1`, `A_3`, `B_1`, `B_3`, `L_s`, `L_m`, `L_l`, `flag`, `createdAt`, `updatedAt`, `deletedAt` FROM `Rates` AS `Rate` WHERE (`Rate`.`deletedAt` IS NULL AND `Rate`.`id` = 1);

sql [2022-01-07 17:40:13] [DEBUG]: Executing (default): SELECT `id`, `name`, `bankId`, `corpus`, `flag`, `createdAt`, `updatedAt`, `deletedAt` FROM `Banks` AS `Bank` WHERE (`Bank`.`deletedAt` IS NULL AND `Bank`.`bankId` = 'cb1') LIMIT 1;

sql [2022-01-07 17:40:14] [DEBUG]: Executing (default): SELECT `id`, `name`, `account`, `loginId`, `loginPwd`, `sex`, `birthday`, `mobile`, `job`, `limited`, `isFreezed`, `ident`, `loan`, `interest`, `company`, `cause`, `flag`, `createdAt`, `updatedAt`, `deletedAt` FROM `User_Is` AS `User_I` WHERE (`User_I`.`deletedAt` IS NULL) ORDER BY loan;

sql [2022-01-07 17:40:14] [DEBUG]: Executing (default): SELECT `id`, `name`, `account`, `loginId`, `loginPwd`, `sex`, `birthday`, `mobile`, `job`, `isFreezed`, `deposit`, `interest`, `flag`, `createdAt`, `updatedAt`, `deletedAt` FROM `User_IIs` AS `User_II` WHERE (`User_II`.`deletedAt` IS NULL) ORDER BY deposit;

sql [2022-01-07 17:41:14] [DEBUG]: Executing (default): SELECT `id`, `A`, `B`, `C`, `A_1`, `A_3`, `B_1`, `B_3`, `L_s`, `L_m`, `L_l`, `flag`, `createdAt`, `updatedAt`, `deletedAt` FROM `Rates` AS `Rate` WHERE (`Rate`.`deletedAt` IS NULL AND `Rate`.`id` = 1);

sql [2022-01-07 17:41:15] [DEBUG]: Executing (default): SELECT `id`, `name`, `bankId`, `corpus`, `flag`, `createdAt`, `updatedAt`, `deletedAt` FROM `Banks` AS `Bank` WHERE (`Bank`.`deletedAt` IS NULL AND `Bank`.`bankId` = 'cb1') LIMIT 1;

sql [2022-01-07 17:41:16] [DEBUG]: Executing (default): SELECT `id`, `name`, `account`, `loginId`, `loginPwd`, `sex`, `birthday`, `mobile`, `job`, `limited`, `isFreezed`, `ident`, `loan`, `interest`, `company`, `cause`, `flag`, `createdAt`, `updatedAt`, `deletedAt` FROM `User_Is` AS `User_I` WHERE (`User_I`.`deletedAt` IS NULL) ORDER BY loan;

sql [2022-01-07 17:41:16] [DEBUG]: Executing (default): SELECT `id`, `name`, `account`, `loginId`, `loginPwd`, `sex`, `birthday`, `mobile`, `job`, `isFreezed`, `deposit`, `interest`, `flag`, `createdAt`, `updatedAt`, `deletedAt` FROM `User_IIs` AS `User_II` WHERE (`User_II`.`deletedAt` IS NULL) ORDER BY deposit;

sql [2022-01-07 17:47:43] [DEBUG]: Executing (default): SELECT `id`, `A`, `B`, `C`, `A_1`, `A_3`, `B_1`, `B_3`, `L_s`, `L_m`, `L_l`, `flag`, `createdAt`, `updatedAt`, `deletedAt` FROM `Rates` AS `Rate` WHERE (`Rate`.`deletedAt` IS NULL AND `Rate`.`id` = 1);

sql [2022-01-07 17:47:44] [DEBUG]: Executing (default): SELECT `id`, `name`, `bankId`, `corpus`, `flag`, `createdAt`, `updatedAt`, `deletedAt` FROM `Banks` AS `Bank` WHERE (`Bank`.`deletedAt` IS NULL AND `Bank`.`bankId` = 'cb1') LIMIT 1;

sql [2022-01-07 17:47:45] [DEBUG]: Executing (default): SELECT `id`, `name`, `account`, `loginId`, `loginPwd`, `sex`, `birthday`, `mobile`, `job`, `limited`, `isFreezed`, `ident`, `loan`, `interest`, `company`, `cause`, `flag`, `createdAt`, `updatedAt`, `deletedAt` FROM `User_Is` AS `User_I` WHERE (`User_I`.`deletedAt` IS NULL) ORDER BY loan;

sql [2022-01-07 17:47:45] [DEBUG]: Executing (default): SELECT `id`, `name`, `account`, `loginId`, `loginPwd`, `sex`, `birthday`, `mobile`, `job`, `isFreezed`, `deposit`, `interest`, `flag`, `createdAt`, `updatedAt`, `deletedAt` FROM `User_IIs` AS `User_II` WHERE (`User_II`.`deletedAt` IS NULL) ORDER BY deposit;

sql [2022-01-07 17:49:12] [DEBUG]: Executing (default): SELECT `id`, `A`, `B`, `C`, `A_1`, `A_3`, `B_1`, `B_3`, `L_s`, `L_m`, `L_l`, `flag`, `createdAt`, `updatedAt`, `deletedAt` FROM `Rates` AS `Rate` WHERE (`Rate`.`deletedAt` IS NULL AND `Rate`.`id` = 1);

sql [2022-01-07 17:49:13] [DEBUG]: Executing (default): SELECT `id`, `name`, `bankId`, `corpus`, `flag`, `createdAt`, `updatedAt`, `deletedAt` FROM `Banks` AS `Bank` WHERE (`Bank`.`deletedAt` IS NULL AND `Bank`.`bankId` = 'cb1') LIMIT 1;

sql [2022-01-07 17:49:14] [DEBUG]: Executing (default): SELECT `id`, `name`, `account`, `loginId`, `loginPwd`, `sex`, `birthday`, `mobile`, `job`, `limited`, `isFreezed`, `ident`, `loan`, `interest`, `company`, `cause`, `flag`, `createdAt`, `updatedAt`, `deletedAt` FROM `User_Is` AS `User_I` WHERE (`User_I`.`deletedAt` IS NULL) ORDER BY loan;

sql [2022-01-07 17:49:14] [DEBUG]: Executing (default): SELECT `id`, `name`, `account`, `loginId`, `loginPwd`, `sex`, `birthday`, `mobile`, `job`, `isFreezed`, `deposit`, `interest`, `flag`, `createdAt`, `updatedAt`, `deletedAt` FROM `User_IIs` AS `User_II` WHERE (`User_II`.`deletedAt` IS NULL) ORDER BY deposit;

